#
# A fatal error has been detected by the Java Runtime Environment:
#
#  SIGBUS (0x7) at pc=0x00007f19e4306aba, pid=3432, tid=139748103505664
#
# JRE version: Java(TM) SE Runtime Environment (8.0_74-b02) (build 1.8.0_74-b02)
# Java VM: Java HotSpot(TM) 64-Bit Server VM (25.74-b02 mixed mode linux-amd64 compressed oops)
# Problematic frame:
# C  [ld-linux-x86-64.so.2+0x1baba]
#
# Failed to write core dump. Core dumps have been disabled. To enable core dumping, try "ulimit -c unlimited" before starting Java again
#
# If you would like to submit a bug report, please visit:
#   http://bugreport.java.com/bugreport/crash.jsp
# The crash happened outside the Java Virtual Machine in native code.
# See problematic frame for where to report the bug.
#

---------------  T H R E A D  ---------------

Current thread (0x00007f1960238000):  JavaThread "jME3 Main" [_thread_in_native, id=3505, stack(0x00007f19a4014000,0x00007f19a4115000)]

siginfo: si_signo: 7 (SIGBUS), si_code: 2 (BUS_ADRERR), si_addr: 0x00007f1942e2369c

Registers:
RAX=0x0000000000000000, RBX=0x00007f19a4111c90, RCX=0x0000000000000964, RDX=0x00007f1942e2369c
RSP=0x00007f19a4111c58, RBP=0x00007f19a4111ef0, RSI=0x0000000000000000, RDI=0x00007f1942e2369c
R8 =0x00007f1943da6cf8, R9 =0x00000000002a3000, R10=0x0000000000000003, R11=0x00007f1942e24000
R12=0x00007f1948054fb0, R13=0x00007f19a4111fc0, R14=0x0000000000000002, R15=0x00007f19a4111c60
RIP=0x00007f19e4306aba, EFLAGS=0x0000000000010212, CSGSFS=0x0000000000000033, ERR=0x0000000000000006
  TRAPNO=0x000000000000000e

Top of Stack: (sp=0x00007f19a4111c58)
0x00007f19a4111c58:   00007f19e42f1ddb 0000000000000000
0x00007f19a4111c68:   00000000002a3000 00000000002a2e02
0x00007f19a4111c78:   00000000002a2e02 0000000000000000
0x00007f19a4111c88:   0000004300000005 00000000004a3000
0x00007f19a4111c98:   00000000004bd000 00000000004bc69c
0x00007f19a4111ca8:   000000000143fcf8 00000000002a3000
0x00007f19a4111cb8:   0000007c00000003 00007f19c78037e0
0x00007f19a4111cc8:   00007f1960238000 00007f19a4113458
0x00007f19a4111cd8:   00007f19a411345c 00007f19c78037e0
0x00007f19a4111ce8:   00007f1948000020 00000000000004b9
0x00007f19a4111cf8:   00007f1948000020 0000000000000029
0x00007f19a4111d08:   0000000000000028 00007f1948054fb0
0x00007f19a4111d18:   0000000000000000 0000000000000029
0x00007f19a4111d28:   00007f19e396d4ae 0000000000000000
0x00007f19a4111d38:   00007f1948055750 0000000000000000
0x00007f19a4111d48:   00007f19e42f715c 00007f19a4111ee0
0x00007f19a4111d58:   00007f1948055750 0000000000000029
0x00007f19a4111d68:   00007f1948054f2f 00000002781f4580
0x00007f19a4111d78:   0000000000000029 00007f19781f4968
0x00007f19a4111d88:   0000000000000000 00007f19a4111ef0
0x00007f19a4111d98:   0000000000000002 0000000000000000
0x00007f19a4111da8:   000000000000007f 00007f19a4111f78
0x00007f19a4111db8:   00007f19e42f18f5 0000000790300770
0x00007f19a4111dc8:   0000000700000003 00000003902ffc90
0x00007f19a4111dd8:   00007f1943da6cf8 000000000143fcf8
0x00007f19a4111de8:   00007f1942e24000 00007f19a4111dc0
0x00007f19a4111df8:   00007f19a4111f78 0000007f012ffc00
0x00007f19a4111e08:   00007f1948055750 00007f1948054f70
0x00007f19a4111e18:   0000000000000006 00007f19e4510160
0x00007f19a4111e28:   0000000790300701 0000000000000802
0x00007f19a4111e38:   00000000007e0525 0000000000000001
0x00007f19a4111e48:   000003e8000081b4 00000000000003e8 

Instructions: (pc=0x00007f19e4306aba)
0x00007f19e4306a9a:   03 00 00 e9 02 ff ff ff 66 0f 1f 44 00 00 e8 13
0x00007f19e4306aaa:   06 00 00 eb 9b 90 48 89 d1 40 0f b6 c6 48 89 fa
0x00007f19e4306aba:   f3 aa 48 89 d0 c3 48 83 fa 20 73 7a f6 c2 01 74
0x00007f19e4306aca:   0b 0f b6 0e 88 0f 48 ff c6 48 ff c7 f6 c2 02 74 

Register to memory mapping:

RAX=0x0000000000000000 is an unknown value
RBX=0x00007f19a4111c90 is pointing into the stack for thread: 0x00007f1960238000
RCX=0x0000000000000964 is an unknown value
RDX=0x00007f1942e2369c is an unknown value
RSP=0x00007f19a4111c58 is pointing into the stack for thread: 0x00007f1960238000
RBP=0x00007f19a4111ef0 is pointing into the stack for thread: 0x00007f1960238000
RSI=0x0000000000000000 is an unknown value
RDI=0x00007f1942e2369c is an unknown value
R8 =0x00007f1943da6cf8 is an unknown value
R9 =0x00000000002a3000 is an unknown value
R10=0x0000000000000003 is an unknown value
R11=0x00007f1942e24000 is an unknown value
R12=0x00007f1948054fb0 is an unknown value
R13=0x00007f19a4111fc0 is pointing into the stack for thread: 0x00007f1960238000
R14=0x0000000000000002 is an unknown value
R15=0x00007f19a4111c60 is pointing into the stack for thread: 0x00007f1960238000


Stack: [0x00007f19a4014000,0x00007f19a4115000],  sp=0x00007f19a4111c58,  free space=1015k
Native frames: (J=compiled Java code, j=interpreted, Vv=VM code, C=native code)
C  [ld-linux-x86-64.so.2+0x1baba]
C  [ld-linux-x86-64.so.2+0x8ec0]

Java frames: (J=compiled Java code, j=interpreted, Vv=VM code)
j  java.lang.ClassLoader$NativeLibrary.load(Ljava/lang/String;Z)V+0
j  java.lang.ClassLoader.loadLibrary0(Ljava/lang/Class;Ljava/io/File;)Z+328
j  java.lang.ClassLoader.loadLibrary(Ljava/lang/Class;Ljava/lang/String;Z)V+48
j  java.lang.Runtime.load0(Ljava/lang/Class;Ljava/lang/String;)V+57
j  java.lang.System.load(Ljava/lang/String;)V+7
j  com.jme3.system.NativeLibraryLoader.loadNativeLibrary(Ljava/lang/String;Z)V+531
j  com.jme3.system.lwjgl.LwjglContext.loadNatives()V+59
j  com.jme3.system.lwjgl.LwjglAbstractDisplay.run()V+18
j  java.lang.Thread.run()V+11
v  ~StubRoutines::call_stub

---------------  P R O C E S S  ---------------

Java Threads: ( => current thread )
=>0x00007f1960238000 JavaThread "jME3 Main" [_thread_in_native, id=3505, stack(0x00007f19a4014000,0x00007f19a4115000)]
  0x00007f19dc009800 JavaThread "DestroyJavaVM" [_thread_blocked, id=3433, stack(0x00007f19e43e1000,0x00007f19e44e2000)]
  0x00007f19dc685000 JavaThread "AWT-EventQueue-0" [_thread_in_vm, id=3488, stack(0x00007f19b68f5000,0x00007f19b69f6000)]
  0x00007f19dc683800 JavaThread "AWT-Shutdown" [_thread_blocked, id=3487, stack(0x00007f19b69f6000,0x00007f19b6af7000)]
  0x00007f19dc67f000 JavaThread "AWT-XAWT" daemon [_thread_in_native, id=3483, stack(0x00007f19b6af7000,0x00007f19b6bf8000)]
  0x00007f19dc65b000 JavaThread "Java2D Disposer" daemon [_thread_blocked, id=3479, stack(0x00007f19b7008000,0x00007f19b7109000)]
  0x00007f19dc224800 JavaThread "Service Thread" daemon [_thread_blocked, id=3470, stack(0x00007f19c4efc000,0x00007f19c4ffd000)]
  0x00007f19dc20f800 JavaThread "C1 CompilerThread3" daemon [_thread_blocked, id=3469, stack(0x00007f19c4ffd000,0x00007f19c50fe000)]
  0x00007f19dc20d800 JavaThread "C2 CompilerThread2" daemon [_thread_blocked, id=3468, stack(0x00007f19c50fe000,0x00007f19c51ff000)]
  0x00007f19dc20b800 JavaThread "C2 CompilerThread1" daemon [_thread_blocked, id=3467, stack(0x00007f19c51ff000,0x00007f19c5300000)]
  0x00007f19dc208800 JavaThread "C2 CompilerThread0" daemon [_thread_blocked, id=3466, stack(0x00007f19c5300000,0x00007f19c5401000)]
  0x00007f19dc207000 JavaThread "Signal Dispatcher" daemon [_thread_blocked, id=3465, stack(0x00007f19c5401000,0x00007f19c5502000)]
  0x00007f19dc1d3800 JavaThread "Finalizer" daemon [_thread_blocked, id=3459, stack(0x00007f19c5be4000,0x00007f19c5ce5000)]
  0x00007f19dc1cf000 JavaThread "Reference Handler" daemon [_thread_blocked, id=3458, stack(0x00007f19c5ce5000,0x00007f19c5de6000)]

Other Threads:
  0x00007f19dc1c7000 VMThread [stack: 0x00007f19c5de6000,0x00007f19c5ee7000] [id=3449]
  0x00007f19dc22f800 WatcherThread [stack: 0x00007f19c4dfb000,0x00007f19c4efc000] [id=3471]

VM state:not at safepoint (normal execution)

VM Mutex/Monitor currently owned by a thread: None

Heap:
 PSYoungGen      total 74752K, used 23246K [0x000000076cd80000, 0x0000000772080000, 0x00000007c0000000)
  eden space 64512K, 36% used [0x000000076cd80000,0x000000076e433a18,0x0000000770c80000)
  from space 10240K, 0% used [0x0000000771680000,0x0000000771680000,0x0000000772080000)
  to   space 10240K, 0% used [0x0000000770c80000,0x0000000770c80000,0x0000000771680000)
 ParOldGen       total 171008K, used 0K [0x00000006c6800000, 0x00000006d0f00000, 0x000000076cd80000)
  object space 171008K, 0% used [0x00000006c6800000,0x00000006c6800000,0x00000006d0f00000)
 Metaspace       used 11424K, capacity 11586K, committed 11648K, reserved 1058816K
  class space    used 1280K, capacity 1346K, committed 1408K, reserved 1048576K

Card table byte_map: [0x00007f19e09da000,0x00007f19e11a7000] byte_map_base: 0x00007f19dd3a6000

Marking Bits: (ParMarkBitMap*) 0x00007f19e38be260
 Begin Bits: [0x00007f1990340000, 0x00007f19941a0000)
 End Bits:   [0x00007f19941a0000, 0x00007f1998000000)

Polling page: 0x00007f19e450b000

CodeCache: size=245760Kb used=2886Kb max_used=2886Kb free=242873Kb
 bounds [0x00007f19cd000000, 0x00007f19cd2e0000, 0x00007f19dc000000]
 total_blobs=1277 nmethods=751 adapters=440
 compilation: enabled

Compilation events (10 events):
Event: 0.679 Thread 0x00007f19dc20f800  739   !   3       java.util.zip.Inflater::inflate (113 bytes)
Event: 0.679 Thread 0x00007f19dc20f800 nmethod 739 0x00007f19cd2cc490 code [0x00007f19cd2cc660, 0x00007f19cd2cccd8]
Event: 0.680 Thread 0x00007f19dc20d800  741       4       java.lang.String::substring (79 bytes)
Event: 0.680 Thread 0x00007f19dc20f800  742       3       java.util.ArrayList$Itr::next (66 bytes)
Event: 0.681 Thread 0x00007f19dc20f800 nmethod 742 0x00007f19cd2cfed0 code [0x00007f19cd2d0080, 0x00007f19cd2d0528]
Event: 0.683 Thread 0x00007f19dc20d800 nmethod 741 0x00007f19cd2d3a90 code [0x00007f19cd2d3c00, 0x00007f19cd2d3ff8]
Event: 0.686 Thread 0x00007f19dc20f800  743       3       sun.misc.ASCIICaseInsensitiveComparator::toLower (16 bytes)
Event: 0.686 Thread 0x00007f19dc20f800 nmethod 743 0x00007f19cd2cc010 code [0x00007f19cd2cc180, 0x00007f19cd2cc3d0]
Event: 0.686 Thread 0x00007f19dc20f800  744       3       sun.misc.ASCIICaseInsensitiveComparator::isUpper (18 bytes)
Event: 0.686 Thread 0x00007f19dc20f800 nmethod 744 0x00007f19cd2cfb50 code [0x00007f19cd2cfcc0, 0x00007f19cd2cfe70]

GC Heap History (0 events):
No events

Deoptimization events (10 events):
Event: 0.541 Thread 0x00007f19dc685000 Uncommon trap: reason=bimorphic action=maybe_recompile pc=0x00007f19cd287f1c method=java.util.HashMap.putVal(ILjava/lang/Object;Ljava/lang/Object;ZZ)Ljava/lang/Object; @ 152
Event: 0.541 Thread 0x00007f19dc685000 Uncommon trap: reason=bimorphic action=maybe_recompile pc=0x00007f19cd28f9e8 method=java.util.HashMap.putVal(ILjava/lang/Object;Ljava/lang/Object;ZZ)Ljava/lang/Object; @ 152
Event: 0.556 Thread 0x00007f19dc685000 Uncommon trap: reason=unstable_if action=reinterpret pc=0x00007f19cd206b78 method=java.lang.AbstractStringBuilder.append(Ljava/lang/String;)Ljava/lang/AbstractStringBuilder; @ 1
Event: 0.556 Thread 0x00007f19dc685000 Uncommon trap: reason=unstable_if action=reinterpret pc=0x00007f19cd2047ec method=java.lang.AbstractStringBuilder.append(Ljava/lang/String;)Ljava/lang/AbstractStringBuilder; @ 1
Event: 0.575 Thread 0x00007f19dc685000 Uncommon trap: reason=class_check action=maybe_recompile pc=0x00007f19cd291278 method=java.util.HashMap.putVal(ILjava/lang/Object;Ljava/lang/Object;ZZ)Ljava/lang/Object; @ 253
Event: 0.575 Thread 0x00007f19dc685000 Uncommon trap: reason=class_check action=maybe_recompile pc=0x00007f19cd291310 method=java.util.HashMap.putVal(ILjava/lang/Object;Ljava/lang/Object;ZZ)Ljava/lang/Object; @ 203
Event: 0.575 Thread 0x00007f19dc685000 Uncommon trap: reason=class_check action=maybe_recompile pc=0x00007f19cd291278 method=java.util.HashMap.putVal(ILjava/lang/Object;Ljava/lang/Object;ZZ)Ljava/lang/Object; @ 253
Event: 0.576 Thread 0x00007f19dc685000 Uncommon trap: reason=class_check action=maybe_recompile pc=0x00007f19cd291278 method=java.util.HashMap.putVal(ILjava/lang/Object;Ljava/lang/Object;ZZ)Ljava/lang/Object; @ 253
Event: 0.576 Thread 0x00007f19dc685000 Uncommon trap: reason=class_check action=maybe_recompile pc=0x00007f19cd292eb0 method=java.util.HashMap.putVal(ILjava/lang/Object;Ljava/lang/Object;ZZ)Ljava/lang/Object; @ 253
Event: 0.641 Thread 0x00007f1960238000 Uncommon trap: reason=unstable_if action=reinterpret pc=0x00007f19cd2028e0 method=java.util.Properties.loadConvert([CII[C)Ljava/lang/String; @ 57

Internal exceptions (10 events):
Event: 0.143 Thread 0x00007f19dc009800 Exception <a 'java/security/PrivilegedActionException'> (0x000000076d1734c8) thrown at [/HUDSON3/workspace/8-2-build-linux-amd64/jdk8u74/6087/hotspot/src/share/vm/prims/jvm.cpp, line 1386]
Event: 0.143 Thread 0x00007f19dc009800 Exception <a 'java/security/PrivilegedActionException'> (0x000000076d1736d8) thrown at [/HUDSON3/workspace/8-2-build-linux-amd64/jdk8u74/6087/hotspot/src/share/vm/prims/jvm.cpp, line 1386]
Event: 0.143 Thread 0x00007f19dc009800 Exception <a 'java/security/PrivilegedActionException'> (0x000000076d175b18) thrown at [/HUDSON3/workspace/8-2-build-linux-amd64/jdk8u74/6087/hotspot/src/share/vm/prims/jvm.cpp, line 1386]
Event: 0.143 Thread 0x00007f19dc009800 Exception <a 'java/security/PrivilegedActionException'> (0x000000076d175d28) thrown at [/HUDSON3/workspace/8-2-build-linux-amd64/jdk8u74/6087/hotspot/src/share/vm/prims/jvm.cpp, line 1386]
Event: 0.190 Thread 0x00007f19dc009800 Exception <a 'java/lang/NoSuchFieldError': method resolution failed> (0x000000076d241858) thrown at [/HUDSON3/workspace/8-2-build-linux-amd64/jdk8u74/6087/hotspot/src/share/vm/prims/methodHandles.cpp, line 1146]
Event: 0.208 Thread 0x00007f19dc009800 Exception <a 'java/lang/NoSuchFieldError': method resolution failed> (0x000000076d24f028) thrown at [/HUDSON3/workspace/8-2-build-linux-amd64/jdk8u74/6087/hotspot/src/share/vm/prims/methodHandles.cpp, line 1146]
Event: 0.230 Thread 0x00007f19dc009800 Exception <a 'java/io/FileNotFoundException'> (0x000000076d2cf468) thrown at [/HUDSON3/workspace/8-2-build-linux-amd64/jdk8u74/6087/hotspot/src/share/vm/prims/jni.cpp, line 709]
Event: 0.230 Thread 0x00007f19dc009800 Exception <a 'java/io/FileNotFoundException'> (0x000000076d2cfe38) thrown at [/HUDSON3/workspace/8-2-build-linux-amd64/jdk8u74/6087/hotspot/src/share/vm/prims/jni.cpp, line 709]
Event: 0.556 Thread 0x00007f19dc685000 Implicit null exception at 0x00007f19cd2067f5 to 0x00007f19cd206b65
Event: 0.556 Thread 0x00007f19dc685000 Implicit null exception at 0x00007f19cd204475 to 0x00007f19cd2047d9

Events (10 events):
Event: 0.677 loading class sun/awt/X11/XInputMethod
Event: 0.677 loading class sun/awt/X11InputMethod
Event: 0.677 loading class sun/awt/im/InputMethodAdapter
Event: 0.678 loading class java/awt/im/spi/InputMethod
Event: 0.678 loading class java/awt/im/spi/InputMethod done
Event: 0.678 loading class sun/awt/im/InputMethodAdapter done
Event: 0.678 loading class sun/awt/X11InputMethod done
Event: 0.678 loading class sun/awt/X11/XInputMethod done
Event: 0.685 loading class com/jme3/bullet/util/NativeMeshUtil
Event: 0.685 loading class com/jme3/bullet/util/NativeMeshUtil done


Dynamic libraries:
00400000-00401000 r-xp 00000000 08:02 13128997                           /usr/lib/jvm/java-8-oracle/jre/bin/java
00600000-00601000 rw-p 00000000 08:02 13128997                           /usr/lib/jvm/java-8-oracle/jre/bin/java
01709000-0172a000 rw-p 00000000 00:00 0                                  [heap]
6c6800000-6d0f00000 rw-p 00000000 00:00 0 
6d0f00000-76cd80000 ---p 00000000 00:00 0 
76cd80000-772080000 rw-p 00000000 00:00 0 
772080000-7c0000000 ---p 00000000 00:00 0 
7c0000000-7c0160000 rw-p 00000000 00:00 0 
7c0160000-800000000 ---p 00000000 00:00 0 
7f1942967000-7f1942c0a000 r-xp 00000000 08:02 8258853                    /home/jojolepro/Prog/B2L/libbulletjme.so
7f1942c0a000-7f1942e0a000 ---p 002a3000 08:02 8258853                    /home/jojolepro/Prog/B2L/libbulletjme.so
7f1942e0a000-7f1942e24000 rw-p 002a3000 08:02 8258853                    /home/jojolepro/Prog/B2L/libbulletjme.so
7f1942e24000-7f1943da7000 r-xp 004bd000 08:02 8258853                    /home/jojolepro/Prog/B2L/libbulletjme.so
7f1943da7000-7f1943dfc000 r-xp 00000000 08:02 8258847                    /home/jojolepro/Prog/B2L/libopenal64.so
7f1943dfc000-7f1943ffb000 ---p 00055000 08:02 8258847                    /home/jojolepro/Prog/B2L/libopenal64.so
7f1943ffb000-7f1943ffe000 r--p 00054000 08:02 8258847                    /home/jojolepro/Prog/B2L/libopenal64.so
7f1943ffe000-7f1943fff000 rw-p 00057000 08:02 8258847                    /home/jojolepro/Prog/B2L/libopenal64.so
7f1943fff000-7f1944000000 rw-p 00000000 00:00 0 
7f1944000000-7f1944022000 rw-p 00000000 00:00 0 
7f1944022000-7f1948000000 ---p 00000000 00:00 0 
7f1948000000-7f1948062000 rw-p 00000000 00:00 0 
7f1948062000-7f194c000000 ---p 00000000 00:00 0 
7f194c000000-7f194c022000 rw-p 00000000 00:00 0 
7f194c022000-7f1950000000 ---p 00000000 00:00 0 
7f1950000000-7f1950022000 rw-p 00000000 00:00 0 
7f1950022000-7f1954000000 ---p 00000000 00:00 0 
7f1954000000-7f1954021000 rw-p 00000000 00:00 0 
7f1954021000-7f1958000000 ---p 00000000 00:00 0 
7f1958000000-7f1958021000 rw-p 00000000 00:00 0 
7f1958021000-7f195c000000 ---p 00000000 00:00 0 
7f195c000000-7f195c021000 rw-p 00000000 00:00 0 
7f195c021000-7f1960000000 ---p 00000000 00:00 0 
7f1960000000-7f19603ec000 rw-p 00000000 00:00 0 
7f19603ec000-7f1964000000 ---p 00000000 00:00 0 
7f1964000000-7f1964021000 rw-p 00000000 00:00 0 
7f1964021000-7f1968000000 ---p 00000000 00:00 0 
7f1968000000-7f1968021000 rw-p 00000000 00:00 0 
7f1968021000-7f196c000000 ---p 00000000 00:00 0 
7f196c000000-7f196c021000 rw-p 00000000 00:00 0 
7f196c021000-7f1970000000 ---p 00000000 00:00 0 
7f1970000000-7f1970021000 rw-p 00000000 00:00 0 
7f1970021000-7f1974000000 ---p 00000000 00:00 0 
7f1974000000-7f1974118000 rw-p 00000000 00:00 0 
7f1974118000-7f1978000000 ---p 00000000 00:00 0 
7f1978000000-7f197821d000 rw-p 00000000 00:00 0 
7f197821d000-7f197c000000 ---p 00000000 00:00 0 
7f197c000000-7f197c102000 rw-p 00000000 00:00 0 
7f197c102000-7f1980000000 ---p 00000000 00:00 0 
7f1980000000-7f1980149000 rw-p 00000000 00:00 0 
7f1980149000-7f1984000000 ---p 00000000 00:00 0 
7f1984000000-7f1984021000 rw-p 00000000 00:00 0 
7f1984021000-7f1988000000 ---p 00000000 00:00 0 
7f1988000000-7f1988021000 rw-p 00000000 00:00 0 
7f1988021000-7f198c000000 ---p 00000000 00:00 0 
7f198c000000-7f198c021000 rw-p 00000000 00:00 0 
7f198c021000-7f1990000000 ---p 00000000 00:00 0 
7f1990140000-7f1998000000 rw-p 00000000 00:00 0 
7f1998000000-7f1998021000 rw-p 00000000 00:00 0 
7f1998021000-7f199c000000 ---p 00000000 00:00 0 
7f199c000000-7f199c021000 rw-p 00000000 00:00 0 
7f199c021000-7f19a0000000 ---p 00000000 00:00 0 
7f19a0000000-7f19a0021000 rw-p 00000000 00:00 0 
7f19a0021000-7f19a4000000 ---p 00000000 00:00 0 
7f19a4014000-7f19a4017000 ---p 00000000 00:00 0 
7f19a4017000-7f19a4115000 rw-p 00000000 00:00 0                          [stack:3505]
7f19a4115000-7f19a4116000 ---p 00000000 00:00 0 
7f19a4116000-7f19a4916000 rw-p 00000000 00:00 0                          [stack:3502]
7f19a4916000-7f19a4917000 ---p 00000000 00:00 0 
7f19a4917000-7f19a5117000 rw-p 00000000 00:00 0                          [stack:3501]
7f19a5117000-7f19a5134000 r-xp 00000000 08:02 7078232                    /lib/x86_64-linux-gnu/libudev.so.1.6.4
7f19a5134000-7f19a5135000 r--p 0001c000 08:02 7078232                    /lib/x86_64-linux-gnu/libudev.so.1.6.4
7f19a5135000-7f19a5136000 rw-p 0001d000 08:02 7078232                    /lib/x86_64-linux-gnu/libudev.so.1.6.4
7f19a5136000-7f19a516b000 r-xp 00000000 08:02 13239514                   /usr/lib/x86_64-linux-gnu/gvfs/libgvfscommon.so
7f19a516b000-7f19a536b000 ---p 00035000 08:02 13239514                   /usr/lib/x86_64-linux-gnu/gvfs/libgvfscommon.so
7f19a536b000-7f19a5370000 r--p 00035000 08:02 13239514                   /usr/lib/x86_64-linux-gnu/gvfs/libgvfscommon.so
7f19a5370000-7f19a5371000 rw-p 0003a000 08:02 13239514                   /usr/lib/x86_64-linux-gnu/gvfs/libgvfscommon.so
7f19a5371000-7f19a53a1000 r-xp 00000000 08:02 13370555                   /usr/lib/x86_64-linux-gnu/gio/modules/libgvfsdbus.so
7f19a53a1000-7f19a55a1000 ---p 00030000 08:02 13370555                   /usr/lib/x86_64-linux-gnu/gio/modules/libgvfsdbus.so
7f19a55a1000-7f19a55a2000 r--p 00030000 08:02 13370555                   /usr/lib/x86_64-linux-gnu/gio/modules/libgvfsdbus.so
7f19a55a2000-7f19a55a3000 rw-p 00031000 08:02 13370555                   /usr/lib/x86_64-linux-gnu/gio/modules/libgvfsdbus.so
7f19a55a3000-7f19a55a4000 rw-p 00000000 00:00 0 
7f19a55a4000-7f19a55fc000 r-xp 00000000 08:02 12984773                   /usr/lib/x86_64-linux-gnu/libibus-1.0.so.5.0.510
7f19a55fc000-7f19a57fc000 ---p 00058000 08:02 12984773                   /usr/lib/x86_64-linux-gnu/libibus-1.0.so.5.0.510
7f19a57fc000-7f19a57fe000 r--p 00058000 08:02 12984773                   /usr/lib/x86_64-linux-gnu/libibus-1.0.so.5.0.510
7f19a57fe000-7f19a57ff000 rw-p 0005a000 08:02 12984773                   /usr/lib/x86_64-linux-gnu/libibus-1.0.so.5.0.510
7f19a57ff000-7f19a5800000 rw-p 00000000 00:00 0 
7f19a5826000-7f19a582c000 r-xp 00000000 08:02 13372266                   /usr/lib/x86_64-linux-gnu/gtk-2.0/2.10.0/immodules/im-ibus.so
7f19a582c000-7f19a5a2c000 ---p 00006000 08:02 13372266                   /usr/lib/x86_64-linux-gnu/gtk-2.0/2.10.0/immodules/im-ibus.so
7f19a5a2c000-7f19a5a2d000 r--p 00006000 08:02 13372266                   /usr/lib/x86_64-linux-gnu/gtk-2.0/2.10.0/immodules/im-ibus.so
7f19a5a2d000-7f19a5a2e000 rw-p 00007000 08:02 13372266                   /usr/lib/x86_64-linux-gnu/gtk-2.0/2.10.0/immodules/im-ibus.so
7f19a5a2e000-7f19a5ae7000 r--p 00000000 08:02 14026474                   /usr/share/fonts/truetype/dejavu/DejaVuSans.ttf
7f19a5ae7000-7f19a5b3b000 r--p 00000000 08:02 14026476                   /usr/share/fonts/truetype/dejavu/DejaVuSansMono.ttf
7f19a5b3b000-7f19a5b92000 r--p 00000000 08:02 14025287                   /usr/share/fonts/truetype/ubuntu-font-family/Ubuntu-R.ttf
7f19a5b92000-7f19a5bab000 r--s 00000000 08:02 14027630                   /usr/share/fonts/type1/gsfonts/n022004l.pfb
7f19a5bab000-7f19a5bbb000 r--s 00000000 08:02 14027552                   /usr/share/fonts/type1/gsfonts/a010013l.pfb
7f19a5bbb000-7f19a5bce000 r--s 00000000 08:02 14027567                   /usr/share/fonts/type1/gsfonts/b018015l.pfb
7f19a5bce000-7f19a5bde000 r--s 00000000 08:02 14027555                   /usr/share/fonts/type1/gsfonts/a010015l.pfb
7f19a5bde000-7f19a5be8000 r--s 00000000 08:02 14026922                   /usr/share/fonts/X11/Type1/c0582bt_.pfb
7f19a5be8000-7f19a5bfe000 r--s 00000000 08:02 14027633                   /usr/share/fonts/type1/gsfonts/n022023l.pfb
7f19a5bfe000-7f19a5c14000 r--s 00000000 08:02 14027636                   /usr/share/fonts/type1/gsfonts/n022024l.pfb
7f19a5c14000-7f19a5c2c000 r--s 00000000 08:02 14027627                   /usr/share/fonts/type1/gsfonts/n022003l.pfb
7f19a5c2c000-7f19a5c46000 r--s 00000000 08:02 14027576                   /usr/share/fonts/type1/gsfonts/c059013l.pfb
7f19a5c46000-7f19a5c5b000 r--s 00000000 08:02 14027570                   /usr/share/fonts/type1/gsfonts/b018032l.pfb
7f19a5c5b000-7f19a5c74000 r--s 00000000 08:02 14027564                   /usr/share/fonts/type1/gsfonts/b018012l.pfb
7f19a5c74000-7f19a5c84000 r--s 00000000 08:02 14027558                   /usr/share/fonts/type1/gsfonts/a010033l.pfb
7f19a5c84000-7f19a5c8d000 r--s 00000000 08:02 14026912                   /usr/share/fonts/X11/Type1/c0649bt_.pfb
7f19a5c8d000-7f19a5ca8000 r--s 00000000 08:02 14027639                   /usr/share/fonts/type1/gsfonts/p052003l.pfb
7f19a5ca8000-7f19a5cb4000 r--s 00000000 08:02 14027588                   /usr/share/fonts/type1/gsfonts/d050000l.pfb
7f19a5cb4000-7f19a5ccb000 r--s 00000000 08:02 14027654                   /usr/share/fonts/type1/gsfonts/z003034l.pfb
7f19a5ccb000-7f19a5cdc000 r--s 00000000 08:02 14027561                   /usr/share/fonts/type1/gsfonts/a010035l.pfb
7f19a5cdc000-7f19a5ce5000 r--s 00000000 08:02 14027651                   /usr/share/fonts/type1/gsfonts/s050000l.pfb
7f19a5ce5000-7f19a5cf7000 r--s 00000000 08:02 14027606                   /usr/share/fonts/type1/gsfonts/n019044l.pfb
7f19a5cf7000-7f19a5d0d000 r--s 00000000 08:02 14027624                   /usr/share/fonts/type1/gsfonts/n021024l.pfb
7f19a5d0d000-7f19a5d26000 r--s 00000000 08:02 14027618                   /usr/share/fonts/type1/gsfonts/n021004l.pfb
7f19a5d26000-7f19a5d30000 r--s 00000000 08:02 14026918                   /usr/share/fonts/X11/Type1/c0611bt_.pfb
7f19a5d30000-7f19a5d42000 r--s 00000000 08:02 14027573                   /usr/share/fonts/type1/gsfonts/b018035l.pfb
7f19a5d42000-7f19a5d56000 r--s 00000000 08:02 14027591                   /usr/share/fonts/type1/gsfonts/n019003l.pfb
7f19a5d56000-7f19a5d5f000 r--s 00000000 08:02 14026259                   /usr/share/fonts/X11/Type1/c0633bt_.pfb
7f19a5d5f000-7f19a5d70000 r--s 00000000 08:02 14027609                   /usr/share/fonts/type1/gsfonts/n019063l.pfb
7f19a5d70000-7f19a5d7a000 r--s 00000000 08:02 14026916                   /usr/share/fonts/X11/Type1/c0583bt_.pfb
7f19a5d7a000-7f19a5d84000 r--s 00000000 08:02 14026923                   /usr/share/fonts/X11/Type1/c0419bt_.pfb
7f19a5d84000-7f19a5d9f000 r--s 00000000 08:02 14027579                   /usr/share/fonts/type1/gsfonts/c059016l.pfb
7f19a5d9f000-7f19a5db7000 r--s 00000000 08:02 14027582                   /usr/share/fonts/type1/gsfonts/c059033l.pfb
7f19a5db7000-7f19a5dcf000 r--s 00000000 08:02 14027585                   /usr/share/fonts/type1/gsfonts/c059036l.pfb
7f19a5dcf000-7f19a5de2000 r--s 00000000 08:02 14027612                   /usr/share/fonts/type1/gsfonts/n019064l.pfb
7f19a5de2000-7f19a5dfd000 r--s 00000000 08:02 14027645                   /usr/share/fonts/type1/gsfonts/p052023l.pfb
7f19a5dfd000-7f19a5e16000 r--s 00000000 08:02 14027615                   /usr/share/fonts/type1/gsfonts/n021003l.pfb
7f19a5e16000-7f19a5e2d000 r--s 00000000 08:02 14027621                   /usr/share/fonts/type1/gsfonts/n021023l.pfb
7f19a5e2d000-7f19a5e36000 r--s 00000000 08:02 14026921                   /usr/share/fonts/X11/Type1/c0632bt_.pfb
7f19a5e36000-7f19a5e51000 r--s 00000000 08:02 14027642                   /usr/share/fonts/type1/gsfonts/p052004l.pfb
7f19a5e51000-7f19a5e5a000 r--s 00000000 08:02 14026915                   /usr/share/fonts/X11/Type1/c0648bt_.pfb
7f19a5e5a000-7f19a5e6c000 r--s 00000000 08:02 14027594                   /usr/share/fonts/type1/gsfonts/n019004l.pfb
7f19a5e6c000-7f19a5e88000 r--s 00000000 08:02 14027648                   /usr/share/fonts/type1/gsfonts/p052024l.pfb
7f19a5e88000-7f19a5e9a000 r--s 00000000 08:02 14027603                   /usr/share/fonts/type1/gsfonts/n019043l.pfb
7f19a5e9a000-7f19a5eab000 r--s 00000000 08:02 14027597                   /usr/share/fonts/type1/gsfonts/n019023l.pfb
7f19a5eab000-7f19a5ebc000 r--s 00000000 08:02 14027600                   /usr/share/fonts/type1/gsfonts/n019024l.pfb
7f19a5ebc000-7f19a5ec7000 r--s 00000000 08:02 4980827                    /var/cache/fontconfig/945677eb7aeaf62f1d50efc3fb3ec7d8-le64.cache-4
7f19a5ec7000-7f19a5ed8000 r-xp 00000000 08:02 13128826                   /usr/lib/jvm/java-8-oracle/jre/lib/amd64/libnio.so
7f19a5ed8000-7f19a60d7000 ---p 00011000 08:02 13128826                   /usr/lib/jvm/java-8-oracle/jre/lib/amd64/libnio.so
7f19a60d7000-7f19a60d8000 rw-p 00010000 08:02 13128826                   /usr/lib/jvm/java-8-oracle/jre/lib/amd64/libnio.so
7f19a60d8000-7f19a63d9000 rw-p 00000000 00:00 0 
7f19a63d9000-7f19a63ef000 r-xp 00000000 08:02 13128803                   /usr/lib/jvm/java-8-oracle/jre/lib/amd64/libnet.so
7f19a63ef000-7f19a65ef000 ---p 00016000 08:02 13128803                   /usr/lib/jvm/java-8-oracle/jre/lib/amd64/libnet.so
7f19a65ef000-7f19a65f0000 rw-p 00016000 08:02 13128803                   /usr/lib/jvm/java-8-oracle/jre/lib/amd64/libnet.so
7f19a65f0000-7f19a65f1000 ---p 00000000 00:00 0 
7f19a65f1000-7f19a6df1000 rw-p 00000000 00:00 0                          [stack:3498]
7f19a6df1000-7f19a6df2000 ---p 00000000 00:00 0 
7f19a6df2000-7f19a75f2000 rw-p 00000000 00:00 0                          [stack:3497]
7f19a75f2000-7f19a75f3000 ---p 00000000 00:00 0 
7f19a75f3000-7f19a7df3000 rw-p 00000000 00:00 0                          [stack:3494]
7f19a7df3000-7f19a7dfe000 r-xp 00000000 08:02 13370412                   /usr/lib/x86_64-linux-gnu/gio/modules/libdconfsettings.so
7f19a7dfe000-7f19a7ffe000 ---p 0000b000 08:02 13370412                   /usr/lib/x86_64-linux-gnu/gio/modules/libdconfsettings.so
7f19a7ffe000-7f19a7fff000 r--p 0000b000 08:02 13370412                   /usr/lib/x86_64-linux-gnu/gio/modules/libdconfsettings.so
7f19a7fff000-7f19a8000000 rw-p 0000c000 08:02 13370412                   /usr/lib/x86_64-linux-gnu/gio/modules/libdconfsettings.so
7f19a8000000-7f19a8021000 rw-p 00000000 00:00 0 
7f19a8021000-7f19ac000000 ---p 00000000 00:00 0 
7f19ac001000-7f19ac002000 rw-p 00000000 00:00 0 
7f19ac002000-7f19ac004000 r--s 00000000 08:02 4992738                    /var/cache/fontconfig/99e8ed0e538f840c565b6ed5dad60d56-le64.cache-4
7f19ac004000-7f19ac00d000 r--s 00000000 08:02 4992737                    /var/cache/fontconfig/a6d8cf8e4ec09cdbc8633c31745a07dd-le64.cache-4
7f19ac00d000-7f19ac013000 r--s 00000000 08:02 4984589                    /var/cache/fontconfig/2cd17615ca594fa2959ae173292e504c-le64.cache-4
7f19ac013000-7f19ac014000 r--s 00000000 08:02 4980809                    /var/cache/fontconfig/0d8c3b2ac0904cb8a57a757ad11a4a08-le64.cache-4
7f19ac014000-7f19ac01b000 r--s 00000000 08:02 4980831                    /var/cache/fontconfig/a755afe4a08bf5b97852ceb7400b47bc-le64.cache-4
7f19ac01b000-7f19ac022000 r-xp 00000000 08:02 12985149                   /usr/lib/x86_64-linux-gnu/libogg.so.0.8.2
7f19ac022000-7f19ac222000 ---p 00007000 08:02 12985149                   /usr/lib/x86_64-linux-gnu/libogg.so.0.8.2
7f19ac222000-7f19ac223000 r--p 00007000 08:02 12985149                   /usr/lib/x86_64-linux-gnu/libogg.so.0.8.2
7f19ac223000-7f19ac224000 rw-p 00008000 08:02 12985149                   /usr/lib/x86_64-linux-gnu/libogg.so.0.8.2
7f19ac224000-7f19ac24f000 r-xp 00000000 08:02 12985451                   /usr/lib/x86_64-linux-gnu/libvorbis.so.0.4.7
7f19ac24f000-7f19ac44e000 ---p 0002b000 08:02 12985451                   /usr/lib/x86_64-linux-gnu/libvorbis.so.0.4.7
7f19ac44e000-7f19ac44f000 r--p 0002a000 08:02 12985451                   /usr/lib/x86_64-linux-gnu/libvorbis.so.0.4.7
7f19ac44f000-7f19ac450000 rw-p 0002b000 08:02 12985451                   /usr/lib/x86_64-linux-gnu/libvorbis.so.0.4.7
7f19ac450000-7f19ac459000 r-xp 00000000 08:02 12985044                   /usr/lib/x86_64-linux-gnu/libltdl.so.7.3.0
7f19ac459000-7f19ac658000 ---p 00009000 08:02 12985044                   /usr/lib/x86_64-linux-gnu/libltdl.so.7.3.0
7f19ac658000-7f19ac659000 r--p 00008000 08:02 12985044                   /usr/lib/x86_64-linux-gnu/libltdl.so.7.3.0
7f19ac659000-7f19ac65a000 rw-p 00009000 08:02 12985044                   /usr/lib/x86_64-linux-gnu/libltdl.so.7.3.0
7f19ac65a000-7f19ac66e000 r-xp 00000000 08:02 12977183                   /usr/lib/x86_64-linux-gnu/libtdb.so.1.3.5
7f19ac66e000-7f19ac86d000 ---p 00014000 08:02 12977183                   /usr/lib/x86_64-linux-gnu/libtdb.so.1.3.5
7f19ac86d000-7f19ac86e000 r--p 00013000 08:02 12977183                   /usr/lib/x86_64-linux-gnu/libtdb.so.1.3.5
7f19ac86e000-7f19ac86f000 rw-p 00014000 08:02 12977183                   /usr/lib/x86_64-linux-gnu/libtdb.so.1.3.5
7f19ac86f000-7f19ac876000 r-xp 00000000 08:02 12985455                   /usr/lib/x86_64-linux-gnu/libvorbisfile.so.3.3.6
7f19ac876000-7f19aca76000 ---p 00007000 08:02 12985455                   /usr/lib/x86_64-linux-gnu/libvorbisfile.so.3.3.6
7f19aca76000-7f19aca77000 r--p 00007000 08:02 12985455                   /usr/lib/x86_64-linux-gnu/libvorbisfile.so.3.3.6
7f19aca77000-7f19aca78000 rw-p 00008000 08:02 12985455                   /usr/lib/x86_64-linux-gnu/libvorbisfile.so.3.3.6
7f19aca78000-7f19aca88000 r-xp 00000000 08:02 12984519                   /usr/lib/x86_64-linux-gnu/libcanberra.so.0.2.5
7f19aca88000-7f19acc88000 ---p 00010000 08:02 12984519                   /usr/lib/x86_64-linux-gnu/libcanberra.so.0.2.5
7f19acc88000-7f19acc89000 r--p 00010000 08:02 12984519                   /usr/lib/x86_64-linux-gnu/libcanberra.so.0.2.5
7f19acc89000-7f19acc8a000 rw-p 00011000 08:02 12984519                   /usr/lib/x86_64-linux-gnu/libcanberra.so.0.2.5
7f19acc8a000-7f19acc8e000 r-xp 00000000 08:02 12984515                   /usr/lib/x86_64-linux-gnu/libcanberra-gtk.so.0.1.9
7f19acc8e000-7f19ace8d000 ---p 00004000 08:02 12984515                   /usr/lib/x86_64-linux-gnu/libcanberra-gtk.so.0.1.9
7f19ace8d000-7f19ace8e000 r--p 00003000 08:02 12984515                   /usr/lib/x86_64-linux-gnu/libcanberra-gtk.so.0.1.9
7f19ace8e000-7f19ace8f000 rw-p 00004000 08:02 12984515                   /usr/lib/x86_64-linux-gnu/libcanberra-gtk.so.0.1.9
7f19ace8f000-7f19ace94000 r-xp 00000000 08:02 13369824                   /usr/lib/x86_64-linux-gnu/gtk-2.0/modules/libcanberra-gtk-module.so
7f19ace94000-7f19ad093000 ---p 00005000 08:02 13369824                   /usr/lib/x86_64-linux-gnu/gtk-2.0/modules/libcanberra-gtk-module.so
7f19ad093000-7f19ad094000 r--p 00004000 08:02 13369824                   /usr/lib/x86_64-linux-gnu/gtk-2.0/modules/libcanberra-gtk-module.so
7f19ad094000-7f19ad095000 rw-p 00005000 08:02 13369824                   /usr/lib/x86_64-linux-gnu/gtk-2.0/modules/libcanberra-gtk-module.so
7f19ad095000-7f19ad0c4000 r-xp 00000000 08:02 13369805                   /usr/lib/x86_64-linux-gnu/gtk-2.0/2.10.0/engines/libmurrine.so
7f19ad0c4000-7f19ad2c4000 ---p 0002f000 08:02 13369805                   /usr/lib/x86_64-linux-gnu/gtk-2.0/2.10.0/engines/libmurrine.so
7f19ad2c4000-7f19ad2c5000 r--p 0002f000 08:02 13369805                   /usr/lib/x86_64-linux-gnu/gtk-2.0/2.10.0/engines/libmurrine.so
7f19ad2c5000-7f19ad2c6000 rw-p 00030000 08:02 13369805                   /usr/lib/x86_64-linux-gnu/gtk-2.0/2.10.0/engines/libmurrine.so
7f19ad2c6000-7f19ad2d6000 r-xp 00000000 08:02 12985420                   /usr/lib/x86_64-linux-gnu/libunity-gtk2-parser.so.0.0.0
7f19ad2d6000-7f19ad4d6000 ---p 00010000 08:02 12985420                   /usr/lib/x86_64-linux-gnu/libunity-gtk2-parser.so.0.0.0
7f19ad4d6000-7f19ad4d7000 r--p 00010000 08:02 12985420                   /usr/lib/x86_64-linux-gnu/libunity-gtk2-parser.so.0.0.0
7f19ad4d7000-7f19ad4d8000 rw-p 00011000 08:02 12985420                   /usr/lib/x86_64-linux-gnu/libunity-gtk2-parser.so.0.0.0
7f19ad4d8000-7f19ad4dd000 r-xp 00000000 08:02 13369828                   /usr/lib/x86_64-linux-gnu/gtk-2.0/modules/libunity-gtk-module.so
7f19ad4dd000-7f19ad6dc000 ---p 00005000 08:02 13369828                   /usr/lib/x86_64-linux-gnu/gtk-2.0/modules/libunity-gtk-module.so
7f19ad6dc000-7f19ad6dd000 r--p 00004000 08:02 13369828                   /usr/lib/x86_64-linux-gnu/gtk-2.0/modules/libunity-gtk-module.so
7f19ad6dd000-7f19ad6de000 rw-p 00005000 08:02 13369828                   /usr/lib/x86_64-linux-gnu/gtk-2.0/modules/libunity-gtk-module.so
7f19ad6de000-7f19ad6ef000 r-xp 00000000 08:02 13369707                   /usr/lib/x86_64-linux-gnu/gtk-2.0/modules/liboverlay-scrollbar.so
7f19ad6ef000-7f19ad8ef000 ---p 00011000 08:02 13369707                   /usr/lib/x86_64-linux-gnu/gtk-2.0/modules/liboverlay-scrollbar.so
7f19ad8ef000-7f19ad8f0000 r--p 00011000 08:02 13369707                   /usr/lib/x86_64-linux-gnu/gtk-2.0/modules/liboverlay-scrollbar.so
7f19ad8f0000-7f19ad8f1000 rw-p 00012000 08:02 13369707                   /usr/lib/x86_64-linux-gnu/gtk-2.0/modules/liboverlay-scrollbar.so
7f19ad8f1000-7f19ad8f2000 r-xp 00000000 08:02 12976333                   /usr/lib/x86_64-linux-gnu/libgthread-2.0.so.0.4600.2
7f19ad8f2000-7f19adaf1000 ---p 00001000 08:02 12976333                   /usr/lib/x86_64-linux-gnu/libgthread-2.0.so.0.4600.2
7f19adaf1000-7f19adaf2000 r--p 00000000 08:02 12976333                   /usr/lib/x86_64-linux-gnu/libgthread-2.0.so.0.4600.2
7f19adaf2000-7f19adaf3000 rw-p 00001000 08:02 12976333                   /usr/lib/x86_64-linux-gnu/libgthread-2.0.so.0.4600.2
7f19adaf3000-7f19adaf9000 r-xp 00000000 08:02 12976312                   /usr/lib/x86_64-linux-gnu/libdatrie.so.1.3.2
7f19adaf9000-7f19adcf8000 ---p 00006000 08:02 12976312                   /usr/lib/x86_64-linux-gnu/libdatrie.so.1.3.2
7f19adcf8000-7f19adcf9000 r--p 00005000 08:02 12976312                   /usr/lib/x86_64-linux-gnu/libdatrie.so.1.3.2
7f19adcf9000-7f19adcfa000 rw-p 00006000 08:02 12976312                   /usr/lib/x86_64-linux-gnu/libdatrie.so.1.3.2
7f19adcfa000-7f19add13000 r-xp 00000000 08:02 12976261                   /usr/lib/x86_64-linux-gnu/libgraphite2.so.3.0.1
7f19add13000-7f19adf12000 ---p 00019000 08:02 12976261                   /usr/lib/x86_64-linux-gnu/libgraphite2.so.3.0.1
7f19adf12000-7f19adf14000 r--p 00018000 08:02 12976261                   /usr/lib/x86_64-linux-gnu/libgraphite2.so.3.0.1
7f19adf14000-7f19adf15000 rw-p 0001a000 08:02 12976261                   /usr/lib/x86_64-linux-gnu/libgraphite2.so.3.0.1
7f19adf15000-7f19adf3b000 r-xp 00000000 08:02 7077994                    /lib/x86_64-linux-gnu/libexpat.so.1.6.0
7f19adf3b000-7f19ae13b000 ---p 00026000 08:02 7077994                    /lib/x86_64-linux-gnu/libexpat.so.1.6.0
7f19ae13b000-7f19ae13d000 r--p 00026000 08:02 7077994                    /lib/x86_64-linux-gnu/libexpat.so.1.6.0
7f19ae13d000-7f19ae13e000 rw-p 00028000 08:02 7077994                    /lib/x86_64-linux-gnu/libexpat.so.1.6.0
7f19ae13e000-7f19ae1aa000 r-xp 00000000 08:02 7077971                    /lib/x86_64-linux-gnu/libpcre.so.3.13.1
7f19ae1aa000-7f19ae3a9000 ---p 0006c000 08:02 7077971                    /lib/x86_64-linux-gnu/libpcre.so.3.13.1
7f19ae3a9000-7f19ae3aa000 r--p 0006b000 08:02 7077971                    /lib/x86_64-linux-gnu/libpcre.so.3.13.1
7f19ae3aa000-7f19ae3ab000 rw-p 0006c000 08:02 7077971                    /lib/x86_64-linux-gnu/libpcre.so.3.13.1
7f19ae3ab000-7f19ae3b2000 r-xp 00000000 08:02 12983803                   /usr/lib/x86_64-linux-gnu/libffi.so.6.0.4
7f19ae3b2000-7f19ae5b1000 ---p 00007000 08:02 12983803                   /usr/lib/x86_64-linux-gnu/libffi.so.6.0.4
7f19ae5b1000-7f19ae5b2000 r--p 00006000 08:02 12983803                   /usr/lib/x86_64-linux-gnu/libffi.so.6.0.4
7f19ae5b2000-7f19ae5b3000 rw-p 00007000 08:02 12983803                   /usr/lib/x86_64-linux-gnu/libffi.so.6.0.4
7f19ae5b3000-7f19ae5bb000 r-xp 00000000 08:02 12978425                   /usr/lib/x86_64-linux-gnu/libthai.so.0.2.2
7f19ae5bb000-7f19ae7ba000 ---p 00008000 08:02 12978425                   /usr/lib/x86_64-linux-gnu/libthai.so.0.2.2
7f19ae7ba000-7f19ae7bb000 r--p 00007000 08:02 12978425                   /usr/lib/x86_64-linux-gnu/libthai.so.0.2.2
7f19ae7bb000-7f19ae7bc000 rw-p 00008000 08:02 12978425                   /usr/lib/x86_64-linux-gnu/libthai.so.0.2.2
7f19ae7bc000-7f19ae818000 r-xp 00000000 08:02 12985111                   /usr/lib/x86_64-linux-gnu/libharfbuzz.so.0.10000.1
7f19ae818000-7f19aea18000 ---p 0005c000 08:02 12985111                   /usr/lib/x86_64-linux-gnu/libharfbuzz.so.0.10000.1
7f19aea18000-7f19aea19000 r--p 0005c000 08:02 12985111                   /usr/lib/x86_64-linux-gnu/libharfbuzz.so.0.10000.1
7f19aea19000-7f19aea1a000 rw-p 0005d000 08:02 12985111                   /usr/lib/x86_64-linux-gnu/libharfbuzz.so.0.10000.1
7f19aea1a000-7f19aea31000 r-xp 00000000 08:02 7083818                    /lib/x86_64-linux-gnu/libresolv-2.21.so
7f19aea31000-7f19aec31000 ---p 00017000 08:02 7083818                    /lib/x86_64-linux-gnu/libresolv-2.21.so
7f19aec31000-7f19aec32000 r--p 00017000 08:02 7083818                    /lib/x86_64-linux-gnu/libresolv-2.21.so
7f19aec32000-7f19aec33000 rw-p 00018000 08:02 7083818                    /lib/x86_64-linux-gnu/libresolv-2.21.so
7f19aec33000-7f19aec35000 rw-p 00000000 00:00 0 
7f19aec35000-7f19aec56000 r-xp 00000000 08:02 7077973                    /lib/x86_64-linux-gnu/libselinux.so.1
7f19aec56000-7f19aee55000 ---p 00021000 08:02 7077973                    /lib/x86_64-linux-gnu/libselinux.so.1
7f19aee55000-7f19aee56000 r--p 00020000 08:02 7077973                    /lib/x86_64-linux-gnu/libselinux.so.1
7f19aee56000-7f19aee57000 rw-p 00021000 08:02 7077973                    /lib/x86_64-linux-gnu/libselinux.so.1
7f19aee57000-7f19aee59000 rw-p 00000000 00:00 0 
7f19aee59000-7f19aee72000 r-xp 00000000 08:02 7078746                    /lib/x86_64-linux-gnu/libz.so.1.2.8
7f19aee72000-7f19af071000 ---p 00019000 08:02 7078746                    /lib/x86_64-linux-gnu/libz.so.1.2.8
7f19af071000-7f19af072000 r--p 00018000 08:02 7078746                    /lib/x86_64-linux-gnu/libz.so.1.2.8
7f19af072000-7f19af073000 rw-p 00019000 08:02 7078746                    /lib/x86_64-linux-gnu/libz.so.1.2.8
7f19af073000-7f19af07b000 r-xp 00000000 08:02 12985541                   /usr/lib/x86_64-linux-gnu/libxcb-render.so.0.0.0
7f19af07b000-7f19af27b000 ---p 00008000 08:02 12985541                   /usr/lib/x86_64-linux-gnu/libxcb-render.so.0.0.0
7f19af27b000-7f19af27c000 r--p 00008000 08:02 12985541                   /usr/lib/x86_64-linux-gnu/libxcb-render.so.0.0.0
7f19af27c000-7f19af27d000 rw-p 00009000 08:02 12985541                   /usr/lib/x86_64-linux-gnu/libxcb-render.so.0.0.0
7f19af27d000-7f19af27f000 r-xp 00000000 08:02 12985463                   /usr/lib/x86_64-linux-gnu/libxcb-shm.so.0.0.0
7f19af27f000-7f19af47f000 ---p 00002000 08:02 12985463                   /usr/lib/x86_64-linux-gnu/libxcb-shm.so.0.0.0
7f19af47f000-7f19af480000 r--p 00002000 08:02 12985463                   /usr/lib/x86_64-linux-gnu/libxcb-shm.so.0.0.0
7f19af480000-7f19af481000 rw-p 00003000 08:02 12985463                   /usr/lib/x86_64-linux-gnu/libxcb-shm.so.0.0.0
7f19af481000-7f19af4a6000 r-xp 00000000 08:02 7078978                    /lib/x86_64-linux-gnu/libpng12.so.0.51.0
7f19af4a6000-7f19af6a5000 ---p 00025000 08:02 7078978                    /lib/x86_64-linux-gnu/libpng12.so.0.51.0
7f19af6a5000-7f19af6a6000 r--p 00024000 08:02 7078978                    /lib/x86_64-linux-gnu/libpng12.so.0.51.0
7f19af6a6000-7f19af6a7000 rw-p 00025000 08:02 7078978                    /lib/x86_64-linux-gnu/libpng12.so.0.51.0
7f19af6a7000-7f19af74c000 r-xp 00000000 08:02 12985190                   /usr/lib/x86_64-linux-gnu/libpixman-1.so.0.32.6
7f19af74c000-7f19af94b000 ---p 000a5000 08:02 12985190                   /usr/lib/x86_64-linux-gnu/libpixman-1.so.0.32.6
7f19af94b000-7f19af953000 r--p 000a4000 08:02 12985190                   /usr/lib/x86_64-linux-gnu/libpixman-1.so.0.32.6
7f19af953000-7f19af954000 rw-p 000ac000 08:02 12985190                   /usr/lib/x86_64-linux-gnu/libpixman-1.so.0.32.6
7f19af954000-7f19af9f4000 r-xp 00000000 08:02 12976473                   /usr/lib/x86_64-linux-gnu/libfreetype.so.6.11.1
7f19af9f4000-7f19afbf3000 ---p 000a0000 08:02 12976473                   /usr/lib/x86_64-linux-gnu/libfreetype.so.6.11.1
7f19afbf3000-7f19afbf9000 r--p 0009f000 08:02 12976473                   /usr/lib/x86_64-linux-gnu/libfreetype.so.6.11.1
7f19afbf9000-7f19afbfa000 rw-p 000a5000 08:02 12976473                   /usr/lib/x86_64-linux-gnu/libfreetype.so.6.11.1
7f19afbfa000-7f19afbfc000 r-xp 00000000 08:02 12984373                   /usr/lib/x86_64-linux-gnu/libXdamage.so.1.1.0
7f19afbfc000-7f19afdfb000 ---p 00002000 08:02 12984373                   /usr/lib/x86_64-linux-gnu/libXdamage.so.1.1.0
7f19afdfb000-7f19afdfc000 r--p 00001000 08:02 12984373                   /usr/lib/x86_64-linux-gnu/libXdamage.so.1.1.0
7f19afdfc000-7f19afdfd000 rw-p 00002000 08:02 12984373                   /usr/lib/x86_64-linux-gnu/libXdamage.so.1.1.0
7f19afdfd000-7f19afdff000 r-xp 00000000 08:02 12984369                   /usr/lib/x86_64-linux-gnu/libXcomposite.so.1.0.0
7f19afdff000-7f19afffe000 ---p 00002000 08:02 12984369                   /usr/lib/x86_64-linux-gnu/libXcomposite.so.1.0.0
7f19afffe000-7f19affff000 r--p 00001000 08:02 12984369                   /usr/lib/x86_64-linux-gnu/libXcomposite.so.1.0.0
7f19affff000-7f19b0000000 rw-p 00002000 08:02 12984369                   /usr/lib/x86_64-linux-gnu/libXcomposite.so.1.0.0
7f19b0000000-7f19b0021000 rw-p 00000000 00:00 0 
7f19b0021000-7f19b4000000 ---p 00000000 00:00 0 
7f19b4000000-7f19b4001000 r--s 00000000 08:02 4980830                    /var/cache/fontconfig/a6354e3ac43af67bd8d7b8e43c34e49f-le64.cache-4
7f19b4001000-7f19b4017000 r--s 00000000 08:02 4980807                    /var/cache/fontconfig/04aabc0a78ac019cf9454389977116d2-le64.cache-4
7f19b4017000-7f19b4018000 r--s 00000000 08:02 4980811                    /var/cache/fontconfig/1ac9eb803944fde146138c791f5cc56a-le64.cache-4
7f19b4018000-7f19b401c000 r--s 00000000 08:02 4980815                    /var/cache/fontconfig/385c0604a188198f04d133e54aba7fe7-le64.cache-4
7f19b401c000-7f19b401d000 r--s 00000000 08:02 4980842                    /var/cache/fontconfig/dc05db6664285cc2f12bf69c139ae4c3-le64.cache-4
7f19b401d000-7f19b401f000 r--s 00000000 08:02 4980824                    /var/cache/fontconfig/767a8244fc0220cfb567a839d0392e0b-le64.cache-4
7f19b401f000-7f19b4020000 r--s 00000000 08:02 4995291                    /var/cache/fontconfig/4794a0821666d79190d59a36cb4f44b5-le64.cache-4
7f19b4020000-7f19b4025000 r--s 00000000 08:02 4980826                    /var/cache/fontconfig/8801497958630a81b71ace7c5f9b32a8-le64.cache-4
7f19b4025000-7f19b4060000 r--s 00000000 08:02 4989899                    /var/cache/fontconfig/365b55f210c0a22e9a19e35191240f32-le64.cache-4
7f19b4060000-7f19b4061000 r--s 00000000 08:02 4980834                    /var/cache/fontconfig/bab58bb527bb656aaa9f116d68a48d89-le64.cache-4
7f19b4061000-7f19b4068000 r--s 00000000 08:02 4980813                    /var/cache/fontconfig/3047814df9a2f067bd2d96a2b9c36e5a-le64.cache-4
7f19b4068000-7f19b4069000 r--s 00000000 08:02 4980820                    /var/cache/fontconfig/56cf4f4769d0f4abc89a4895d7bd3ae1-le64.cache-4
7f19b4069000-7f19b406f000 r--s 00000000 08:02 4980832                    /var/cache/fontconfig/b47c4e1ecd0709278f4910c18777a504-le64.cache-4
7f19b406f000-7f19b4078000 r--s 00000000 08:02 4992736                    /var/cache/fontconfig/52f7bdb7ce746bfd7eaa1985bd9cfa93-le64.cache-4
7f19b4078000-7f19b407b000 r--s 00000000 08:02 4992735                    /var/cache/fontconfig/e49e89034d371f0f9de17aab02136486-le64.cache-4
7f19b407b000-7f19b408e000 r--s 00000000 08:02 4980839                    /var/cache/fontconfig/d52a8644073d54c13679302ca1180695-le64.cache-4
7f19b408e000-7f19b4098000 r--s 00000000 08:02 4980816                    /var/cache/fontconfig/3f7329c5293ffd510edef78f73874cfd-le64.cache-4
7f19b4098000-7f19b40a3000 r--s 00000000 08:02 4995239                    /var/cache/fontconfig/d589a48862398ed80a3d6066f4f56f4c-le64.cache-4
7f19b40a3000-7f19b40b0000 r--s 00000000 08:02 7642040                    /home/jojolepro/.cache/fontconfig/e13b20fdb08344e0e664864cc2ede53d-le64.cache-4
7f19b40b0000-7f19b40f6000 r--p 00000000 08:02 13371045                   /usr/share/glib-2.0/schemas/gschemas.compiled
7f19b40f6000-7f19b4100000 r-xp 00000000 08:02 12976650                   /usr/lib/x86_64-linux-gnu/libXrandr.so.2.2.0
7f19b4100000-7f19b42ff000 ---p 0000a000 08:02 12976650                   /usr/lib/x86_64-linux-gnu/libXrandr.so.2.2.0
7f19b42ff000-7f19b4300000 r--p 00009000 08:02 12976650                   /usr/lib/x86_64-linux-gnu/libXrandr.so.2.2.0
7f19b4300000-7f19b4301000 rw-p 0000a000 08:02 12976650                   /usr/lib/x86_64-linux-gnu/libXrandr.so.2.2.0
7f19b4301000-7f19b4303000 r-xp 00000000 08:02 12984387                   /usr/lib/x86_64-linux-gnu/libXinerama.so.1.0.0
7f19b4303000-7f19b4502000 ---p 00002000 08:02 12984387                   /usr/lib/x86_64-linux-gnu/libXinerama.so.1.0.0
7f19b4502000-7f19b4503000 r--p 00001000 08:02 12984387                   /usr/lib/x86_64-linux-gnu/libXinerama.so.1.0.0
7f19b4503000-7f19b4504000 rw-p 00002000 08:02 12984387                   /usr/lib/x86_64-linux-gnu/libXinerama.so.1.0.0
7f19b4504000-7f19b4540000 r-xp 00000000 08:02 12984697                   /usr/lib/x86_64-linux-gnu/libfontconfig.so.1.8.0
7f19b4540000-7f19b473f000 ---p 0003c000 08:02 12984697                   /usr/lib/x86_64-linux-gnu/libfontconfig.so.1.8.0
7f19b473f000-7f19b4741000 r--p 0003b000 08:02 12984697                   /usr/lib/x86_64-linux-gnu/libfontconfig.so.1.8.0
7f19b4741000-7f19b4742000 rw-p 0003d000 08:02 12984697                   /usr/lib/x86_64-linux-gnu/libfontconfig.so.1.8.0
7f19b4742000-7f19b484f000 r-xp 00000000 08:02 7078655                    /lib/x86_64-linux-gnu/libglib-2.0.so.0.4600.2
7f19b484f000-7f19b4a4e000 ---p 0010d000 08:02 7078655                    /lib/x86_64-linux-gnu/libglib-2.0.so.0.4600.2
7f19b4a4e000-7f19b4a4f000 r--p 0010c000 08:02 7078655                    /lib/x86_64-linux-gnu/libglib-2.0.so.0.4600.2
7f19b4a4f000-7f19b4a50000 rw-p 0010d000 08:02 7078655                    /lib/x86_64-linux-gnu/libglib-2.0.so.0.4600.2
7f19b4a50000-7f19b4a51000 rw-p 00000000 00:00 0 
7f19b4a51000-7f19b4aa3000 r-xp 00000000 08:02 12978466                   /usr/lib/x86_64-linux-gnu/libgobject-2.0.so.0.4600.2
7f19b4aa3000-7f19b4ca2000 ---p 00052000 08:02 12978466                   /usr/lib/x86_64-linux-gnu/libgobject-2.0.so.0.4600.2
7f19b4ca2000-7f19b4ca3000 r--p 00051000 08:02 12978466                   /usr/lib/x86_64-linux-gnu/libgobject-2.0.so.0.4600.2
7f19b4ca3000-7f19b4ca4000 rw-p 00052000 08:02 12978466                   /usr/lib/x86_64-linux-gnu/libgobject-2.0.so.0.4600.2
7f19b4ca4000-7f19b4cef000 r-xp 00000000 08:02 12985165                   /usr/lib/x86_64-linux-gnu/libpango-1.0.so.0.3600.8
7f19b4cef000-7f19b4eef000 ---p 0004b000 08:02 12985165                   /usr/lib/x86_64-linux-gnu/libpango-1.0.so.0.3600.8
7f19b4eef000-7f19b4ef1000 r--p 0004b000 08:02 12985165                   /usr/lib/x86_64-linux-gnu/libpango-1.0.so.0.3600.8
7f19b4ef1000-7f19b4ef2000 rw-p 0004d000 08:02 12985165                   /usr/lib/x86_64-linux-gnu/libpango-1.0.so.0.3600.8
7f19b4ef2000-7f19b4f06000 r-xp 00000000 08:02 12985169                   /usr/lib/x86_64-linux-gnu/libpangoft2-1.0.so.0.3600.8
7f19b4f06000-7f19b5106000 ---p 00014000 08:02 12985169                   /usr/lib/x86_64-linux-gnu/libpangoft2-1.0.so.0.3600.8
7f19b5106000-7f19b5107000 r--p 00014000 08:02 12985169                   /usr/lib/x86_64-linux-gnu/libpangoft2-1.0.so.0.3600.8
7f19b5107000-7f19b5108000 rw-p 00015000 08:02 12985169                   /usr/lib/x86_64-linux-gnu/libpangoft2-1.0.so.0.3600.8
7f19b5108000-7f19b5282000 r-xp 00000000 08:02 12976334                   /usr/lib/x86_64-linux-gnu/libgio-2.0.so.0.4600.2
7f19b5282000-7f19b5481000 ---p 0017a000 08:02 12976334                   /usr/lib/x86_64-linux-gnu/libgio-2.0.so.0.4600.2
7f19b5481000-7f19b5485000 r--p 00179000 08:02 12976334                   /usr/lib/x86_64-linux-gnu/libgio-2.0.so.0.4600.2
7f19b5485000-7f19b5487000 rw-p 0017d000 08:02 12976334                   /usr/lib/x86_64-linux-gnu/libgio-2.0.so.0.4600.2
7f19b5487000-7f19b5489000 rw-p 00000000 00:00 0 
7f19b5489000-7f19b54aa000 r-xp 00000000 08:02 12976701                   /usr/lib/x86_64-linux-gnu/libgdk_pixbuf-2.0.so.0.3200.1
7f19b54aa000-7f19b56a9000 ---p 00021000 08:02 12976701                   /usr/lib/x86_64-linux-gnu/libgdk_pixbuf-2.0.so.0.3200.1
7f19b56a9000-7f19b56aa000 r--p 00020000 08:02 12976701                   /usr/lib/x86_64-linux-gnu/libgdk_pixbuf-2.0.so.0.3200.1
7f19b56aa000-7f19b56ab000 rw-p 00021000 08:02 12976701                   /usr/lib/x86_64-linux-gnu/libgdk_pixbuf-2.0.so.0.3200.1
7f19b56ab000-7f19b57b9000 r-xp 00000000 08:02 12984273                   /usr/lib/x86_64-linux-gnu/libcairo.so.2.11400.2
7f19b57b9000-7f19b59b8000 ---p 0010e000 08:02 12984273                   /usr/lib/x86_64-linux-gnu/libcairo.so.2.11400.2
7f19b59b8000-7f19b59bb000 r--p 0010d000 08:02 12984273                   /usr/lib/x86_64-linux-gnu/libcairo.so.2.11400.2
7f19b59bb000-7f19b59bc000 rw-p 00110000 08:02 12984273                   /usr/lib/x86_64-linux-gnu/libcairo.so.2.11400.2
7f19b59bc000-7f19b59be000 rw-p 00000000 00:00 0 
7f19b59be000-7f19b59e0000 r-xp 00000000 08:02 12977092                   /usr/lib/x86_64-linux-gnu/libatk-1.0.so.0.21609.1
7f19b59e0000-7f19b5bdf000 ---p 00022000 08:02 12977092                   /usr/lib/x86_64-linux-gnu/libatk-1.0.so.0.21609.1
7f19b5bdf000-7f19b5be2000 r--p 00021000 08:02 12977092                   /usr/lib/x86_64-linux-gnu/libatk-1.0.so.0.21609.1
7f19b5be2000-7f19b5be3000 rw-p 00024000 08:02 12977092                   /usr/lib/x86_64-linux-gnu/libatk-1.0.so.0.21609.1
7f19b5be3000-7f19b5bef000 r-xp 00000000 08:02 12985167                   /usr/lib/x86_64-linux-gnu/libpangocairo-1.0.so.0.3600.8
7f19b5bef000-7f19b5dee000 ---p 0000c000 08:02 12985167                   /usr/lib/x86_64-linux-gnu/libpangocairo-1.0.so.0.3600.8
7f19b5dee000-7f19b5def000 r--p 0000b000 08:02 12985167                   /usr/lib/x86_64-linux-gnu/libpangocairo-1.0.so.0.3600.8
7f19b5def000-7f19b5df0000 rw-p 0000c000 08:02 12985167                   /usr/lib/x86_64-linux-gnu/libpangocairo-1.0.so.0.3600.8
7f19b5df0000-7f19b5df3000 r-xp 00000000 08:02 12978467                   /usr/lib/x86_64-linux-gnu/libgmodule-2.0.so.0.4600.2
7f19b5df3000-7f19b5ff2000 ---p 00003000 08:02 12978467                   /usr/lib/x86_64-linux-gnu/libgmodule-2.0.so.0.4600.2
7f19b5ff2000-7f19b5ff3000 r--p 00002000 08:02 12978467                   /usr/lib/x86_64-linux-gnu/libgmodule-2.0.so.0.4600.2
7f19b5ff3000-7f19b5ff4000 rw-p 00003000 08:02 12978467                   /usr/lib/x86_64-linux-gnu/libgmodule-2.0.so.0.4600.2
7f19b5ff4000-7f19b60a4000 r-xp 00000000 08:02 12977097                   /usr/lib/x86_64-linux-gnu/libgdk-x11-2.0.so.0.2400.28
7f19b60a4000-7f19b62a3000 ---p 000b0000 08:02 12977097                   /usr/lib/x86_64-linux-gnu/libgdk-x11-2.0.so.0.2400.28
7f19b62a3000-7f19b62a7000 r--p 000af000 08:02 12977097                   /usr/lib/x86_64-linux-gnu/libgdk-x11-2.0.so.0.2400.28
7f19b62a7000-7f19b62a9000 rw-p 000b3000 08:02 12977097                   /usr/lib/x86_64-linux-gnu/libgdk-x11-2.0.so.0.2400.28
7f19b62a9000-7f19b66e7000 r-xp 00000000 08:02 12978857                   /usr/lib/x86_64-linux-gnu/libgtk-x11-2.0.so.0.2400.28
7f19b66e7000-7f19b68e7000 ---p 0043e000 08:02 12978857                   /usr/lib/x86_64-linux-gnu/libgtk-x11-2.0.so.0.2400.28
7f19b68e7000-7f19b68ee000 r--p 0043e000 08:02 12978857                   /usr/lib/x86_64-linux-gnu/libgtk-x11-2.0.so.0.2400.28
7f19b68ee000-7f19b68f2000 rw-p 00445000 08:02 12978857                   /usr/lib/x86_64-linux-gnu/libgtk-x11-2.0.so.0.2400.28
7f19b68f2000-7f19b68f5000 rw-p 00000000 00:00 0 
7f19b68f5000-7f19b68f8000 ---p 00000000 00:00 0 
7f19b68f8000-7f19b69f6000 rw-p 00000000 00:00 0                          [stack:3488]
7f19b69f6000-7f19b69f9000 ---p 00000000 00:00 0 
7f19b69f9000-7f19b6af7000 rw-p 00000000 00:00 0                          [stack:3487]
7f19b6af7000-7f19b6afa000 ---p 00000000 00:00 0 
7f19b6afa000-7f19b6bf8000 rw-p 00000000 00:00 0                          [stack:3483]
7f19b6bf8000-7f19b6bfd000 r-xp 00000000 08:02 12984379                   /usr/lib/x86_64-linux-gnu/libXfixes.so.3.1.0
7f19b6bfd000-7f19b6dfc000 ---p 00005000 08:02 12984379                   /usr/lib/x86_64-linux-gnu/libXfixes.so.3.1.0
7f19b6dfc000-7f19b6dfd000 r--p 00004000 08:02 12984379                   /usr/lib/x86_64-linux-gnu/libXfixes.so.3.1.0
7f19b6dfd000-7f19b6dfe000 rw-p 00005000 08:02 12984379                   /usr/lib/x86_64-linux-gnu/libXfixes.so.3.1.0
7f19b6dfe000-7f19b6e07000 r-xp 00000000 08:02 12984371                   /usr/lib/x86_64-linux-gnu/libXcursor.so.1.0.2
7f19b6e07000-7f19b7006000 ---p 00009000 08:02 12984371                   /usr/lib/x86_64-linux-gnu/libXcursor.so.1.0.2
7f19b7006000-7f19b7007000 r--p 00008000 08:02 12984371                   /usr/lib/x86_64-linux-gnu/libXcursor.so.1.0.2
7f19b7007000-7f19b7008000 rw-p 00009000 08:02 12984371                   /usr/lib/x86_64-linux-gnu/libXcursor.so.1.0.2
7f19b7008000-7f19b700b000 ---p 00000000 00:00 0 
7f19b700b000-7f19b7109000 rw-p 00000000 00:00 0                          [stack:3479]
7f19b7109000-7f19b711f000 r-xp 00000000 08:02 7078694                    /lib/x86_64-linux-gnu/libgcc_s.so.1
7f19b711f000-7f19b731e000 ---p 00016000 08:02 7078694                    /lib/x86_64-linux-gnu/libgcc_s.so.1
7f19b731e000-7f19b731f000 r--p 00015000 08:02 7078694                    /lib/x86_64-linux-gnu/libgcc_s.so.1
7f19b731f000-7f19b7320000 rw-p 00016000 08:02 7078694                    /lib/x86_64-linux-gnu/libgcc_s.so.1
7f19b7320000-7f19b7322000 r--s 00000000 08:02 4992733                    /var/cache/fontconfig/4b14b093aebc79c320de5e86ae1d3314-le64.cache-4
7f19b7322000-7f19b7326000 r--s 00000000 08:02 4991479                    /var/cache/fontconfig/7ef2298fde41cc6eeb7af42e48b7d293-le64.cache-4
7f19b7326000-7f19b733e000 r--s 00000000 08:02 14027627                   /usr/share/fonts/type1/gsfonts/n022003l.pfb
7f19b733e000-7f19b7346000 r--p 00000000 08:02 7604368                    /home/jojolepro/.config/dconf/user
7f19b7346000-7f19b73ab000 r-xp 00000000 08:02 13128820                   /usr/lib/jvm/java-8-oracle/jre/lib/amd64/libfontmanager.so
7f19b73ab000-7f19b75aa000 ---p 00065000 08:02 13128820                   /usr/lib/jvm/java-8-oracle/jre/lib/amd64/libfontmanager.so
7f19b75aa000-7f19b75af000 rw-p 00064000 08:02 13128820                   /usr/lib/jvm/java-8-oracle/jre/lib/amd64/libfontmanager.so
7f19b75af000-7f19b75bf000 rw-p 00000000 00:00 0 
7f19b75bf000-7f19b75c4000 r-xp 00000000 08:02 12980089                   /usr/lib/x86_64-linux-gnu/libXdmcp.so.6.0.0
7f19b75c4000-7f19b77c3000 ---p 00005000 08:02 12980089                   /usr/lib/x86_64-linux-gnu/libXdmcp.so.6.0.0
7f19b77c3000-7f19b77c4000 r--p 00004000 08:02 12980089                   /usr/lib/x86_64-linux-gnu/libXdmcp.so.6.0.0
7f19b77c4000-7f19b77c5000 rw-p 00005000 08:02 12980089                   /usr/lib/x86_64-linux-gnu/libXdmcp.so.6.0.0
7f19b77c5000-7f19b77c7000 r-xp 00000000 08:02 12984364                   /usr/lib/x86_64-linux-gnu/libXau.so.6.0.0
7f19b77c7000-7f19b79c7000 ---p 00002000 08:02 12984364                   /usr/lib/x86_64-linux-gnu/libXau.so.6.0.0
7f19b79c7000-7f19b79c8000 r--p 00002000 08:02 12984364                   /usr/lib/x86_64-linux-gnu/libXau.so.6.0.0
7f19b79c8000-7f19b79c9000 rw-p 00003000 08:02 12984364                   /usr/lib/x86_64-linux-gnu/libXau.so.6.0.0
7f19b79c9000-7f19b79e9000 r-xp 00000000 08:02 12980091                   /usr/lib/x86_64-linux-gnu/libxcb.so.1.1.0
7f19b79e9000-7f19b7be8000 ---p 00020000 08:02 12980091                   /usr/lib/x86_64-linux-gnu/libxcb.so.1.1.0
7f19b7be8000-7f19b7be9000 r--p 0001f000 08:02 12980091                   /usr/lib/x86_64-linux-gnu/libxcb.so.1.1.0
7f19b7be9000-7f19b7bea000 rw-p 00020000 08:02 12980091                   /usr/lib/x86_64-linux-gnu/libxcb.so.1.1.0
7f19b7bea000-7f19b7bf9000 r-xp 00000000 08:02 12984385                   /usr/lib/x86_64-linux-gnu/libXi.so.6.1.0
7f19b7bf9000-7f19b7df8000 ---p 0000f000 08:02 12984385                   /usr/lib/x86_64-linux-gnu/libXi.so.6.1.0
7f19b7df8000-7f19b7df9000 r--p 0000e000 08:02 12984385                   /usr/lib/x86_64-linux-gnu/libXi.so.6.1.0
7f19b7df9000-7f19b7dfa000 rw-p 0000f000 08:02 12984385                   /usr/lib/x86_64-linux-gnu/libXi.so.6.1.0
7f19b7dfa000-7f19b7dff000 r-xp 00000000 08:02 12984405                   /usr/lib/x86_64-linux-gnu/libXtst.so.6.1.0
7f19b7dff000-7f19b7ffe000 ---p 00005000 08:02 12984405                   /usr/lib/x86_64-linux-gnu/libXtst.so.6.1.0
7f19b7ffe000-7f19b7fff000 r--p 00004000 08:02 12984405                   /usr/lib/x86_64-linux-gnu/libXtst.so.6.1.0
7f19b7fff000-7f19b8000000 rw-p 00005000 08:02 12984405                   /usr/lib/x86_64-linux-gnu/libXtst.so.6.1.0
7f19b8000000-7f19b8021000 rw-p 00000000 00:00 0 
7f19b8021000-7f19bc000000 ---p 00000000 00:00 0 
7f19bc000000-7f19bc021000 rw-p 00000000 00:00 0 
7f19bc021000-7f19c0000000 ---p 00000000 00:00 0 
7f19c0000000-7f19c0021000 rw-p 00000000 00:00 0 
7f19c0021000-7f19c4000000 ---p 00000000 00:00 0 
7f19c4000000-7f19c4001000 r--s 00000000 08:02 4980833                    /var/cache/fontconfig/b9d506c9ac06c20b433354fa67a72993-le64.cache-4
7f19c4001000-7f19c4002000 r--s 00000000 08:02 4980819                    /var/cache/fontconfig/551ecf3b0e8b0bca0f25c0944f561853-le64.cache-4
7f19c4002000-7f19c4003000 r--s 00000000 08:02 4980808                    /var/cache/fontconfig/0c9eb80ebd1c36541ebe2852d3bb0c49-le64.cache-4
7f19c4003000-7f19c4004000 r--s 00000000 08:02 7616101                    /home/jojolepro/.cache/fontconfig/30bee44a9c394da145c9a9d2873bc646-le64.cache-4
7f19c4004000-7f19c4005000 r--s 00000000 00:2e 32                         /run/user/1000/dconf/user
7f19c4005000-7f19c4008000 r--s 00237000 08:02 8265368                    /home/jojolepro/Prog/B2L/dist/lib/assets.jar
7f19c4008000-7f19c4011000 r-xp 00000000 08:02 12985549                   /usr/lib/x86_64-linux-gnu/libXrender.so.1.3.0
7f19c4011000-7f19c4210000 ---p 00009000 08:02 12985549                   /usr/lib/x86_64-linux-gnu/libXrender.so.1.3.0
7f19c4210000-7f19c4211000 r--p 00008000 08:02 12985549                   /usr/lib/x86_64-linux-gnu/libXrender.so.1.3.0
7f19c4211000-7f19c4212000 rw-p 00009000 08:02 12985549                   /usr/lib/x86_64-linux-gnu/libXrender.so.1.3.0
7f19c4212000-7f19c4347000 r-xp 00000000 08:02 12981501                   /usr/lib/x86_64-linux-gnu/libX11.so.6.3.0
7f19c4347000-7f19c4547000 ---p 00135000 08:02 12981501                   /usr/lib/x86_64-linux-gnu/libX11.so.6.3.0
7f19c4547000-7f19c4548000 r--p 00135000 08:02 12981501                   /usr/lib/x86_64-linux-gnu/libX11.so.6.3.0
7f19c4548000-7f19c454c000 rw-p 00136000 08:02 12981501                   /usr/lib/x86_64-linux-gnu/libX11.so.6.3.0
7f19c454c000-7f19c455d000 r-xp 00000000 08:02 12984377                   /usr/lib/x86_64-linux-gnu/libXext.so.6.4.0
7f19c455d000-7f19c475c000 ---p 00011000 08:02 12984377                   /usr/lib/x86_64-linux-gnu/libXext.so.6.4.0
7f19c475c000-7f19c475d000 r--p 00010000 08:02 12984377                   /usr/lib/x86_64-linux-gnu/libXext.so.6.4.0
7f19c475d000-7f19c475e000 rw-p 00011000 08:02 12984377                   /usr/lib/x86_64-linux-gnu/libXext.so.6.4.0
7f19c475e000-7f19c477a000 r--s 00393000 08:02 13128873                   /usr/lib/jvm/java-8-oracle/jre/lib/ext/cldrdata.jar
7f19c477a000-7f19c4784000 r--s 00116000 08:02 13128870                   /usr/lib/jvm/java-8-oracle/jre/lib/ext/localedata.jar
7f19c4784000-7f19c47d8000 r-xp 00000000 08:02 13128828                   /usr/lib/jvm/java-8-oracle/jre/lib/amd64/libawt_xawt.so
7f19c47d8000-7f19c49d8000 ---p 00054000 08:02 13128828                   /usr/lib/jvm/java-8-oracle/jre/lib/amd64/libawt_xawt.so
7f19c49d8000-7f19c49dc000 rw-p 00054000 08:02 13128828                   /usr/lib/jvm/java-8-oracle/jre/lib/amd64/libawt_xawt.so
7f19c49dc000-7f19c49dd000 rw-p 00000000 00:00 0 
7f19c49dd000-7f19c4a7f000 r-xp 00000000 08:02 13128854                   /usr/lib/jvm/java-8-oracle/jre/lib/amd64/libawt.so
7f19c4a7f000-7f19c4c7f000 ---p 000a2000 08:02 13128854                   /usr/lib/jvm/java-8-oracle/jre/lib/amd64/libawt.so
7f19c4c7f000-7f19c4c8b000 rw-p 000a2000 08:02 13128854                   /usr/lib/jvm/java-8-oracle/jre/lib/amd64/libawt.so
7f19c4c8b000-7f19c4caf000 rw-p 00000000 00:00 0 
7f19c4caf000-7f19c4cc2000 r--s 00149000 08:02 8265336                    /home/jojolepro/Prog/B2L/dist/lib/jme3-core-3.1.0-alpha1.jar
7f19c4cc2000-7f19c4cc5000 r--s 00024000 08:02 8265335                    /home/jojolepro/Prog/B2L/dist/lib/j-ogg-all-1.0.0.jar
7f19c4cc5000-7f19c4cc6000 r--s 00002000 08:02 8265333                    /home/jojolepro/Prog/B2L/dist/lib/jme3-jogg-3.1.0-alpha1.jar
7f19c4cc6000-7f19c4cc8000 r--s 00007000 08:02 8265316                    /home/jojolepro/Prog/B2L/dist/lib/jglfont-core-1.4.jar
7f19c4cc8000-7f19c4ccb000 r--s 00006000 08:02 8265269                    /home/jojolepro/Prog/B2L/dist/lib/jsr305-2.0.2.jar
7f19c4ccb000-7f19c4cce000 r--s 00012000 08:02 8265265                    /home/jojolepro/Prog/B2L/dist/lib/eventbus-1.4.jar
7f19c4cce000-7f19c4cd1000 r--s 0001b000 08:02 8265264                    /home/jojolepro/Prog/B2L/dist/lib/xpp3-1.1.4c.jar
7f19c4cd1000-7f19c4cd4000 r--s 00010000 08:02 8265234                    /home/jojolepro/Prog/B2L/dist/lib/nifty-style-black-1.4.1.jar
7f19c4cd4000-7f19c4cdb000 r--s 0003a000 08:02 8265232                    /home/jojolepro/Prog/B2L/dist/lib/nifty-default-controls-1.4.1.jar
7f19c4cdb000-7f19c4ce8000 r--s 00097000 08:02 8265230                    /home/jojolepro/Prog/B2L/dist/lib/nifty-1.4.1.jar
7f19c4ce8000-7f19c4cea000 r--s 00008000 08:02 8265227                    /home/jojolepro/Prog/B2L/dist/lib/jme3-niftygui-3.1.0-alpha1.jar
7f19c4cea000-7f19c4ceb000 r--s 004dd000 08:02 8265226                    /home/jojolepro/Prog/B2L/dist/lib/jme3-bullet-native-android-3.1.0-alpha1.jar
7f19c4ceb000-7f19c4cef000 r--s 00024000 08:02 8265225                    /home/jojolepro/Prog/B2L/dist/lib/jme3-networking-3.1.0-alpha1.jar
7f19c4cef000-7f19c4cf3000 r--s 00031000 08:02 8265224                    /home/jojolepro/Prog/B2L/dist/lib/jme3-plugins-3.1.0-alpha1.jar
7f19c4cf3000-7f19c4cf4000 r--s 006a1000 08:02 8265223                    /home/jojolepro/Prog/B2L/dist/lib/jme3-bullet-native-3.1.0-alpha1.jar
7f19c4cf4000-7f19c4cf6000 r--s 00006000 08:02 8265101                    /home/jojolepro/Prog/B2L/dist/lib/jme3-ios-3.1.0-alpha1.jar
7f19c4cf6000-7f19c4cf8000 r--s 0000e000 08:02 8263627                    /home/jojolepro/Prog/B2L/dist/lib/denseC64-0.27.jar
7f19c4cf8000-7f19c4cf9000 r--s 00002000 08:02 8263626                    /home/jojolepro/Prog/B2L/dist/lib/simple-0.27.jar
7f19c4cf9000-7f19c4cfe000 r--s 00041000 08:02 8263624                    /home/jojolepro/Prog/B2L/dist/lib/dense64-0.27.jar
7f19c4cfe000-7f19c4d00000 r--s 0000f000 08:02 8263621                    /home/jojolepro/Prog/B2L/dist/lib/core-0.27.jar
7f19c4d00000-7f19c4d08000 r--s 0006a000 08:02 8263620                    /home/jojolepro/Prog/B2L/dist/lib/jme3-blender-3.1.0-alpha1.jar
7f19c4d08000-7f19c4d09000 r--s 00002000 08:02 8263619                    /home/jojolepro/Prog/B2L/dist/lib/jinput-platform-2.0.5-natives-osx.jar
7f19c4d09000-7f19c4d0a000 r--s 00025000 08:02 8263618                    /home/jojolepro/Prog/B2L/dist/lib/jinput-platform-2.0.5-natives-windows.jar
7f19c4d0a000-7f19c4d0b000 r--s 00002000 08:02 8263617                    /home/jojolepro/Prog/B2L/dist/lib/jinput-platform-2.0.5-natives-linux.jar
7f19c4d0b000-7f19c4d0c000 r--s 00001000 08:02 8263616                    /home/jojolepro/Prog/B2L/dist/lib/jutils-1.0.0.jar
7f19c4d0c000-7f19c4d10000 r--s 0002f000 08:02 8263615                    /home/jojolepro/Prog/B2L/dist/lib/jinput-2.0.5.jar
7f19c4d10000-7f19c4d11000 r--s 00068000 08:02 8263614                    /home/jojolepro/Prog/B2L/dist/lib/lwjgl-platform-2.9.3-natives-osx.jar
7f19c4d11000-7f19c4d12000 r--s 0008d000 08:02 8263613                    /home/jojolepro/Prog/B2L/dist/lib/lwjgl-platform-2.9.3-natives-linux.jar
7f19c4d12000-7f19c4d13000 r--s 00095000 08:02 8263612                    /home/jojolepro/Prog/B2L/dist/lib/lwjgl-platform-2.9.3-natives-windows.jar
7f19c4d13000-7f19c4d22000 r--s 000f2000 08:02 8263611                    /home/jojolepro/Prog/B2L/dist/lib/lwjgl-2.9.3.jar
7f19c4d22000-7f19c4d24000 r--s 0000c000 08:02 8263610                    /home/jojolepro/Prog/B2L/dist/lib/jme3-lwjgl-3.1.0-alpha1.jar
7f19c4d24000-7f19c4dfb000 r--s 013fb000 08:02 8263608                    /home/jojolepro/Prog/B2L/dist/lib/android.jar
7f19c4dfb000-7f19c4dfc000 ---p 00000000 00:00 0 
7f19c4dfc000-7f19c4efc000 rw-p 00000000 00:00 0                          [stack:3471]
7f19c4efc000-7f19c4eff000 ---p 00000000 00:00 0 
7f19c4eff000-7f19c4ffd000 rw-p 00000000 00:00 0                          [stack:3470]
7f19c4ffd000-7f19c5000000 ---p 00000000 00:00 0 
7f19c5000000-7f19c50fe000 rw-p 00000000 00:00 0                          [stack:3469]
7f19c50fe000-7f19c5101000 ---p 00000000 00:00 0 
7f19c5101000-7f19c51ff000 rw-p 00000000 00:00 0                          [stack:3468]
7f19c51ff000-7f19c5202000 ---p 00000000 00:00 0 
7f19c5202000-7f19c5300000 rw-p 00000000 00:00 0                          [stack:3467]
7f19c5300000-7f19c5303000 ---p 00000000 00:00 0 
7f19c5303000-7f19c5401000 rw-p 00000000 00:00 0                          [stack:3466]
7f19c5401000-7f19c5404000 ---p 00000000 00:00 0 
7f19c5404000-7f19c5502000 rw-p 00000000 00:00 0                          [stack:3465]
7f19c5502000-7f19c5be4000 r--p 00000000 08:02 12983415                   /usr/lib/locale/locale-archive
7f19c5be4000-7f19c5be7000 ---p 00000000 00:00 0 
7f19c5be7000-7f19c5ce5000 rw-p 00000000 00:00 0                          [stack:3459]
7f19c5ce5000-7f19c5ce8000 ---p 00000000 00:00 0 
7f19c5ce8000-7f19c5de6000 rw-p 00000000 00:00 0                          [stack:3458]
7f19c5de6000-7f19c5de7000 ---p 00000000 00:00 0 
7f19c5de7000-7f19c8000000 rw-p 00000000 00:00 0                          [stack:3449]
7f19c8000000-7f19c8021000 rw-p 00000000 00:00 0 
7f19c8021000-7f19cc000000 ---p 00000000 00:00 0 
7f19cc000000-7f19cc003000 r--s 00025000 08:02 8263609                    /home/jojolepro/Prog/B2L/dist/lib/jme3-bullet-3.1.0-alpha1.jar
7f19cc003000-7f19cc007000 r--s 00029000 08:02 8263607                    /home/jojolepro/Prog/B2L/dist/lib/jme3-android-3.1.0-alpha1.jar
7f19cc007000-7f19cc258000 rw-p 00000000 00:00 0 
7f19cc258000-7f19cc430000 r--s 03d1d000 08:02 13128747                   /usr/lib/jvm/java-8-oracle/jre/lib/rt.jar
7f19cc430000-7f19ccbfc000 rw-p 00000000 00:00 0 
7f19ccbfc000-7f19ccbfd000 ---p 00000000 00:00 0 
7f19ccbfd000-7f19cccfd000 rw-p 00000000 00:00 0                          [stack:3441]
7f19cccfd000-7f19cccfe000 ---p 00000000 00:00 0 
7f19cccfe000-7f19ccdfe000 rw-p 00000000 00:00 0                          [stack:3440]
7f19ccdfe000-7f19ccdff000 ---p 00000000 00:00 0 
7f19ccdff000-7f19cceff000 rw-p 00000000 00:00 0                          [stack:3439]
7f19cceff000-7f19ccf00000 ---p 00000000 00:00 0 
7f19ccf00000-7f19cd000000 rw-p 00000000 00:00 0                          [stack:3438]
7f19cd000000-7f19cd2e0000 rwxp 00000000 00:00 0 
7f19cd2e0000-7f19dc000000 ---p 00000000 00:00 0 
7f19dc000000-7f19dc845000 rw-p 00000000 00:00 0 
7f19dc845000-7f19e0000000 ---p 00000000 00:00 0 
7f19e0000000-7f19e0003000 r--s 0003a000 08:02 8263606                    /home/jojolepro/Prog/B2L/dist/lib/jme3-desktop-3.1.0-alpha1.jar
7f19e0003000-7f19e0004000 r--s 00043000 08:02 8263605                    /home/jojolepro/Prog/B2L/dist/lib/vecmath-1.3.1.jar
7f19e0004000-7f19e0005000 r--s 0000b000 08:02 8263604                    /home/jojolepro/Prog/B2L/dist/lib/stack-alloc.jar
7f19e0005000-7f19e000e000 r--s 0007b000 08:02 8263603                    /home/jojolepro/Prog/B2L/dist/lib/jbullet.jar
7f19e000e000-7f19e0011000 r--s 00027000 08:02 8263602                    /home/jojolepro/Prog/B2L/dist/lib/jme3-jbullet-3.1.0-alpha1.jar
7f19e0011000-7f19e0012000 r--s 00201000 08:02 8263601                    /home/jojolepro/Prog/B2L/dist/lib/jme3-android-native-3.1.0-alpha1.jar
7f19e0012000-7f19e0016000 r--s 00017000 08:02 8263600                    /home/jojolepro/Prog/B2L/dist/lib/JojoleproUtilsV0.2.3A.jar
7f19e0016000-7f19e0019000 r--s 00026000 08:02 8263599                    /home/jojolepro/Prog/B2L/dist/lib/jme3-terrain-3.1.0-alpha1.jar
7f19e0019000-7f19e001c000 r--s 00080000 08:02 8263598                    /home/jojolepro/Prog/B2L/dist/lib/jme3-effects-3.1.0-alpha1.jar
7f19e001c000-7f19e001d000 r--s 0002b000 08:02 8263597                    /home/jojolepro/Prog/B2L/dist/lib/joal-2.3.1-natives-windows-i586.jar
7f19e001d000-7f19e001e000 r--s 0002d000 08:02 8263596                    /home/jojolepro/Prog/B2L/dist/lib/joal-2.3.1-natives-windows-amd64.jar
7f19e001e000-7f19e001f000 r--s 00001000 08:02 8263595                    /home/jojolepro/Prog/B2L/dist/lib/joal-2.3.1-natives-solaris-i586.jar
7f19e001f000-7f19e0020000 r--s 00002000 08:02 8263594                    /home/jojolepro/Prog/B2L/dist/lib/joal-2.3.1-natives-solaris-amd64.jar
7f19e0020000-7f19e0021000 r--s 0006f000 08:02 8263593                    /home/jojolepro/Prog/B2L/dist/lib/joal-2.3.1-natives-macosx-universal.jar
7f19e0021000-7f19e0022000 r--s 00030000 08:02 8263592                    /home/jojolepro/Prog/B2L/dist/lib/joal-2.3.1-natives-linux-i586.jar
7f19e0022000-7f19e0023000 r--s 00024000 08:02 8263591                    /home/jojolepro/Prog/B2L/dist/lib/joal-2.3.1-natives-linux-armv6hf.jar
7f19e0023000-7f19e0024000 r--s 00024000 08:02 8263590                    /home/jojolepro/Prog/B2L/dist/lib/joal-2.3.1-natives-linux-armv6.jar
7f19e0024000-7f19e0025000 r--s 0002e000 08:02 8263589                    /home/jojolepro/Prog/B2L/dist/lib/joal-2.3.1-natives-linux-amd64.jar
7f19e0025000-7f19e0026000 r--s 00002000 08:02 8263588                    /home/jojolepro/Prog/B2L/dist/lib/joal-2.3.1-natives-android-armv6.jar
7f19e0026000-7f19e0027000 r--s 00002000 08:02 8263587                    /home/jojolepro/Prog/B2L/dist/lib/joal-2.3.1-natives-android-aarch64.jar
7f19e0027000-7f19e0028000 r--s 0000f000 08:02 8263586                    /home/jojolepro/Prog/B2L/dist/lib/joal-2.3.1.jar
7f19e0028000-7f19e0029000 r--s 00031000 08:02 8263585                    /home/jojolepro/Prog/B2L/dist/lib/jogl-all-2.3.1-natives-windows-i586.jar
7f19e0029000-7f19e002b000 r--s 00038000 08:02 8263584                    /home/jojolepro/Prog/B2L/dist/lib/jogl-all-2.3.1-natives-windows-amd64.jar
7f19e002b000-7f19e002c000 r--s 00025000 08:02 8263583                    /home/jojolepro/Prog/B2L/dist/lib/jogl-all-2.3.1-natives-solaris-i586.jar
7f19e002c000-7f19e002d000 r--s 00033000 08:02 8263582                    /home/jojolepro/Prog/B2L/dist/lib/jogl-all-2.3.1-natives-solaris-amd64.jar
7f19e002d000-7f19e00a3000 rw-p 00000000 00:00 0 
7f19e00a3000-7f19e00a4000 ---p 00000000 00:00 0 
7f19e00a4000-7f19e01a4000 rw-p 00000000 00:00 0                          [stack:3437]
7f19e01a4000-7f19e01a5000 ---p 00000000 00:00 0 
7f19e01a5000-7f19e02a5000 rw-p 00000000 00:00 0                          [stack:3436]
7f19e02a5000-7f19e02a6000 ---p 00000000 00:00 0 
7f19e02a6000-7f19e03a6000 rw-p 00000000 00:00 0                          [stack:3435]
7f19e03a6000-7f19e03a7000 ---p 00000000 00:00 0 
7f19e03a7000-7f19e04fb000 rw-p 00000000 00:00 0                          [stack:3434]
7f19e04fb000-7f19e09da000 ---p 00000000 00:00 0 
7f19e09da000-7f19e0a2e000 rw-p 00000000 00:00 0 
7f19e0a2e000-7f19e0f0c000 ---p 00000000 00:00 0 
7f19e0f0c000-7f19e0f37000 rw-p 00000000 00:00 0 
7f19e0f37000-7f19e11a6000 ---p 00000000 00:00 0 
7f19e11a6000-7f19e11b3000 rw-p 00000000 00:00 0 
7f19e11b3000-7f19e1567000 ---p 00000000 00:00 0 
7f19e1567000-7f19e1581000 r-xp 00000000 08:02 13128824                   /usr/lib/jvm/java-8-oracle/jre/lib/amd64/libzip.so
7f19e1581000-7f19e1781000 ---p 0001a000 08:02 13128824                   /usr/lib/jvm/java-8-oracle/jre/lib/amd64/libzip.so
7f19e1781000-7f19e1782000 rw-p 0001a000 08:02 13128824                   /usr/lib/jvm/java-8-oracle/jre/lib/amd64/libzip.so
7f19e1782000-7f19e178e000 r-xp 00000000 08:02 7079006                    /lib/x86_64-linux-gnu/libnss_files-2.21.so
7f19e178e000-7f19e198d000 ---p 0000c000 08:02 7079006                    /lib/x86_64-linux-gnu/libnss_files-2.21.so
7f19e198d000-7f19e198e000 r--p 0000b000 08:02 7079006                    /lib/x86_64-linux-gnu/libnss_files-2.21.so
7f19e198e000-7f19e198f000 rw-p 0000c000 08:02 7079006                    /lib/x86_64-linux-gnu/libnss_files-2.21.so
7f19e198f000-7f19e199a000 r-xp 00000000 08:02 7083812                    /lib/x86_64-linux-gnu/libnss_nis-2.21.so
7f19e199a000-7f19e1b99000 ---p 0000b000 08:02 7083812                    /lib/x86_64-linux-gnu/libnss_nis-2.21.so
7f19e1b99000-7f19e1b9a000 r--p 0000a000 08:02 7083812                    /lib/x86_64-linux-gnu/libnss_nis-2.21.so
7f19e1b9a000-7f19e1b9b000 rw-p 0000b000 08:02 7083812                    /lib/x86_64-linux-gnu/libnss_nis-2.21.so
7f19e1b9b000-7f19e1bb2000 r-xp 00000000 08:02 7083806                    /lib/x86_64-linux-gnu/libnsl-2.21.so
7f19e1bb2000-7f19e1db1000 ---p 00017000 08:02 7083806                    /lib/x86_64-linux-gnu/libnsl-2.21.so
7f19e1db1000-7f19e1db2000 r--p 00016000 08:02 7083806                    /lib/x86_64-linux-gnu/libnsl-2.21.so
7f19e1db2000-7f19e1db3000 rw-p 00017000 08:02 7083806                    /lib/x86_64-linux-gnu/libnsl-2.21.so
7f19e1db3000-7f19e1db5000 rw-p 00000000 00:00 0 
7f19e1db5000-7f19e1dbd000 r-xp 00000000 08:02 7079040                    /lib/x86_64-linux-gnu/libnss_compat-2.21.so
7f19e1dbd000-7f19e1fbc000 ---p 00008000 08:02 7079040                    /lib/x86_64-linux-gnu/libnss_compat-2.21.so
7f19e1fbc000-7f19e1fbd000 r--p 00007000 08:02 7079040                    /lib/x86_64-linux-gnu/libnss_compat-2.21.so
7f19e1fbd000-7f19e1fbe000 rw-p 00008000 08:02 7079040                    /lib/x86_64-linux-gnu/libnss_compat-2.21.so
7f19e1fbe000-7f19e1fe8000 r-xp 00000000 08:02 13128848                   /usr/lib/jvm/java-8-oracle/jre/lib/amd64/libjava.so
7f19e1fe8000-7f19e21e8000 ---p 0002a000 08:02 13128848                   /usr/lib/jvm/java-8-oracle/jre/lib/amd64/libjava.so
7f19e21e8000-7f19e21ea000 rw-p 0002a000 08:02 13128848                   /usr/lib/jvm/java-8-oracle/jre/lib/amd64/libjava.so
7f19e21ea000-7f19e21f7000 r-xp 00000000 08:02 13128804                   /usr/lib/jvm/java-8-oracle/jre/lib/amd64/libverify.so
7f19e21f7000-7f19e23f7000 ---p 0000d000 08:02 13128804                   /usr/lib/jvm/java-8-oracle/jre/lib/amd64/libverify.so
7f19e23f7000-7f19e23f9000 rw-p 0000d000 08:02 13128804                   /usr/lib/jvm/java-8-oracle/jre/lib/amd64/libverify.so
7f19e23f9000-7f19e2400000 r-xp 00000000 08:02 7078784                    /lib/x86_64-linux-gnu/librt-2.21.so
7f19e2400000-7f19e25ff000 ---p 00007000 08:02 7078784                    /lib/x86_64-linux-gnu/librt-2.21.so
7f19e25ff000-7f19e2600000 r--p 00006000 08:02 7078784                    /lib/x86_64-linux-gnu/librt-2.21.so
7f19e2600000-7f19e2601000 rw-p 00007000 08:02 7078784                    /lib/x86_64-linux-gnu/librt-2.21.so
7f19e2601000-7f19e2708000 r-xp 00000000 08:02 7083814                    /lib/x86_64-linux-gnu/libm-2.21.so
7f19e2708000-7f19e2907000 ---p 00107000 08:02 7083814                    /lib/x86_64-linux-gnu/libm-2.21.so
7f19e2907000-7f19e2908000 r--p 00106000 08:02 7083814                    /lib/x86_64-linux-gnu/libm-2.21.so
7f19e2908000-7f19e2909000 rw-p 00107000 08:02 7083814                    /lib/x86_64-linux-gnu/libm-2.21.so
7f19e2909000-7f19e35c8000 r-xp 00000000 08:02 13128858                   /usr/lib/jvm/java-8-oracle/jre/lib/amd64/server/libjvm.so
7f19e35c8000-7f19e37c7000 ---p 00cbf000 08:02 13128858                   /usr/lib/jvm/java-8-oracle/jre/lib/amd64/server/libjvm.so
7f19e37c7000-7f19e38a0000 rw-p 00cbe000 08:02 13128858                   /usr/lib/jvm/java-8-oracle/jre/lib/amd64/server/libjvm.so
7f19e38a0000-7f19e38e9000 rw-p 00000000 00:00 0 
7f19e38e9000-7f19e3aa9000 r-xp 00000000 08:02 7083815                    /lib/x86_64-linux-gnu/libc-2.21.so
7f19e3aa9000-7f19e3ca9000 ---p 001c0000 08:02 7083815                    /lib/x86_64-linux-gnu/libc-2.21.so
7f19e3ca9000-7f19e3cad000 r--p 001c0000 08:02 7083815                    /lib/x86_64-linux-gnu/libc-2.21.so
7f19e3cad000-7f19e3caf000 rw-p 001c4000 08:02 7083815                    /lib/x86_64-linux-gnu/libc-2.21.so
7f19e3caf000-7f19e3cb3000 rw-p 00000000 00:00 0 
7f19e3cb3000-7f19e3cb6000 r-xp 00000000 08:02 7083811                    /lib/x86_64-linux-gnu/libdl-2.21.so
7f19e3cb6000-7f19e3eb5000 ---p 00003000 08:02 7083811                    /lib/x86_64-linux-gnu/libdl-2.21.so
7f19e3eb5000-7f19e3eb6000 r--p 00002000 08:02 7083811                    /lib/x86_64-linux-gnu/libdl-2.21.so
7f19e3eb6000-7f19e3eb7000 rw-p 00003000 08:02 7083811                    /lib/x86_64-linux-gnu/libdl-2.21.so
7f19e3eb7000-7f19e3ecc000 r-xp 00000000 08:02 13128856                   /usr/lib/jvm/java-8-oracle/jre/lib/amd64/jli/libjli.so
7f19e3ecc000-7f19e40cc000 ---p 00015000 08:02 13128856                   /usr/lib/jvm/java-8-oracle/jre/lib/amd64/jli/libjli.so
7f19e40cc000-7f19e40cd000 rw-p 00015000 08:02 13128856                   /usr/lib/jvm/java-8-oracle/jre/lib/amd64/jli/libjli.so
7f19e40cd000-7f19e40e5000 r-xp 00000000 08:02 7079001                    /lib/x86_64-linux-gnu/libpthread-2.21.so
7f19e40e5000-7f19e42e5000 ---p 00018000 08:02 7079001                    /lib/x86_64-linux-gnu/libpthread-2.21.so
7f19e42e5000-7f19e42e6000 r--p 00018000 08:02 7079001                    /lib/x86_64-linux-gnu/libpthread-2.21.so
7f19e42e6000-7f19e42e7000 rw-p 00019000 08:02 7079001                    /lib/x86_64-linux-gnu/libpthread-2.21.so
7f19e42e7000-7f19e42eb000 rw-p 00000000 00:00 0 
7f19e42eb000-7f19e430f000 r-xp 00000000 08:02 7083809                    /lib/x86_64-linux-gnu/ld-2.21.so
7f19e430f000-7f19e4311000 r--s 0006c000 08:02 8263581                    /home/jojolepro/Prog/B2L/dist/lib/jogl-all-2.3.1-natives-macosx-universal.jar
7f19e4311000-7f19e4312000 r--s 00032000 08:02 8263580                    /home/jojolepro/Prog/B2L/dist/lib/jogl-all-2.3.1-natives-linux-i586.jar
7f19e4312000-7f19e4313000 r--s 00026000 08:02 8263578                    /home/jojolepro/Prog/B2L/dist/lib/jogl-all-2.3.1-natives-linux-armv6hf.jar
7f19e4313000-7f19e4314000 r--s 00025000 08:02 8258876                    /home/jojolepro/Prog/B2L/dist/lib/jogl-all-2.3.1-natives-linux-armv6.jar
7f19e4314000-7f19e4315000 r--s 00034000 08:02 8258874                    /home/jojolepro/Prog/B2L/dist/lib/jogl-all-2.3.1-natives-linux-amd64.jar
7f19e4315000-7f19e4338000 r--s 002fc000 08:02 8258871                    /home/jojolepro/Prog/B2L/dist/lib/jogl-all-2.3.1.jar
7f19e4338000-7f19e43e1000 rw-p 00000000 00:00 0 
7f19e43e1000-7f19e43e4000 ---p 00000000 00:00 0 
7f19e43e4000-7f19e44e6000 rw-p 00000000 00:00 0                          [stack:3433]
7f19e44e6000-7f19e44e7000 r--s 0000e000 08:02 8258873                    /home/jojolepro/Prog/B2L/dist/lib/jogl-all-2.3.1-natives-android-armv6.jar
7f19e44e7000-7f19e44e8000 r--s 0000f000 08:02 8258872                    /home/jojolepro/Prog/B2L/dist/lib/jogl-all-2.3.1-natives-android-aarch64.jar
7f19e44e8000-7f19e44e9000 r--s 00001000 08:02 8258870                    /home/jojolepro/Prog/B2L/dist/lib/gluegen-rt-2.3.1-natives-windows-i586.jar
7f19e44e9000-7f19e44ea000 r--s 00001000 08:02 8258869                    /home/jojolepro/Prog/B2L/dist/lib/gluegen-rt-2.3.1-natives-windows-amd64.jar
7f19e44ea000-7f19e44eb000 r--s 00000000 08:02 8258865                    /home/jojolepro/Prog/B2L/dist/lib/gluegen-rt-2.3.1-natives-solaris-i586.jar
7f19e44eb000-7f19e44ec000 r--s 00001000 08:02 8258863                    /home/jojolepro/Prog/B2L/dist/lib/gluegen-rt-2.3.1-natives-solaris-amd64.jar
7f19e44ec000-7f19e44ed000 r--s 00001000 08:02 8258862                    /home/jojolepro/Prog/B2L/dist/lib/gluegen-rt-2.3.1-natives-macosx-universal.jar
7f19e44ed000-7f19e44ef000 r--s 00000000 08:02 8258861                    /home/jojolepro/Prog/B2L/dist/lib/gluegen-rt-2.3.1-natives-linux-i586.jar
7f19e44ef000-7f19e44f0000 r--s 00000000 08:02 8258860                    /home/jojolepro/Prog/B2L/dist/lib/gluegen-rt-2.3.1-natives-linux-armv6hf.jar
7f19e44f0000-7f19e44f1000 r--s 00000000 08:02 8258859                    /home/jojolepro/Prog/B2L/dist/lib/gluegen-rt-2.3.1-natives-linux-armv6.jar
7f19e44f1000-7f19e44f3000 r--s 00000000 08:02 8258856                    /home/jojolepro/Prog/B2L/dist/lib/gluegen-rt-2.3.1-natives-linux-amd64.jar
7f19e44f3000-7f19e44f4000 r--s 00001000 08:02 8258855                    /home/jojolepro/Prog/B2L/dist/lib/gluegen-rt-2.3.1-natives-android-armv6.jar
7f19e44f4000-7f19e44f5000 r--s 00000000 08:02 8258854                    /home/jojolepro/Prog/B2L/dist/lib/gluegen-rt-2.3.1-natives-android-aarch64.jar
7f19e44f5000-7f19e44fb000 r--s 0004a000 08:02 8258849                    /home/jojolepro/Prog/B2L/dist/lib/gluegen-rt-2.3.1.jar
7f19e44fb000-7f19e44fc000 r--s 00000000 08:02 8258848                    /home/jojolepro/Prog/B2L/dist/lib/joal-main-2.3.1.jar
7f19e44fc000-7f19e44fd000 r--s 00000000 08:02 8258846                    /home/jojolepro/Prog/B2L/dist/lib/jogl-all-main-2.3.1.jar
7f19e44fd000-7f19e44fe000 r--s 00000000 08:02 8258843                    /home/jojolepro/Prog/B2L/dist/lib/gluegen-rt-main-2.3.1.jar
7f19e44fe000-7f19e4500000 r--s 00013000 08:02 8258842                    /home/jojolepro/Prog/B2L/dist/lib/jme3-jogl-3.1.0-alpha1.jar
7f19e4500000-7f19e4502000 r--s 00025000 08:02 8265370                    /home/jojolepro/Prog/B2L/dist/MyGame.jar
7f19e4502000-7f19e450a000 rw-s 00000000 08:02 2359431                    /tmp/hsperfdata_jojolepro/3432
7f19e450a000-7f19e450b000 rw-p 00000000 00:00 0 
7f19e450b000-7f19e450c000 r--p 00000000 00:00 0 
7f19e450c000-7f19e450e000 rw-p 00000000 00:00 0 
7f19e450e000-7f19e450f000 r--p 00023000 08:02 7083809                    /lib/x86_64-linux-gnu/ld-2.21.so
7f19e450f000-7f19e4510000 rw-p 00024000 08:02 7083809                    /lib/x86_64-linux-gnu/ld-2.21.so
7f19e4510000-7f19e4511000 rw-p 00000000 00:00 0 
7ffd572bf000-7ffd572e0000 rw-p 00000000 00:00 0                          [stack]
7ffd57378000-7ffd5737a000 r--p 00000000 00:00 0                          [vvar]
7ffd5737a000-7ffd5737c000 r-xp 00000000 00:00 0                          [vdso]
ffffffffff600000-ffffffffff601000 r-xp 00000000 00:00 0                  [vsyscall]

VM Arguments:
java_command: ./dist/MyGame.jar
java_class_path (initial): ./dist/MyGame.jar
Launcher Type: SUN_STANDARD

Environment Variables:
JAVA_HOME=/usr/lib/jvm/java-8-oracle
PATH=/usr/local/sbin:/usr/local/bin:/usr/sbin:/usr/bin:/sbin:/bin:/usr/games:/usr/local/games:/usr/lib/jvm/java-8-oracle/bin:/usr/lib/jvm/java-8-oracle/db/bin:/usr/lib/jvm/java-8-oracle/jre/bin
SHELL=/bin/bash
DISPLAY=:0

Signal Handlers:
SIGSEGV: [libjvm.so+0xabb070], sa_mask[0]=11111111011111111101111111111110, sa_flags=SA_RESTART|SA_SIGINFO
SIGBUS: [libjvm.so+0xabb070], sa_mask[0]=11111111011111111101111111111110, sa_flags=SA_RESTART|SA_SIGINFO
SIGFPE: [libjvm.so+0x918480], sa_mask[0]=11111111011111111101111111111110, sa_flags=SA_RESTART|SA_SIGINFO
SIGPIPE: SIG_IGN, sa_mask[0]=00000000000010000000000000000000, sa_flags=SA_RESTART
SIGXFSZ: [libjvm.so+0x918480], sa_mask[0]=11111111011111111101111111111110, sa_flags=SA_RESTART|SA_SIGINFO
SIGILL: [libjvm.so+0x918480], sa_mask[0]=11111111011111111101111111111110, sa_flags=SA_RESTART|SA_SIGINFO
SIGUSR1: SIG_DFL, sa_mask[0]=00000000000000000000000000000000, sa_flags=none
SIGUSR2: [libjvm.so+0x919ab0], sa_mask[0]=00000000000000000000000000000000, sa_flags=SA_RESTART|SA_SIGINFO
SIGHUP: [libjvm.so+0x91aeb0], sa_mask[0]=11111111011111111101111111111110, sa_flags=SA_RESTART|SA_SIGINFO
SIGINT: [libjvm.so+0x91aeb0], sa_mask[0]=11111111011111111101111111111110, sa_flags=SA_RESTART|SA_SIGINFO
SIGTERM: [libjvm.so+0x91aeb0], sa_mask[0]=11111111011111111101111111111110, sa_flags=SA_RESTART|SA_SIGINFO
SIGQUIT: [libjvm.so+0x91aeb0], sa_mask[0]=11111111011111111101111111111110, sa_flags=SA_RESTART|SA_SIGINFO


---------------  S Y S T E M  ---------------

OS:DISTRIB_ID=Ubuntu
DISTRIB_RELEASE=15.10
DISTRIB_CODENAME=wily
DISTRIB_DESCRIPTION="Ubuntu 15.10"

uname:Linux 4.2.0-34-generic #39-Ubuntu SMP Thu Mar 10 22:13:01 UTC 2016 x86_64
libc:glibc 2.21 NPTL 2.21 
rlimit: STACK 8192k, CORE 0k, NPROC 63183, NOFILE 65536, AS infinity
load average:1.29 0.47 0.22

/proc/meminfo:
MemTotal:       16343220 kB
MemFree:        12606456 kB
MemAvailable:   13882028 kB
Buffers:           98316 kB
Cached:          1253156 kB
SwapCached:            0 kB
Active:          2744072 kB
Inactive:         724892 kB
Active(anon):    2118696 kB
Inactive(anon):    75152 kB
Active(file):     625376 kB
Inactive(file):   649740 kB
Unevictable:          32 kB
Mlocked:              32 kB
SwapTotal:      16687100 kB
SwapFree:       16687100 kB
Dirty:             56980 kB
Writeback:             0 kB
AnonPages:       2117684 kB
Mapped:           317276 kB
Shmem:             76316 kB
Slab:             101996 kB
SReclaimable:      60840 kB
SUnreclaim:        41156 kB
KernelStack:       10272 kB
PageTables:        34332 kB
NFS_Unstable:          0 kB
Bounce:                0 kB
WritebackTmp:          0 kB
CommitLimit:    24858708 kB
Committed_AS:    6893304 kB
VmallocTotal:   34359738367 kB
VmallocUsed:      636768 kB
VmallocChunk:   34358423548 kB
HardwareCorrupted:     0 kB
AnonHugePages:   1294336 kB
CmaTotal:              0 kB
CmaFree:               0 kB
HugePages_Total:       0
HugePages_Free:        0
HugePages_Rsvd:        0
HugePages_Surp:        0
Hugepagesize:       2048 kB
DirectMap4k:      213760 kB
DirectMap2M:     5988352 kB
DirectMap1G:    11534336 kB


CPU:total 8 (4 cores per cpu, 2 threads per core) family 6 model 60 stepping 3, cmov, cx8, fxsr, mmx, sse, sse2, sse3, ssse3, sse4.1, sse4.2, popcnt, avx, avx2, aes, clmul, erms, lzcnt, ht, tsc, tscinvbit, bmi1, bmi2

/proc/cpuinfo:
processor	: 0
vendor_id	: GenuineIntel
cpu family	: 6
model		: 60
model name	: Intel(R) Core(TM) i7-4700HQ CPU @ 2.40GHz
stepping	: 3
microcode	: 0x1a
cpu MHz		: 3199.968
cache size	: 6144 KB
physical id	: 0
siblings	: 8
core id		: 0
cpu cores	: 4
apicid		: 0
initial apicid	: 0
fpu		: yes
fpu_exception	: yes
cpuid level	: 13
wp		: yes
flags		: fpu vme de pse tsc msr pae mce cx8 apic sep mtrr pge mca cmov pat pse36 clflush dts acpi mmx fxsr sse sse2 ss ht tm pbe syscall nx pdpe1gb rdtscp lm constant_tsc arch_perfmon pebs bts rep_good nopl xtopology nonstop_tsc aperfmperf eagerfpu pni pclmulqdq dtes64 monitor ds_cpl vmx est tm2 ssse3 fma cx16 xtpr pdcm pcid sse4_1 sse4_2 x2apic movbe popcnt tsc_deadline_timer aes xsave avx f16c rdrand lahf_lm abm ida arat epb pln pts dtherm tpr_shadow vnmi flexpriority ept vpid fsgsbase tsc_adjust bmi1 avx2 smep bmi2 erms invpcid xsaveopt
bugs		:
bogomips	: 4788.83
clflush size	: 64
cache_alignment	: 64
address sizes	: 39 bits physical, 48 bits virtual
power management:

processor	: 1
vendor_id	: GenuineIntel
cpu family	: 6
model		: 60
model name	: Intel(R) Core(TM) i7-4700HQ CPU @ 2.40GHz
stepping	: 3
microcode	: 0x1a
cpu MHz		: 3199.968
cache size	: 6144 KB
physical id	: 0
siblings	: 8
core id		: 0
cpu cores	: 4
apicid		: 1
initial apicid	: 1
fpu		: yes
fpu_exception	: yes
cpuid level	: 13
wp		: yes
flags		: fpu vme de pse tsc msr pae mce cx8 apic sep mtrr pge mca cmov pat pse36 clflush dts acpi mmx fxsr sse sse2 ss ht tm pbe syscall nx pdpe1gb rdtscp lm constant_tsc arch_perfmon pebs bts rep_good nopl xtopology nonstop_tsc aperfmperf eagerfpu pni pclmulqdq dtes64 monitor ds_cpl vmx est tm2 ssse3 fma cx16 xtpr pdcm pcid sse4_1 sse4_2 x2apic movbe popcnt tsc_deadline_timer aes xsave avx f16c rdrand lahf_lm abm ida arat epb pln pts dtherm tpr_shadow vnmi flexpriority ept vpid fsgsbase tsc_adjust bmi1 avx2 smep bmi2 erms invpcid xsaveopt
bugs		:
bogomips	: 4788.83
clflush size	: 64
cache_alignment	: 64
address sizes	: 39 bits physical, 48 bits virtual
power management:

processor	: 2
vendor_id	: GenuineIntel
cpu family	: 6
model		: 60
model name	: Intel(R) Core(TM) i7-4700HQ CPU @ 2.40GHz
stepping	: 3
microcode	: 0x1a
cpu MHz		: 3199.968
cache size	: 6144 KB
physical id	: 0
siblings	: 8
core id		: 1
cpu cores	: 4
apicid		: 2
initial apicid	: 2
fpu		: yes
fpu_exception	: yes
cpuid level	: 13
wp		: yes
flags		: fpu vme de pse tsc msr pae mce cx8 apic sep mtrr pge mca cmov pat pse36 clflush dts acpi mmx fxsr sse sse2 ss ht tm pbe syscall nx pdpe1gb rdtscp lm constant_tsc arch_perfmon pebs bts rep_good nopl xtopology nonstop_tsc aperfmperf eagerfpu pni pclmulqdq dtes64 monitor ds_cpl vmx est tm2 ssse3 fma cx16 xtpr pdcm pcid sse4_1 sse4_2 x2apic movbe popcnt tsc_deadline_timer aes xsave avx f16c rdrand lahf_lm abm ida arat epb pln pts dtherm tpr_shadow vnmi flexpriority ept vpid fsgsbase tsc_adjust bmi1 avx2 smep bmi2 erms invpcid xsaveopt
bugs		:
bogomips	: 4788.83
clflush size	: 64
cache_alignment	: 64
address sizes	: 39 bits physical, 48 bits virtual
power management:

processor	: 3
vendor_id	: GenuineIntel
cpu family	: 6
model		: 60
model name	: Intel(R) Core(TM) i7-4700HQ CPU @ 2.40GHz
stepping	: 3
microcode	: 0x1a
cpu MHz		: 3199.968
cache size	: 6144 KB
physical id	: 0
siblings	: 8
core id		: 1
cpu cores	: 4
apicid		: 3
initial apicid	: 3
fpu		: yes
fpu_exception	: yes
cpuid level	: 13
wp		: yes
flags		: fpu vme de pse tsc msr pae mce cx8 apic sep mtrr pge mca cmov pat pse36 clflush dts acpi mmx fxsr sse sse2 ss ht tm pbe syscall nx pdpe1gb rdtscp lm constant_tsc arch_perfmon pebs bts rep_good nopl xtopology nonstop_tsc aperfmperf eagerfpu pni pclmulqdq dtes64 monitor ds_cpl vmx est tm2 ssse3 fma cx16 xtpr pdcm pcid sse4_1 sse4_2 x2apic movbe popcnt tsc_deadline_timer aes xsave avx f16c rdrand lahf_lm abm ida arat epb pln pts dtherm tpr_shadow vnmi flexpriority ept vpid fsgsbase tsc_adjust bmi1 avx2 smep bmi2 erms invpcid xsaveopt
bugs		:
bogomips	: 4788.83
clflush size	: 64
cache_alignment	: 64
address sizes	: 39 bits physical, 48 bits virtual
power management:

processor	: 4
vendor_id	: GenuineIntel
cpu family	: 6
model		: 60
model name	: Intel(R) Core(TM) i7-4700HQ CPU @ 2.40GHz
stepping	: 3
microcode	: 0x1a
cpu MHz		: 3199.968
cache size	: 6144 KB
physical id	: 0
siblings	: 8
core id		: 2
cpu cores	: 4
apicid		: 4
initial apicid	: 4
fpu		: yes
fpu_exception	: yes
cpuid level	: 13
wp		: yes
flags		: fpu vme de pse tsc msr pae mce cx8 apic sep mtrr pge mca cmov pat pse36 clflush dts acpi mmx fxsr sse sse2 ss ht tm pbe syscall nx pdpe1gb rdtscp lm constant_tsc arch_perfmon pebs bts rep_good nopl xtopology nonstop_tsc aperfmperf eagerfpu pni pclmulqdq dtes64 monitor ds_cpl vmx est tm2 ssse3 fma cx16 xtpr pdcm pcid sse4_1 sse4_2 x2apic movbe popcnt tsc_deadline_timer aes xsave avx f16c rdrand lahf_lm abm ida arat epb pln pts dtherm tpr_shadow vnmi flexpriority ept vpid fsgsbase tsc_adjust bmi1 avx2 smep bmi2 erms invpcid xsaveopt
bugs		:
bogomips	: 4788.83
clflush size	: 64
cache_alignment	: 64
address sizes	: 39 bits physical, 48 bits virtual
power management:

processor	: 5
vendor_id	: GenuineIntel
cpu family	: 6
model		: 60
model name	: Intel(R) Core(TM) i7-4700HQ CPU @ 2.40GHz
stepping	: 3
microcode	: 0x1a
cpu MHz		: 3199.968
cache size	: 6144 KB
physical id	: 0
siblings	: 8
core id		: 2
cpu cores	: 4
apicid		: 5
initial apicid	: 5
fpu		: yes
fpu_exception	: yes
cpuid level	: 13
wp		: yes
flags		: fpu vme de pse tsc msr pae mce cx8 apic sep mtrr pge mca cmov pat pse36 clflush dts acpi mmx fxsr sse sse2 ss ht tm pbe syscall nx pdpe1gb rdtscp lm constant_tsc arch_perfmon pebs bts rep_good nopl xtopology nonstop_tsc aperfmperf eagerfpu pni pclmulqdq dtes64 monitor ds_cpl vmx est tm2 ssse3 fma cx16 xtpr pdcm pcid sse4_1 sse4_2 x2apic movbe popcnt tsc_deadline_timer aes xsave avx f16c rdrand lahf_lm abm ida arat epb pln pts dtherm tpr_shadow vnmi flexpriority ept vpid fsgsbase tsc_adjust bmi1 avx2 smep bmi2 erms invpcid xsaveopt
bugs		:
bogomips	: 4788.83
clflush size	: 64
cache_alignment	: 64
address sizes	: 39 bits physical, 48 bits virtual
power management:

processor	: 6
vendor_id	: GenuineIntel
cpu family	: 6
model		: 60
model name	: Intel(R) Core(TM) i7-4700HQ CPU @ 2.40GHz
stepping	: 3
microcode	: 0x1a
cpu MHz		: 3199.968
cache size	: 6144 KB
physical id	: 0
siblings	: 8
core id		: 3
cpu cores	: 4
apicid		: 6
initial apicid	: 6
fpu		: yes
fpu_exception	: yes
cpuid level	: 13
wp		: yes
flags		: fpu vme de pse tsc msr pae mce cx8 apic sep mtrr pge mca cmov pat pse36 clflush dts acpi mmx fxsr sse sse2 ss ht tm pbe syscall nx pdpe1gb rdtscp lm constant_tsc arch_perfmon pebs bts rep_good nopl xtopology nonstop_tsc aperfmperf eagerfpu pni pclmulqdq dtes64 monitor ds_cpl vmx est tm2 ssse3 fma cx16 xtpr pdcm pcid sse4_1 sse4_2 x2apic movbe popcnt tsc_deadline_timer aes xsave avx f16c rdrand lahf_lm abm ida arat epb pln pts dtherm tpr_shadow vnmi flexpriority ept vpid fsgsbase tsc_adjust bmi1 avx2 smep bmi2 erms invpcid xsaveopt
bugs		:
bogomips	: 4788.83
clflush size	: 64
cache_alignment	: 64
address sizes	: 39 bits physical, 48 bits virtual
power management:

processor	: 7
vendor_id	: GenuineIntel
cpu family	: 6
model		: 60
model name	: Intel(R) Core(TM) i7-4700HQ CPU @ 2.40GHz
stepping	: 3
microcode	: 0x1a
cpu MHz		: 3199.968
cache size	: 6144 KB
physical id	: 0
siblings	: 8
core id		: 3
cpu cores	: 4
apicid		: 7
initial apicid	: 7
fpu		: yes
fpu_exception	: yes
cpuid level	: 13
wp		: yes
flags		: fpu vme de pse tsc msr pae mce cx8 apic sep mtrr pge mca cmov pat pse36 clflush dts acpi mmx fxsr sse sse2 ss ht tm pbe syscall nx pdpe1gb rdtscp lm constant_tsc arch_perfmon pebs bts rep_good nopl xtopology nonstop_tsc aperfmperf eagerfpu pni pclmulqdq dtes64 monitor ds_cpl vmx est tm2 ssse3 fma cx16 xtpr pdcm pcid sse4_1 sse4_2 x2apic movbe popcnt tsc_deadline_timer aes xsave avx f16c rdrand lahf_lm abm ida arat epb pln pts dtherm tpr_shadow vnmi flexpriority ept vpid fsgsbase tsc_adjust bmi1 avx2 smep bmi2 erms invpcid xsaveopt
bugs		:
bogomips	: 4788.83
clflush size	: 64
cache_alignment	: 64
address sizes	: 39 bits physical, 48 bits virtual
power management:



Memory: 4k page, physical 16343220k(12606456k free), swap 16687100k(16687100k free)

vm_info: Java HotSpot(TM) 64-Bit Server VM (25.74-b02) for linux-amd64 JRE (1.8.0_74-b02), built on Jan 29 2016 19:20:56 by "java_re" with gcc 4.3.0 20080428 (Red Hat 4.3.0-8)

time: Tue Mar 15 09:18:41 2016
elapsed time: 0 seconds (0d 0h 0m 0s)

