#
# A fatal error has been detected by the Java Runtime Environment:
#
#  EXCEPTION_ACCESS_VIOLATION (0xc0000005) at pc=0x00000000, pid=3396, tid=2328
#
# JRE version: Java(TM) SE Runtime Environment (7.0_45-b18) (build 1.7.0_45-b18)
# Java VM: Java HotSpot(TM) Client VM (24.45-b08 mixed mode, sharing windows-x86 )
# Problematic frame:
# C  0x00000000
#
# Failed to write core dump. Minidumps are not enabled by default on client versions of Windows
#
# If you would like to submit a bug report, please visit:
#   http://bugreport.sun.com/bugreport/crash.jsp
# The crash happened outside the Java Virtual Machine in native code.
# See problematic frame for where to report the bug.
#

---------------  T H R E A D  ---------------

Current thread (0x03e2e000):  JavaThread "LWJGL Renderer Thread" [_thread_in_native, id=2328, stack(0x04fe0000,0x05030000)]

siginfo: ExceptionCode=0xc0000005, ExceptionInformation=0x00000008 0x00000000

Registers:
EAX=0x00000000, EBX=0x00000000, ECX=0x00000020, EDX=0x03e2e130
ESP=0x0502f764, EBP=0x0502f7a8, ESI=0x0502f798, EDI=0x03e2e000
EIP=0x00000000, EFLAGS=0x00010246

Top of Stack: (sp=0x0502f764)
0x0502f764:   00000000 3ff00000 01ad1837 03e2e130
0x0502f774:   0502f798 00000000 3ff00000 00000000
0x0502f784:   3ff00000 05301410 00000000 0000000c
0x0502f794:   00000000 294a8870 01a8aeb8 293dcdb8
0x0502f7a4:   294fb100 0502f9d0 01ad0e38 05301410
0x0502f7b4:   00000000 29515588 29be62f0 00000005
0x0502f7c4:   1000a8c9 0502f9d0 01acab44 294fb068
0x0502f7d4:   294fb100 00000001 00000000 29535958 

Instructions: (pc=0x00000000)
0xffffffe0:   


Register to memory mapping:

EAX=0x00000000 is an unknown value
EBX=0x00000000 is an unknown value
ECX=0x00000020 is an unknown value
EDX=0x03e2e130 is an unknown value
ESP=0x0502f764 is pointing into the stack for thread: 0x03e2e000
EBP=0x0502f7a8 is pointing into the stack for thread: 0x03e2e000
ESI=0x0502f798 is pointing into the stack for thread: 0x03e2e000
EDI=0x03e2e000 is a thread


Stack: [0x04fe0000,0x05030000],  sp=0x0502f764,  free space=317k
Java frames: (J=compiled Java code, j=interpreted, Vv=VM code)
J  org.lwjgl.opengl.GL11.nglDepthRange(DDJ)V
J  com.jme3.renderer.lwjgl.LwjglRenderer.setDepthRange(FF)V
J  com.jme3.renderer.RenderManager.renderViewPortQueues(Lcom/jme3/renderer/ViewPort;Z)V
J  com.jme3.renderer.RenderManager.renderViewPort(Lcom/jme3/renderer/ViewPort;F)V
J  com.jme3.renderer.RenderManager.render(FZ)V
j  com.jme3.app.SimpleApplication.update()V+102
j  com.jme3.system.lwjgl.LwjglAbstractDisplay.runLoop()V+22
j  com.jme3.system.lwjgl.LwjglCanvas.runLoop()V+222
j  com.jme3.system.lwjgl.LwjglAbstractDisplay.run()V+132
j  java.lang.Thread.run()V+11
v  ~StubRoutines::call_stub

---------------  P R O C E S S  ---------------

Java Threads: ( => current thread )
  0x067a7c00 JavaThread "Thread-1" daemon [_thread_in_native, id=600, stack(0x0a480000,0x0a4d0000)]
  0x067de000 JavaThread "jME3 Audio Thread" daemon [_thread_blocked, id=4088, stack(0x076d0000,0x07720000)]
=>0x03e2e000 JavaThread "LWJGL Renderer Thread" [_thread_in_native, id=2328, stack(0x04fe0000,0x05030000)]
  0x0177cc00 JavaThread "DestroyJavaVM" [_thread_blocked, id=3784, stack(0x01230000,0x01280000)]
  0x03df3000 JavaThread "AWT-EventQueue-0" [_thread_blocked, id=3232, stack(0x040f0000,0x04140000)]
  0x03df2800 JavaThread "AWT-Windows" daemon [_thread_in_native, id=3012, stack(0x04160000,0x041b0000)]
  0x03df1c00 JavaThread "AWT-Shutdown" [_thread_blocked, id=2112, stack(0x04020000,0x04070000)]
  0x03def000 JavaThread "Java2D Disposer" daemon [_thread_blocked, id=4072, stack(0x04070000,0x040c0000)]
  0x0182cc00 JavaThread "Service Thread" daemon [_thread_blocked, id=3008, stack(0x039e0000,0x03a30000)]
  0x01820800 JavaThread "C1 CompilerThread0" daemon [_thread_blocked, id=3184, stack(0x03cd0000,0x03d20000)]
  0x0181f400 JavaThread "Attach Listener" daemon [_thread_blocked, id=976, stack(0x03b70000,0x03bc0000)]
  0x0181c400 JavaThread "Signal Dispatcher" daemon [_thread_blocked, id=3648, stack(0x03a40000,0x03a90000)]
  0x017b6000 JavaThread "Finalizer" daemon [_thread_blocked, id=3284, stack(0x01890000,0x018e0000)]
  0x017b1000 JavaThread "Reference Handler" daemon [_thread_blocked, id=3292, stack(0x03b10000,0x03b60000)]

Other Threads:
  0x017af800 VMThread [stack: 0x03950000,0x039a0000] [id=2960]
  0x01847000 WatcherThread [stack: 0x03c50000,0x03ca0000] [id=2272]

VM state:not at safepoint (normal execution)

VM Mutex/Monitor currently owned by a thread: None

Heap
 def new generation   total 5504K, used 3188K [0x23900000, 0x23ef0000, 0x28e50000)
  eden space 4928K,  53% used [0x23900000, 0x23b8d060, 0x23dd0000)
  from space 576K, 100% used [0x23e60000, 0x23ef0000, 0x23ef0000)
  to   space 576K,   0% used [0x23dd0000, 0x23dd0000, 0x23e60000)
 tenured generation   total 18668K, used 14141K [0x28e50000, 0x2a08b000, 0x33900000)
   the space 18668K,  75% used [0x28e50000, 0x29c1f778, 0x29c1f800, 0x2a08b000)
 compacting perm gen  total 12288K, used 3903K [0x33900000, 0x34500000, 0x37900000)
   the space 12288K,  31% used [0x33900000, 0x33ccff28, 0x33cd0000, 0x34500000)
    ro space 10240K,  41% used [0x37900000, 0x37d31a78, 0x37d31c00, 0x38300000)
    rw space 12288K,  52% used [0x38300000, 0x389462c0, 0x38946400, 0x38f00000)

Card table byte_map: [0x01680000,0x01730000] byte_map_base: 0x01563800

Polling page: 0x00170000

Code Cache  [0x01940000, 0x01af0000, 0x03940000)
 total_blobs=1064 nmethods=762 adapters=239 free_code_cache=31067Kb largest_free_block=31812544

Compilation events (10 events):
Event: 14.595 Thread 0x01820800  761             java.nio.Bits::int3 (6 bytes)
Event: 14.595 Thread 0x01820800 nmethod 761 0x01ae87c8 code [0x01ae88c0, 0x01ae8930]
Event: 14.595 Thread 0x01820800  762             java.nio.Bits::int2 (6 bytes)
Event: 14.595 Thread 0x01820800 nmethod 762 0x01ae8988 code [0x01ae8a80, 0x01ae8af0]
Event: 14.595 Thread 0x01820800  763             java.nio.Bits::int1 (6 bytes)
Event: 14.595 Thread 0x01820800 nmethod 763 0x01ae8b48 code [0x01ae8c40, 0x01ae8cb0]
Event: 14.595 Thread 0x01820800  764             java.nio.Bits::int0 (3 bytes)
Event: 14.595 Thread 0x01820800 nmethod 764 0x01ae8d08 code [0x01ae8e00, 0x01ae8e70]
Event: 14.597 Thread 0x01820800  765             com.jme3.math.Quaternion::mult (406 bytes)
Event: 14.597 Thread 0x01820800 nmethod 765 0x01ae8ec8 code [0x01ae8ff0, 0x01ae9350]

GC Heap History (10 events):
Event: 1.517 GC heap before
{Heap before GC invocations=2 (full 0):
 def new generation   total 4928K, used 4928K [0x23900000, 0x23e50000, 0x28e50000)
  eden space 4416K, 100% used [0x23900000, 0x23d50000, 0x23d50000)
  from space 512K, 100% used [0x23d50000, 0x23dd0000, 0x23dd0000)
  to   space 512K,   0% used [0x23dd0000, 0x23dd0000, 0x23e50000)
 tenured generation   total 10944K, used 6452K [0x28e50000, 0x29900000, 0x33900000)
   the space 10944K,  58% used [0x28e50000, 0x2949d368, 0x2949d400, 0x29900000)
 compacting perm gen  total 12288K, used 3370K [0x33900000, 0x34500000, 0x37900000)
   the space 12288K,  27% used [0x33900000, 0x33c4aac0, 0x33c4ac00, 0x34500000)
    ro space 10240K,  41% used [0x37900000, 0x37d31a78, 0x37d31c00, 0x38300000)
    rw space 12288K,  52% used [0x38300000, 0x389462c0, 0x38946400, 0x38f00000)
Event: 1.523 GC heap after
Heap after GC invocations=3 (full 0):
 def new generation   total 4928K, used 512K [0x23900000, 0x23e50000, 0x28e50000)
  eden space 4416K,   0% used [0x23900000, 0x23900000, 0x23d50000)
  from space 512K, 100% used [0x23dd0000, 0x23e50000, 0x23e50000)
  to   space 512K,   0% used [0x23d50000, 0x23d50000, 0x23dd0000)
 tenured generation   total 10944K, used 7284K [0x28e50000, 0x29900000, 0x33900000)
   the space 10944K,  66% used [0x28e50000, 0x2956d0a0, 0x2956d200, 0x29900000)
 compacting perm gen  total 12288K, used 3370K [0x33900000, 0x34500000, 0x37900000)
   the space 12288K,  27% used [0x33900000, 0x33c4aac0, 0x33c4ac00, 0x34500000)
    ro space 10240K,  41% used [0x37900000, 0x37d31a78, 0x37d31c00, 0x38300000)
    rw space 12288K,  52% used [0x38300000, 0x389462c0, 0x38946400, 0x38f00000)
}
Event: 1.608 GC heap before
{Heap before GC invocations=3 (full 0):
 def new generation   total 4928K, used 1730K [0x23900000, 0x23e50000, 0x28e50000)
  eden space 4416K,  27% used [0x23900000, 0x23a30bd0, 0x23d50000)
  from space 512K, 100% used [0x23dd0000, 0x23e50000, 0x23e50000)
  to   space 512K,   0% used [0x23d50000, 0x23d50000, 0x23dd0000)
 tenured generation   total 10944K, used 7284K [0x28e50000, 0x29900000, 0x33900000)
   the space 10944K,  66% used [0x28e50000, 0x2956d0a0, 0x2956d200, 0x29900000)
 compacting perm gen  total 12288K, used 3527K [0x33900000, 0x34500000, 0x37900000)
   the space 12288K,  28% used [0x33900000, 0x33c71e30, 0x33c72000, 0x34500000)
    ro space 10240K,  41% used [0x37900000, 0x37d31a78, 0x37d31c00, 0x38300000)
    rw space 12288K,  52% used [0x38300000, 0x389462c0, 0x38946400, 0x38f00000)
Event: 1.635 GC heap after
Heap after GC invocations=4 (full 1):
 def new generation   total 5504K, used 0K [0x23900000, 0x23ef0000, 0x28e50000)
  eden space 4928K,   0% used [0x23900000, 0x23900000, 0x23dd0000)
  from space 576K,   0% used [0x23dd0000, 0x23dd0000, 0x23e60000)
  to   space 576K,   0% used [0x23e60000, 0x23e60000, 0x23ef0000)
 tenured generation   total 12076K, used 7244K [0x28e50000, 0x29a1b000, 0x33900000)
   the space 12076K,  59% used [0x28e50000, 0x295632a0, 0x29563400, 0x29a1b000)
 compacting perm gen  total 12288K, used 3527K [0x33900000, 0x34500000, 0x37900000)
   the space 12288K,  28% used [0x33900000, 0x33c71e30, 0x33c72000, 0x34500000)
    ro space 10240K,  41% used [0x37900000, 0x37d31a78, 0x37d31c00, 0x38300000)
    rw space 12288K,  52% used [0x38300000, 0x389462c0, 0x38946400, 0x38f00000)
}
Event: 1.698 GC heap before
{Heap before GC invocations=4 (full 1):
 def new generation   total 5504K, used 4926K [0x23900000, 0x23ef0000, 0x28e50000)
  eden space 4928K,  99% used [0x23900000, 0x23dcfbc0, 0x23dd0000)
  from space 576K,   0% used [0x23dd0000, 0x23dd0000, 0x23e60000)
  to   space 576K,   0% used [0x23e60000, 0x23e60000, 0x23ef0000)
 tenured generation   total 18668K, used 13836K [0x28e50000, 0x2a08b000, 0x33900000)
   the space 18668K,  74% used [0x28e50000, 0x29bd31e0, 0x29bd3200, 0x2a08b000)
 compacting perm gen  total 12288K, used 3527K [0x33900000, 0x34500000, 0x37900000)
   the space 12288K,  28% used [0x33900000, 0x33c71e50, 0x33c72000, 0x34500000)
    ro space 10240K,  41% used [0x37900000, 0x37d31a78, 0x37d31c00, 0x38300000)
    rw space 12288K,  52% used [0x38300000, 0x389462c0, 0x38946400, 0x38f00000)
Event: 1.699 GC heap after
Heap after GC invocations=5 (full 1):
 def new generation   total 5504K, used 189K [0x23900000, 0x23ef0000, 0x28e50000)
  eden space 4928K,   0% used [0x23900000, 0x23900000, 0x23dd0000)
  from space 576K,  32% used [0x23e60000, 0x23e8f6e0, 0x23ef0000)
  to   space 576K,   0% used [0x23dd0000, 0x23dd0000, 0x23e60000)
 tenured generation   total 18668K, used 13836K [0x28e50000, 0x2a08b000, 0x33900000)
   the space 18668K,  74% used [0x28e50000, 0x29bd31e0, 0x29bd3200, 0x2a08b000)
 compacting perm gen  total 12288K, used 3527K [0x33900000, 0x34500000, 0x37900000)
   the space 12288K,  28% used [0x33900000, 0x33c71e50, 0x33c72000, 0x34500000)
    ro space 10240K,  41% used [0x37900000, 0x37d31a78, 0x37d31c00, 0x38300000)
    rw space 12288K,  52% used [0x38300000, 0x389462c0, 0x38946400, 0x38f00000)
}
Event: 1.804 GC heap before
{Heap before GC invocations=5 (full 1):
 def new generation   total 5504K, used 5039K [0x23900000, 0x23ef0000, 0x28e50000)
  eden space 4928K,  98% used [0x23900000, 0x23dbc580, 0x23dd0000)
  from space 576K,  32% used [0x23e60000, 0x23e8f6e0, 0x23ef0000)
  to   space 576K,   0% used [0x23dd0000, 0x23dd0000, 0x23e60000)
 tenured generation   total 18668K, used 13836K [0x28e50000, 0x2a08b000, 0x33900000)
   the space 18668K,  74% used [0x28e50000, 0x29bd31e0, 0x29bd3200, 0x2a08b000)
 compacting perm gen  total 12288K, used 3581K [0x33900000, 0x34500000, 0x37900000)
   the space 12288K,  29% used [0x33900000, 0x33c7f430, 0x33c7f600, 0x34500000)
    ro space 10240K,  41% used [0x37900000, 0x37d31a78, 0x37d31c00, 0x38300000)
    rw space 12288K,  52% used [0x38300000, 0x389462c0, 0x38946400, 0x38f00000)
Event: 1.806 GC heap after
Heap after GC invocations=6 (full 1):
 def new generation   total 5504K, used 397K [0x23900000, 0x23ef0000, 0x28e50000)
  eden space 4928K,   0% used [0x23900000, 0x23900000, 0x23dd0000)
  from space 576K,  69% used [0x23dd0000, 0x23e33698, 0x23e60000)
  to   space 576K,   0% used [0x23e60000, 0x23e60000, 0x23ef0000)
 tenured generation   total 18668K, used 13836K [0x28e50000, 0x2a08b000, 0x33900000)
   the space 18668K,  74% used [0x28e50000, 0x29bd31e0, 0x29bd3200, 0x2a08b000)
 compacting perm gen  total 12288K, used 3581K [0x33900000, 0x34500000, 0x37900000)
   the space 12288K,  29% used [0x33900000, 0x33c7f430, 0x33c7f600, 0x34500000)
    ro space 10240K,  41% used [0x37900000, 0x37d31a78, 0x37d31c00, 0x38300000)
    rw space 12288K,  52% used [0x38300000, 0x389462c0, 0x38946400, 0x38f00000)
}
Event: 3.130 GC heap before
{Heap before GC invocations=6 (full 1):
 def new generation   total 5504K, used 5325K [0x23900000, 0x23ef0000, 0x28e50000)
  eden space 4928K, 100% used [0x23900000, 0x23dd0000, 0x23dd0000)
  from space 576K,  69% used [0x23dd0000, 0x23e33698, 0x23e60000)
  to   space 576K,   0% used [0x23e60000, 0x23e60000, 0x23ef0000)
 tenured generation   total 18668K, used 13836K [0x28e50000, 0x2a08b000, 0x33900000)
   the space 18668K,  74% used [0x28e50000, 0x29bd31e0, 0x29bd3200, 0x2a08b000)
 compacting perm gen  total 12288K, used 3845K [0x33900000, 0x34500000, 0x37900000)
   the space 12288K,  31% used [0x33900000, 0x33cc1520, 0x33cc1600, 0x34500000)
    ro space 10240K,  41% used [0x37900000, 0x37d31a78, 0x37d31c00, 0x38300000)
    rw space 12288K,  52% used [0x38300000, 0x389462c0, 0x38946400, 0x38f00000)
Event: 3.135 GC heap after
Heap after GC invocations=7 (full 1):
 def new generation   total 5504K, used 576K [0x23900000, 0x23ef0000, 0x28e50000)
  eden space 4928K,   0% used [0x23900000, 0x23900000, 0x23dd0000)
  from space 576K, 100% used [0x23e60000, 0x23ef0000, 0x23ef0000)
  to   space 576K,   0% used [0x23dd0000, 0x23dd0000, 0x23e60000)
 tenured generation   total 18668K, used 14141K [0x28e50000, 0x2a08b000, 0x33900000)
   the space 18668K,  75% used [0x28e50000, 0x29c1f778, 0x29c1f800, 0x2a08b000)
 compacting perm gen  total 12288K, used 3845K [0x33900000, 0x34500000, 0x37900000)
   the space 12288K,  31% used [0x33900000, 0x33cc1520, 0x33cc1600, 0x34500000)
    ro space 10240K,  41% used [0x37900000, 0x37d31a78, 0x37d31c00, 0x38300000)
    rw space 12288K,  52% used [0x38300000, 0x389462c0, 0x38946400, 0x38f00000)
}

Deoptimization events (0 events):
No events

Internal exceptions (10 events):
Event: 4.410 Thread 0x03e2e000 Threw 0x2394bca8 at C:\re\jdk7u45\229\hotspot\src\share\vm\prims\jvm.cpp:1244
Event: 4.415 Thread 0x03e2e000 Threw 0x2394fac8 at C:\re\jdk7u45\229\hotspot\src\share\vm\prims\jvm.cpp:1244
Event: 4.418 Thread 0x03e2e000 Threw 0x239590a0 at C:\re\jdk7u45\229\hotspot\src\share\vm\prims\jvm.cpp:1244
Event: 4.420 Thread 0x03e2e000 Threw 0x2395c800 at C:\re\jdk7u45\229\hotspot\src\share\vm\prims\jvm.cpp:1244
Event: 4.421 Thread 0x03e2e000 Threw 0x239679b0 at C:\re\jdk7u45\229\hotspot\src\share\vm\prims\jvm.cpp:1244
Event: 4.423 Thread 0x03e2e000 Threw 0x2396a968 at C:\re\jdk7u45\229\hotspot\src\share\vm\prims\jvm.cpp:1244
Event: 4.426 Thread 0x03e2e000 Threw 0x23972eb8 at C:\re\jdk7u45\229\hotspot\src\share\vm\prims\jvm.cpp:1244
Event: 4.427 Thread 0x03e2e000 Threw 0x23979aa0 at C:\re\jdk7u45\229\hotspot\src\share\vm\prims\jvm.cpp:1244
Event: 11.021 Thread 0x03e2e000 Threw 0x23a9d5e8 at C:\re\jdk7u45\229\hotspot\src\share\vm\prims\jvm.cpp:1244
Event: 15.214 Thread 0x03e2e000 Threw 0x23b62e50 at C:\re\jdk7u45\229\hotspot\src\share\vm\prims\jni.cpp:743

Events (10 events):
Event: 4.427 loading class 0x0686bc30 done
Event: 11.020 loading class 0x03ec7cd8
Event: 11.020 loading class 0x03ec7cd8 done
Event: 15.171 Thread 0x067a6000 Thread added: 0x067a6000
Event: 15.171 Thread 0x067a6800 Thread added: 0x067a6800
Event: 15.171 Thread 0x067a7c00 Thread added: 0x067a7c00
Event: 15.171 Thread 0x067a6000 Thread exited: 0x067a6000
Event: 15.171 Thread 0x067a8400 Thread added: 0x067a8400
Event: 15.172 Thread 0x067a6800 Thread exited: 0x067a6800
Event: 15.172 Thread 0x067a8400 Thread exited: 0x067a8400


Dynamic libraries:
0x001f0000 - 0x0021f000 	C:\Program Files\Java\jre7\bin\javaw.exe
0x77090000 - 0x771cc000 	C:\Windows\SYSTEM32\ntdll.dll
0x759e0000 - 0x75ab4000 	C:\Windows\system32\kernel32.dll
0x752f0000 - 0x7533b000 	C:\Windows\system32\KERNELBASE.dll
0x75940000 - 0x759e0000 	C:\Windows\system32\ADVAPI32.dll
0x75820000 - 0x758cc000 	C:\Windows\system32\msvcrt.dll
0x76e50000 - 0x76e69000 	C:\Windows\SYSTEM32\sechost.dll
0x75e40000 - 0x75ee2000 	C:\Windows\system32\RPCRT4.dll
0x771e0000 - 0x772a9000 	C:\Windows\system32\USER32.dll
0x75f50000 - 0x75f9e000 	C:\Windows\system32\GDI32.dll
0x75520000 - 0x7552a000 	C:\Windows\system32\LPK.dll
0x76db0000 - 0x76e4d000 	C:\Windows\system32\USP10.dll
0x74230000 - 0x743ce000 	C:\Windows\WinSxS\x86_microsoft.windows.common-controls_6595b64144ccf1df_6.0.7601.17514_none_41e6975e2bd6f2b2\COMCTL32.dll
0x76e70000 - 0x76ec7000 	C:\Windows\system32\SHLWAPI.dll
0x75b50000 - 0x75b6f000 	C:\Windows\system32\IMM32.DLL
0x756d0000 - 0x7579c000 	C:\Windows\system32\MSCTF.dll
0x6d230000 - 0x6d2ef000 	C:\Program Files\Java\jre7\bin\msvcr100.dll
0x65060000 - 0x653e0000 	C:\Program Files\Java\jre7\bin\client\jvm.dll
0x72780000 - 0x72787000 	C:\Windows\system32\WSOCK32.dll
0x75900000 - 0x75935000 	C:\Windows\system32\WS2_32.dll
0x75fa0000 - 0x75fa6000 	C:\Windows\system32\NSI.dll
0x73900000 - 0x73932000 	C:\Windows\system32\WINMM.dll
0x772b0000 - 0x772b5000 	C:\Windows\system32\PSAPI.DLL
0x6ea60000 - 0x6ea6c000 	C:\Program Files\Java\jre7\bin\verify.dll
0x6d720000 - 0x6d740000 	C:\Program Files\Java\jre7\bin\java.dll
0x6cf80000 - 0x6cf93000 	C:\Program Files\Java\jre7\bin\zip.dll
0x6ac50000 - 0x6ad93000 	C:\Program Files\Java\jre7\bin\awt.dll
0x75fb0000 - 0x7603f000 	C:\Windows\system32\OLEAUT32.dll
0x75ce0000 - 0x75e3c000 	C:\Windows\system32\ole32.dll
0x740e0000 - 0x74120000 	C:\Windows\system32\uxtheme.dll
0x73bd0000 - 0x73be3000 	C:\Windows\system32\dwmapi.dll
0x75170000 - 0x7517c000 	C:\Windows\system32\CRYPTBASE.dll
0x6a610000 - 0x6a624000 	C:\Program Files\Java\jre7\bin\net.dll
0x74c50000 - 0x74c8c000 	C:\Windows\system32\mswsock.dll
0x74c40000 - 0x74c46000 	C:\Windows\System32\wship6.dll
0x6e9b0000 - 0x6e9bf000 	C:\Program Files\Java\jre7\bin\nio.dll
0x76040000 - 0x76c8a000 	C:\Windows\system32\SHELL32.dll
0x73220000 - 0x73258000 	C:\Program Files\Java\jre7\bin\fontmanager.dll
0x10000000 - 0x10073000 	E:\programmation java\B2L\lwjgl.dll
0x6ed40000 - 0x6ee08000 	C:\Windows\system32\OPENGL32.dll
0x72ed0000 - 0x72ef2000 	C:\Windows\system32\GLU32.dll
0x6b7b0000 - 0x6b897000 	C:\Windows\system32\DDRAW.dll
0x72e60000 - 0x72e66000 	C:\Windows\system32\DCIMAN32.dll
0x75530000 - 0x756cd000 	C:\Windows\system32\SETUPAPI.dll
0x752a0000 - 0x752c7000 	C:\Windows\system32\CFGMGR32.dll
0x752d0000 - 0x752e2000 	C:\Windows\system32\DEVOBJ.dll
0x746c0000 - 0x746c9000 	C:\Windows\system32\VERSION.dll
0x72ea0000 - 0x72ed0000 	C:\Program Files\Java\jre7\bin\t2k.dll
0x052e0000 - 0x056d2000 	C:\Windows\system32\ig4icd32.dll
0x058a0000 - 0x05b3a000 	C:\Windows\system32\ig4dev32.dll
0x05130000 - 0x05191000 	E:\programmation java\B2L\OpenAL32.dll
0x75ac0000 - 0x75b43000 	C:\Windows\system32\CLBCatQ.DLL
0x73e60000 - 0x73e99000 	C:\Windows\System32\MMDevApi.dll
0x73d60000 - 0x73e55000 	C:\Windows\System32\PROPSYS.dll
0x6a370000 - 0x6a3e2000 	C:\Windows\system32\dsound.dll
0x73ea0000 - 0x73ec5000 	C:\Windows\system32\POWRPROF.dll
0x73800000 - 0x73836000 	C:\Windows\system32\AUDIOSES.DLL
0x72b90000 - 0x72bb5000 	C:\Program Files\Java\jre7\bin\jpeg.dll
0x74430000 - 0x74436000 	C:\Program Files\Java\jre7\bin\jawt.dll
0x6f200000 - 0x6f2eb000 	C:\Windows\system32\dbghelp.dll

VM Arguments:
jvm_args: -Dfile.encoding=Cp1252 
java_command: net.supercraft.B2L.Main.Main
Launcher Type: SUN_STANDARD

Environment Variables:
CLASSPATH=.;C:\Program Files\Java\jre7\lib\ext\QTJava.zip
PATH=C:/Program Files/Java/jre7/bin/client;C:/Program Files/Java/jre7/bin;C:/Program Files/Java/jre7/lib/i386;C:\Program Files\Common Files\Microsoft Shared\Windows Live;C:\Windows\system32;C:\Windows;C:\Windows\System32\Wbem;C:\Windows\System32\WindowsPowerShell\v1.0\;C:\Program Files\Windows Live\Shared;C:\Windows\System32\WindowsPowerShell\v1.0\;C:\Windows\System32\WindowsPowerShell\v1.0\;C:\Program Files\QuickTime\QTSystem\;E:\programmation java\eclipse;
USERNAME=lupienj.01
OS=Windows_NT
PROCESSOR_IDENTIFIER=x86 Family 6 Model 15 Stepping 6, GenuineIntel



---------------  S Y S T E M  ---------------

OS: Windows 7 Build 7601 Service Pack 1

CPU:total 2 (2 cores per cpu, 1 threads per core) family 6 model 15 stepping 6, cmov, cx8, fxsr, mmx, sse, sse2, sse3, ssse3, tsc

Memory: 4k page, physical 2088252k(808752k free), swap 4176504k(2483336k free)

vm_info: Java HotSpot(TM) Client VM (24.45-b08) for windows-x86 JRE (1.7.0_45-b18), built on Oct  8 2013 06:02:43 by "java_re" with unknown MS VC++:1600

time: Tue Dec 10 12:53:39 2013
elapsed time: 15 seconds

