#
# A fatal error has been detected by the Java Runtime Environment:
#
#  SIGSEGV (0xb) at pc=0x00007fcf8c78dd52, pid=3231, tid=140528448005888
#
# JRE version: Java(TM) SE Runtime Environment (8.0_74-b02) (build 1.8.0_74-b02)
# Java VM: Java HotSpot(TM) 64-Bit Server VM (25.74-b02 mixed mode linux-amd64 compressed oops)
# Problematic frame:
# C  [ld-linux-x86-64.so.2+0x1ad52]
#
# Failed to write core dump. Core dumps have been disabled. To enable core dumping, try "ulimit -c unlimited" before starting Java again
#
# If you would like to submit a bug report, please visit:
#   http://bugreport.java.com/bugreport/crash.jsp
# The crash happened outside the Java Virtual Machine in native code.
# See problematic frame for where to report the bug.
#

---------------  T H R E A D  ---------------

Current thread (0x00007fcf00221800):  JavaThread "jME3 Main" [_thread_in_native, id=3304, stack(0x00007fcf54296000,0x00007fcf54397000)]

siginfo: si_signo: 11 (SIGSEGV), si_code: 1 (SEGV_MAPERR), si_addr: 0x00000000000032ff

Registers:
RAX=0x00007fcf4fffdb2f, RBX=0x00007fcee4043240, RCX=0x00000000ffffffff, RDX=0x00007fcf4fffdb90
RSP=0x00007fcf54394198, RBP=0x0000000000000000, RSI=0x00000000000032ff, RDI=0x00007fcee4043240
R8 =0x0000000090000001, R9 =0x0000000000000000, R10=0x00007fcf8c790e8a, R11=0x000000000000000a
R12=0x00000000016f3430, R13=0x0000000090000001, R14=0x00007fcf8c997040, R15=0x00007fcee4042260
RIP=0x00007fcf8c78dd52, EFLAGS=0x0000000000010206, CSGSFS=0x0000000000000033, ERR=0x0000000000000004
  TRAPNO=0x000000000000000e

Top of Stack: (sp=0x00007fcf54394198)
0x00007fcf54394198:   00007fcf8c77bd4b 0000000000000002
0x00007fcf543941a8:   00000000741a3e18 b911ff0d04468178
0x00007fcf543941b8:   f9cbf8177394d829 0000003000000018
0x00007fcf543941c8:   00007fcf54394300 00007fcf54394210
0x00007fcf543941d8:   d91bc08fa25b5eea 00007fcf0000000e
0x00007fcf543941e8:   000000076e3c46c8 00007fcf00221800
0x00007fcf543941f8:   cb651e950c65e783 00007fcf741a3b18
0x00007fcf54394208:   00007fcf741a3df8 00000007c00007a8
0x00007fcf54394218:   0000000000000028 0000000000000007
0x00007fcf54394228:   00007fcee4000a38 00007fcf8409f160
0x00007fcf54394238:   0000000000000004 0000000000000001
0x00007fcf54394248:   0000003100000004 00000007c00007a8
0x00007fcf54394258:   00000000c00007a8 00007fcf543942f0
0x00007fcf54394268:   00007fcf8b45d6b3 00007fcf00221800
0x00007fcf54394278:   00007fcf54394350 00007fcf00221800
0x00007fcf54394288:   0000000000000000 00007fcf00221800
0x00007fcf54394298:   0000000000000000 00007fcf00221800
0x00007fcf543942a8:   00007fcee4000020 00007fcf00221800
0x00007fcf543942b8:   0000000000000000 00007fcf543942f0
0x00007fcf543942c8:   00007fcee4000a40 00007fcf54395370
0x00007fcf543942d8:   00007fcee4004b10 00007fcf543953f8
0x00007fcf543942e8:   00007fcf002219f8 00007fcf00221800
0x00007fcf543942f8:   00007fcf8bdf583c 00007fcf84006420
0x00007fcf54394308:   00007fcf741a3af8 00007fcf54394a60
0x00007fcf54394318:   00007fcf54394350 00007fcee4004b10
0x00007fcf54394328:   00007fcee4000a40 00007fcf54395370
0x00007fcf54394338:   00007fcee4004b10 00007fcf543953f8
0x00007fcf54394348:   00007fcf8a45c145 6f6a2f656d6f682f
0x00007fcf54394358:   2f6f7270656c6f6a 4c32422f676f7250
0x00007fcf54394368:   6c6c756262696c2f 6f732e656d6a7465
0x00007fcf54394378:   00007fcf00221800 00007fcf54394540
0x00007fcf54394388:   00007fcf54394710 00007fcf75046c20 

Instructions: (pc=0x00007fcf8c78dd52)
0x00007fcf8c78dd32:   48 09 c8 89 f9 28 d1 48 d3 e8 48 85 c0 0f 85 4b
0x00007fcf8c78dd42:   ff ff ff e9 a0 fe ff ff 66 0f 1f 44 00 00 8a 07
0x00007fcf8c78dd52:   3a 06 75 0d 48 ff c7 48 ff c6 84 c0 75 f0 31 c0
0x00007fcf8c78dd62:   c3 b8 01 00 00 00 b9 ff ff ff ff 0f 42 c1 c3 66 

Register to memory mapping:

RAX=
[error occurred during error reporting (printing register info), id 0xb]

Stack: [0x00007fcf54296000,0x00007fcf54397000],  sp=0x00007fcf54394198,  free space=1016k
Native frames: (J=compiled Java code, j=interpreted, Vv=VM code, C=native code)
C  [ld-linux-x86-64.so.2+0x1ad52]

Java frames: (J=compiled Java code, j=interpreted, Vv=VM code)
j  java.lang.ClassLoader$NativeLibrary.load(Ljava/lang/String;Z)V+0
j  java.lang.ClassLoader.loadLibrary0(Ljava/lang/Class;Ljava/io/File;)Z+328
j  java.lang.ClassLoader.loadLibrary(Ljava/lang/Class;Ljava/lang/String;Z)V+48
j  java.lang.Runtime.load0(Ljava/lang/Class;Ljava/lang/String;)V+57
j  java.lang.System.load(Ljava/lang/String;)V+7
j  com.jme3.system.NativeLibraryLoader.loadNativeLibrary(Ljava/lang/String;Z)V+682
j  com.jme3.system.lwjgl.LwjglContext.loadNatives()V+59
j  com.jme3.system.lwjgl.LwjglAbstractDisplay.run()V+18
j  java.lang.Thread.run()V+11
v  ~StubRoutines::call_stub

---------------  P R O C E S S  ---------------

Java Threads: ( => current thread )
=>0x00007fcf00221800 JavaThread "jME3 Main" [_thread_in_native, id=3304, stack(0x00007fcf54296000,0x00007fcf54397000)]
  0x00007fcf84009800 JavaThread "DestroyJavaVM" [_thread_blocked, id=3232, stack(0x00007fcf8c869000,0x00007fcf8c96a000)]
  0x00007fcf846dd000 JavaThread "AWT-EventQueue-0" [_thread_blocked, id=3290, stack(0x00007fcf66d31000,0x00007fcf66e32000)]
  0x00007fcf846db000 JavaThread "AWT-Shutdown" [_thread_blocked, id=3288, stack(0x00007fcf66e32000,0x00007fcf66f33000)]
  0x00007fcf846d7000 JavaThread "AWT-XAWT" daemon [_thread_in_native, id=3284, stack(0x00007fcf66f33000,0x00007fcf67034000)]
  0x00007fcf846b3000 JavaThread "Java2D Disposer" daemon [_thread_blocked, id=3279, stack(0x00007fcf67444000,0x00007fcf67545000)]
  0x00007fcf84213000 JavaThread "Service Thread" daemon [_thread_blocked, id=3268, stack(0x00007fcf6d322000,0x00007fcf6d423000)]
  0x00007fcf8420f800 JavaThread "C1 CompilerThread3" daemon [_thread_blocked, id=3267, stack(0x00007fcf6d423000,0x00007fcf6d524000)]
  0x00007fcf8420d800 JavaThread "C2 CompilerThread2" daemon [_thread_blocked, id=3266, stack(0x00007fcf6d524000,0x00007fcf6d625000)]
  0x00007fcf8420b800 JavaThread "C2 CompilerThread1" daemon [_thread_blocked, id=3265, stack(0x00007fcf6d625000,0x00007fcf6d726000)]
  0x00007fcf84208800 JavaThread "C2 CompilerThread0" daemon [_thread_blocked, id=3264, stack(0x00007fcf6d726000,0x00007fcf6d827000)]
  0x00007fcf84207000 JavaThread "Signal Dispatcher" daemon [_thread_blocked, id=3263, stack(0x00007fcf6d827000,0x00007fcf6d928000)]
  0x00007fcf841d3800 JavaThread "Finalizer" daemon [_thread_blocked, id=3245, stack(0x00007fcf6e00a000,0x00007fcf6e10b000)]
  0x00007fcf841cf000 JavaThread "Reference Handler" daemon [_thread_blocked, id=3244, stack(0x00007fcf6e10b000,0x00007fcf6e20c000)]

Other Threads:
  0x00007fcf841c7000 VMThread [stack: 0x00007fcf6e20c000,0x00007fcf6e30d000] [id=3241]
  0x00007fcf84216000 WatcherThread [stack: 0x00007fcf6d221000,0x00007fcf6d322000] [id=3271]

VM state:not at safepoint (normal execution)

VM Mutex/Monitor currently owned by a thread: None

Heap:
 PSYoungGen      total 74752K, used 23226K [0x000000076cd80000, 0x0000000772080000, 0x00000007c0000000)
  eden space 64512K, 36% used [0x000000076cd80000,0x000000076e42e818,0x0000000770c80000)
  from space 10240K, 0% used [0x0000000771680000,0x0000000771680000,0x0000000772080000)
  to   space 10240K, 0% used [0x0000000770c80000,0x0000000770c80000,0x0000000771680000)
 ParOldGen       total 171008K, used 0K [0x00000006c6800000, 0x00000006d0f00000, 0x000000076cd80000)
  object space 171008K, 0% used [0x00000006c6800000,0x00000006c6800000,0x00000006d0f00000)
 Metaspace       used 11478K, capacity 11650K, committed 11904K, reserved 1060864K
  class space    used 1282K, capacity 1346K, committed 1408K, reserved 1048576K

Card table byte_map: [0x00007fcf88e62000,0x00007fcf8962f000] byte_map_base: 0x00007fcf8582e000

Marking Bits: (ParMarkBitMap*) 0x00007fcf8bd46260
 Begin Bits: [0x00007fcf30340000, 0x00007fcf341a0000)
 End Bits:   [0x00007fcf341a0000, 0x00007fcf38000000)

Polling page: 0x00007fcf8c993000

CodeCache: size=245760Kb used=2916Kb max_used=2917Kb free=242843Kb
 bounds [0x00007fcf75000000, 0x00007fcf752e0000, 0x00007fcf84000000]
 total_blobs=1287 nmethods=761 adapters=440
 compilation: enabled

Compilation events (10 events):
Event: 0.719 Thread 0x00007fcf8420d800 nmethod 751 0x00007fcf752db050 code [0x00007fcf752db1c0, 0x00007fcf752db5d8]
Event: 0.720 Thread 0x00007fcf8420f800 nmethod 756 0x00007fcf752da090 code [0x00007fcf752da260, 0x00007fcf752dab08]
Event: 0.720 Thread 0x00007fcf8420f800  757       3       java.util.zip.ZipFile::access$1300 (5 bytes)
Event: 0.720 Thread 0x00007fcf8420f800 nmethod 757 0x00007fcf752d9b50 code [0x00007fcf752d9ce0, 0x00007fcf752d9f48]
Event: 0.720 Thread 0x00007fcf8420f800  758       3       java.util.zip.ZipFile::ensureOpenOrZipException (18 bytes)
Event: 0.720 Thread 0x00007fcf8420f800 nmethod 758 0x00007fcf752d9710 code [0x00007fcf752d9880, 0x00007fcf752d9a88]
Event: 0.720 Thread 0x00007fcf8420f800  759       3       java.util.zip.ZipFile::access$1400 (14 bytes)
Event: 0.720 Thread 0x00007fcf8420f800 nmethod 759 0x00007fcf752d9390 code [0x00007fcf752d9500, 0x00007fcf752d9668]
Event: 0.757 Thread 0x00007fcf8420f800  761       3       sun.awt.AppContext::getAppContext (51 bytes)
Event: 0.757 Thread 0x00007fcf8420f800 nmethod 761 0x00007fcf752d8610 code [0x00007fcf752d87c0, 0x00007fcf752d8e38]

GC Heap History (0 events):
No events

Deoptimization events (10 events):
Event: 0.563 Thread 0x00007fcf846dd000 Uncommon trap: reason=unstable_if action=reinterpret pc=0x00007fcf751fdbb4 method=java.lang.AbstractStringBuilder.append(Ljava/lang/String;)Ljava/lang/AbstractStringBuilder; @ 1
Event: 0.564 Thread 0x00007fcf846dd000 Uncommon trap: reason=unstable_if action=reinterpret pc=0x00007fcf751f7368 method=java.lang.AbstractStringBuilder.append(Ljava/lang/String;)Ljava/lang/AbstractStringBuilder; @ 1
Event: 0.584 Thread 0x00007fcf846dd000 Uncommon trap: reason=bimorphic action=maybe_recompile pc=0x00007fcf7528bba0 method=java.util.HashMap.putVal(ILjava/lang/Object;Ljava/lang/Object;ZZ)Ljava/lang/Object; @ 152
Event: 0.586 Thread 0x00007fcf846dd000 Uncommon trap: reason=bimorphic action=maybe_recompile pc=0x00007fcf7528bba0 method=java.util.HashMap.putVal(ILjava/lang/Object;Ljava/lang/Object;ZZ)Ljava/lang/Object; @ 152
Event: 0.586 Thread 0x00007fcf846dd000 Uncommon trap: reason=bimorphic action=maybe_recompile pc=0x00007fcf7528bba0 method=java.util.HashMap.putVal(ILjava/lang/Object;Ljava/lang/Object;ZZ)Ljava/lang/Object; @ 152
Event: 0.586 Thread 0x00007fcf846dd000 Uncommon trap: reason=class_check action=maybe_recompile pc=0x00007fcf7528bad4 method=java.util.HashMap.putVal(ILjava/lang/Object;Ljava/lang/Object;ZZ)Ljava/lang/Object; @ 253
Event: 0.586 Thread 0x00007fcf846dd000 Uncommon trap: reason=class_check action=maybe_recompile pc=0x00007fcf7528bbec method=java.util.HashMap.putVal(ILjava/lang/Object;Ljava/lang/Object;ZZ)Ljava/lang/Object; @ 203
Event: 0.586 Thread 0x00007fcf846dd000 Uncommon trap: reason=class_check action=maybe_recompile pc=0x00007fcf7528bad4 method=java.util.HashMap.putVal(ILjava/lang/Object;Ljava/lang/Object;ZZ)Ljava/lang/Object; @ 253
Event: 0.586 Thread 0x00007fcf846dd000 Uncommon trap: reason=bimorphic action=maybe_recompile pc=0x00007fcf7528bba0 method=java.util.HashMap.putVal(ILjava/lang/Object;Ljava/lang/Object;ZZ)Ljava/lang/Object; @ 152
Event: 0.656 Thread 0x00007fcf00221800 Uncommon trap: reason=unstable_if action=reinterpret pc=0x00007fcf751fd1d8 method=java.util.Properties.loadConvert([CII[C)Ljava/lang/String; @ 57

Internal exceptions (10 events):
Event: 0.145 Thread 0x00007fcf84009800 Exception <a 'java/security/PrivilegedActionException'> (0x000000076d16d3d8) thrown at [/HUDSON3/workspace/8-2-build-linux-amd64/jdk8u74/6087/hotspot/src/share/vm/prims/jvm.cpp, line 1386]
Event: 0.145 Thread 0x00007fcf84009800 Exception <a 'java/security/PrivilegedActionException'> (0x000000076d16f818) thrown at [/HUDSON3/workspace/8-2-build-linux-amd64/jdk8u74/6087/hotspot/src/share/vm/prims/jvm.cpp, line 1386]
Event: 0.145 Thread 0x00007fcf84009800 Exception <a 'java/security/PrivilegedActionException'> (0x000000076d16fa28) thrown at [/HUDSON3/workspace/8-2-build-linux-amd64/jdk8u74/6087/hotspot/src/share/vm/prims/jvm.cpp, line 1386]
Event: 0.192 Thread 0x00007fcf84009800 Exception <a 'java/lang/NoSuchFieldError': method resolution failed> (0x000000076d23b5f8) thrown at [/HUDSON3/workspace/8-2-build-linux-amd64/jdk8u74/6087/hotspot/src/share/vm/prims/methodHandles.cpp, line 1146]
Event: 0.194 Thread 0x00007fcf84009800 Exception <a 'java/lang/NoSuchFieldError': method resolution failed> (0x000000076d248dc8) thrown at [/HUDSON3/workspace/8-2-build-linux-amd64/jdk8u74/6087/hotspot/src/share/vm/prims/methodHandles.cpp, line 1146]
Event: 0.214 Thread 0x00007fcf84009800 Exception <a 'java/io/FileNotFoundException'> (0x000000076d2c9178) thrown at [/HUDSON3/workspace/8-2-build-linux-amd64/jdk8u74/6087/hotspot/src/share/vm/prims/jni.cpp, line 709]
Event: 0.214 Thread 0x00007fcf84009800 Exception <a 'java/io/FileNotFoundException'> (0x000000076d2c9b48) thrown at [/HUDSON3/workspace/8-2-build-linux-amd64/jdk8u74/6087/hotspot/src/share/vm/prims/jni.cpp, line 709]
Event: 0.563 Thread 0x00007fcf846dd000 Implicit null exception at 0x00007fcf751fd835 to 0x00007fcf751fdba1
Event: 0.564 Thread 0x00007fcf846dd000 Implicit null exception at 0x00007fcf751f6ff5 to 0x00007fcf751f7355
Event: 0.754 Thread 0x00007fcf846dd000 Exception <a 'java/lang/UnsupportedOperationException': > (0x000000076e275e90) thrown at [/HUDSON3/workspace/8-2-build-linux-amd64/jdk8u74/6087/hotspot/src/share/vm/prims/jni.cpp, line 735]

Events (10 events):
Event: 0.755 loading class sun/awt/im/CompositionAreaHandler
Event: 0.755 loading class sun/awt/im/CompositionAreaHandler done
Event: 0.755 loading class java/text/AttributedString
Event: 0.756 loading class java/text/AttributedString done
Event: 0.756 loading class java/text/AttributedString$AttributedStringIterator
Event: 0.756 loading class java/text/AttributedCharacterIterator
Event: 0.756 loading class java/text/CharacterIterator
Event: 0.756 loading class java/text/CharacterIterator done
Event: 0.756 loading class java/text/AttributedCharacterIterator done
Event: 0.756 loading class java/text/AttributedString$AttributedStringIterator done


Dynamic libraries:
00400000-00401000 r-xp 00000000 08:02 13128997                           /usr/lib/jvm/java-8-oracle/jre/bin/java
00600000-00601000 rw-p 00000000 08:02 13128997                           /usr/lib/jvm/java-8-oracle/jre/bin/java
016f3000-01714000 rw-p 00000000 00:00 0                                  [heap]
6c6800000-6d0f00000 rw-p 00000000 00:00 0 
6d0f00000-76cd80000 ---p 00000000 00:00 0 
76cd80000-772080000 rw-p 00000000 00:00 0 
772080000-7c0000000 ---p 00000000 00:00 0 
7c0000000-7c0160000 rw-p 00000000 00:00 0 
7c0160000-800000000 ---p 00000000 00:00 0 
7fcee4000000-7fcee418d000 rw-p 00000000 00:00 0 
7fcee418d000-7fcee8000000 ---p 00000000 00:00 0 
7fceec000000-7fceec021000 rw-p 00000000 00:00 0 
7fceec021000-7fcef0000000 ---p 00000000 00:00 0 
7fcef0000000-7fcef0022000 rw-p 00000000 00:00 0 
7fcef0022000-7fcef4000000 ---p 00000000 00:00 0 
7fcef4000000-7fcef4021000 rw-p 00000000 00:00 0 
7fcef4021000-7fcef8000000 ---p 00000000 00:00 0 
7fcef8000000-7fcef8022000 rw-p 00000000 00:00 0 
7fcef8022000-7fcefc000000 ---p 00000000 00:00 0 
7fcefc000000-7fcefc021000 rw-p 00000000 00:00 0 
7fcefc021000-7fcf00000000 ---p 00000000 00:00 0 
7fcf00000000-7fcf003d5000 rw-p 00000000 00:00 0 
7fcf003d5000-7fcf04000000 ---p 00000000 00:00 0 
7fcf04000000-7fcf04021000 rw-p 00000000 00:00 0 
7fcf04021000-7fcf08000000 ---p 00000000 00:00 0 
7fcf08000000-7fcf08021000 rw-p 00000000 00:00 0 
7fcf08021000-7fcf0c000000 ---p 00000000 00:00 0 
7fcf0c000000-7fcf0c021000 rw-p 00000000 00:00 0 
7fcf0c021000-7fcf10000000 ---p 00000000 00:00 0 
7fcf10000000-7fcf10021000 rw-p 00000000 00:00 0 
7fcf10021000-7fcf14000000 ---p 00000000 00:00 0 
7fcf14000000-7fcf14157000 rw-p 00000000 00:00 0 
7fcf14157000-7fcf18000000 ---p 00000000 00:00 0 
7fcf18000000-7fcf1826f000 rw-p 00000000 00:00 0 
7fcf1826f000-7fcf1c000000 ---p 00000000 00:00 0 
7fcf1c000000-7fcf1c179000 rw-p 00000000 00:00 0 
7fcf1c179000-7fcf20000000 ---p 00000000 00:00 0 
7fcf20000000-7fcf201a5000 rw-p 00000000 00:00 0 
7fcf201a5000-7fcf24000000 ---p 00000000 00:00 0 
7fcf24000000-7fcf24021000 rw-p 00000000 00:00 0 
7fcf24021000-7fcf28000000 ---p 00000000 00:00 0 
7fcf28000000-7fcf28021000 rw-p 00000000 00:00 0 
7fcf28021000-7fcf2c000000 ---p 00000000 00:00 0 
7fcf2c000000-7fcf2c021000 rw-p 00000000 00:00 0 
7fcf2c021000-7fcf30000000 ---p 00000000 00:00 0 
7fcf30340000-7fcf38000000 rw-p 00000000 00:00 0 
7fcf38000000-7fcf38021000 rw-p 00000000 00:00 0 
7fcf38021000-7fcf3c000000 ---p 00000000 00:00 0 
7fcf3c000000-7fcf3c021000 rw-p 00000000 00:00 0 
7fcf3c021000-7fcf40000000 ---p 00000000 00:00 0 
7fcf40000000-7fcf40021000 rw-p 00000000 00:00 0 
7fcf40021000-7fcf44000000 ---p 00000000 00:00 0 
7fcf48000000-7fcf48021000 rw-p 00000000 00:00 0 
7fcf48021000-7fcf4c000000 ---p 00000000 00:00 0 
7fcf4fda7000-7fcf4fdfc000 r-xp 00000000 08:02 8258847                    /home/jojolepro/Prog/B2L/libopenal64.so
7fcf4fdfc000-7fcf4fffb000 ---p 00055000 08:02 8258847                    /home/jojolepro/Prog/B2L/libopenal64.so
7fcf4fffb000-7fcf4fffe000 r--p 00054000 08:02 8258847                    /home/jojolepro/Prog/B2L/libopenal64.so
7fcf4fffe000-7fcf4ffff000 rw-p 00057000 08:02 8258847                    /home/jojolepro/Prog/B2L/libopenal64.so
7fcf4ffff000-7fcf50000000 rw-p 00000000 00:00 0 
7fcf50000000-7fcf50021000 rw-p 00000000 00:00 0 
7fcf50021000-7fcf54000000 ---p 00000000 00:00 0 
7fcf54096000-7fcf540d6000 rw-p 00000000 00:00 0 
7fcf540d6000-7fcf54296000 ---p 00000000 00:00 0 
7fcf54296000-7fcf54299000 ---p 00000000 00:00 0 
7fcf54299000-7fcf54597000 rw-p 00000000 00:00 0                          [stack:3304]
7fcf54597000-7fcf54598000 ---p 00000000 00:00 0 
7fcf54598000-7fcf54d98000 rw-p 00000000 00:00 0                          [stack:3300]
7fcf54d98000-7fcf54d99000 ---p 00000000 00:00 0 
7fcf54d99000-7fcf55599000 rw-p 00000000 00:00 0                          [stack:3299]
7fcf55599000-7fcf555b6000 r-xp 00000000 08:02 7078232                    /lib/x86_64-linux-gnu/libudev.so.1.6.4
7fcf555b6000-7fcf555b7000 r--p 0001c000 08:02 7078232                    /lib/x86_64-linux-gnu/libudev.so.1.6.4
7fcf555b7000-7fcf555b8000 rw-p 0001d000 08:02 7078232                    /lib/x86_64-linux-gnu/libudev.so.1.6.4
7fcf555b8000-7fcf555ed000 r-xp 00000000 08:02 13239514                   /usr/lib/x86_64-linux-gnu/gvfs/libgvfscommon.so
7fcf555ed000-7fcf557ed000 ---p 00035000 08:02 13239514                   /usr/lib/x86_64-linux-gnu/gvfs/libgvfscommon.so
7fcf557ed000-7fcf557f2000 r--p 00035000 08:02 13239514                   /usr/lib/x86_64-linux-gnu/gvfs/libgvfscommon.so
7fcf557f2000-7fcf557f3000 rw-p 0003a000 08:02 13239514                   /usr/lib/x86_64-linux-gnu/gvfs/libgvfscommon.so
7fcf557f3000-7fcf55823000 r-xp 00000000 08:02 13370555                   /usr/lib/x86_64-linux-gnu/gio/modules/libgvfsdbus.so
7fcf55823000-7fcf55a23000 ---p 00030000 08:02 13370555                   /usr/lib/x86_64-linux-gnu/gio/modules/libgvfsdbus.so
7fcf55a23000-7fcf55a24000 r--p 00030000 08:02 13370555                   /usr/lib/x86_64-linux-gnu/gio/modules/libgvfsdbus.so
7fcf55a24000-7fcf55a25000 rw-p 00031000 08:02 13370555                   /usr/lib/x86_64-linux-gnu/gio/modules/libgvfsdbus.so
7fcf55a25000-7fcf55a26000 rw-p 00000000 00:00 0 
7fcf55a26000-7fcf55a7e000 r-xp 00000000 08:02 12984773                   /usr/lib/x86_64-linux-gnu/libibus-1.0.so.5.0.510
7fcf55a7e000-7fcf55c7e000 ---p 00058000 08:02 12984773                   /usr/lib/x86_64-linux-gnu/libibus-1.0.so.5.0.510
7fcf55c7e000-7fcf55c80000 r--p 00058000 08:02 12984773                   /usr/lib/x86_64-linux-gnu/libibus-1.0.so.5.0.510
7fcf55c80000-7fcf55c81000 rw-p 0005a000 08:02 12984773                   /usr/lib/x86_64-linux-gnu/libibus-1.0.so.5.0.510
7fcf55c81000-7fcf55c82000 rw-p 00000000 00:00 0 
7fcf55ca8000-7fcf55cae000 r-xp 00000000 08:02 13372266                   /usr/lib/x86_64-linux-gnu/gtk-2.0/2.10.0/immodules/im-ibus.so
7fcf55cae000-7fcf55eae000 ---p 00006000 08:02 13372266                   /usr/lib/x86_64-linux-gnu/gtk-2.0/2.10.0/immodules/im-ibus.so
7fcf55eae000-7fcf55eaf000 r--p 00006000 08:02 13372266                   /usr/lib/x86_64-linux-gnu/gtk-2.0/2.10.0/immodules/im-ibus.so
7fcf55eaf000-7fcf55eb0000 rw-p 00007000 08:02 13372266                   /usr/lib/x86_64-linux-gnu/gtk-2.0/2.10.0/immodules/im-ibus.so
7fcf55eb0000-7fcf55f69000 r--p 00000000 08:02 14026474                   /usr/share/fonts/truetype/dejavu/DejaVuSans.ttf
7fcf55f69000-7fcf55fbd000 r--p 00000000 08:02 14026476                   /usr/share/fonts/truetype/dejavu/DejaVuSansMono.ttf
7fcf55fbd000-7fcf56014000 r--p 00000000 08:02 14025287                   /usr/share/fonts/truetype/ubuntu-font-family/Ubuntu-R.ttf
7fcf56014000-7fcf5602d000 r--s 00000000 08:02 14027630                   /usr/share/fonts/type1/gsfonts/n022004l.pfb
7fcf5602d000-7fcf5603d000 r--s 00000000 08:02 14027552                   /usr/share/fonts/type1/gsfonts/a010013l.pfb
7fcf5603d000-7fcf56050000 r--s 00000000 08:02 14027567                   /usr/share/fonts/type1/gsfonts/b018015l.pfb
7fcf56050000-7fcf56060000 r--s 00000000 08:02 14027555                   /usr/share/fonts/type1/gsfonts/a010015l.pfb
7fcf56060000-7fcf5606a000 r--s 00000000 08:02 14026922                   /usr/share/fonts/X11/Type1/c0582bt_.pfb
7fcf5606a000-7fcf56080000 r--s 00000000 08:02 14027633                   /usr/share/fonts/type1/gsfonts/n022023l.pfb
7fcf56080000-7fcf56096000 r--s 00000000 08:02 14027636                   /usr/share/fonts/type1/gsfonts/n022024l.pfb
7fcf56096000-7fcf560ae000 r--s 00000000 08:02 14027627                   /usr/share/fonts/type1/gsfonts/n022003l.pfb
7fcf560ae000-7fcf560c8000 r--s 00000000 08:02 14027576                   /usr/share/fonts/type1/gsfonts/c059013l.pfb
7fcf560c8000-7fcf560dd000 r--s 00000000 08:02 14027570                   /usr/share/fonts/type1/gsfonts/b018032l.pfb
7fcf560dd000-7fcf560f6000 r--s 00000000 08:02 14027564                   /usr/share/fonts/type1/gsfonts/b018012l.pfb
7fcf560f6000-7fcf56106000 r--s 00000000 08:02 14027558                   /usr/share/fonts/type1/gsfonts/a010033l.pfb
7fcf56106000-7fcf5610f000 r--s 00000000 08:02 14026912                   /usr/share/fonts/X11/Type1/c0649bt_.pfb
7fcf5610f000-7fcf5612a000 r--s 00000000 08:02 14027639                   /usr/share/fonts/type1/gsfonts/p052003l.pfb
7fcf5612a000-7fcf56136000 r--s 00000000 08:02 14027588                   /usr/share/fonts/type1/gsfonts/d050000l.pfb
7fcf56136000-7fcf5614d000 r--s 00000000 08:02 14027654                   /usr/share/fonts/type1/gsfonts/z003034l.pfb
7fcf5614d000-7fcf5615e000 r--s 00000000 08:02 14027561                   /usr/share/fonts/type1/gsfonts/a010035l.pfb
7fcf5615e000-7fcf56167000 r--s 00000000 08:02 14027651                   /usr/share/fonts/type1/gsfonts/s050000l.pfb
7fcf56167000-7fcf56179000 r--s 00000000 08:02 14027606                   /usr/share/fonts/type1/gsfonts/n019044l.pfb
7fcf56179000-7fcf5618f000 r--s 00000000 08:02 14027624                   /usr/share/fonts/type1/gsfonts/n021024l.pfb
7fcf5618f000-7fcf561a8000 r--s 00000000 08:02 14027618                   /usr/share/fonts/type1/gsfonts/n021004l.pfb
7fcf561a8000-7fcf561b2000 r--s 00000000 08:02 14026918                   /usr/share/fonts/X11/Type1/c0611bt_.pfb
7fcf561b2000-7fcf561c4000 r--s 00000000 08:02 14027573                   /usr/share/fonts/type1/gsfonts/b018035l.pfb
7fcf561c4000-7fcf561d8000 r--s 00000000 08:02 14027591                   /usr/share/fonts/type1/gsfonts/n019003l.pfb
7fcf561d8000-7fcf561e1000 r--s 00000000 08:02 14026259                   /usr/share/fonts/X11/Type1/c0633bt_.pfb
7fcf561e1000-7fcf561f2000 r--s 00000000 08:02 14027609                   /usr/share/fonts/type1/gsfonts/n019063l.pfb
7fcf561f2000-7fcf561fc000 r--s 00000000 08:02 14026916                   /usr/share/fonts/X11/Type1/c0583bt_.pfb
7fcf561fc000-7fcf56206000 r--s 00000000 08:02 14026923                   /usr/share/fonts/X11/Type1/c0419bt_.pfb
7fcf56206000-7fcf56221000 r--s 00000000 08:02 14027579                   /usr/share/fonts/type1/gsfonts/c059016l.pfb
7fcf56221000-7fcf56239000 r--s 00000000 08:02 14027582                   /usr/share/fonts/type1/gsfonts/c059033l.pfb
7fcf56239000-7fcf56251000 r--s 00000000 08:02 14027585                   /usr/share/fonts/type1/gsfonts/c059036l.pfb
7fcf56251000-7fcf56264000 r--s 00000000 08:02 14027612                   /usr/share/fonts/type1/gsfonts/n019064l.pfb
7fcf56264000-7fcf5627f000 r--s 00000000 08:02 14027645                   /usr/share/fonts/type1/gsfonts/p052023l.pfb
7fcf5627f000-7fcf56298000 r--s 00000000 08:02 14027615                   /usr/share/fonts/type1/gsfonts/n021003l.pfb
7fcf56298000-7fcf562af000 r--s 00000000 08:02 14027621                   /usr/share/fonts/type1/gsfonts/n021023l.pfb
7fcf562af000-7fcf562b8000 r--s 00000000 08:02 14026921                   /usr/share/fonts/X11/Type1/c0632bt_.pfb
7fcf562b8000-7fcf562d3000 r--s 00000000 08:02 14027642                   /usr/share/fonts/type1/gsfonts/p052004l.pfb
7fcf562d3000-7fcf562e5000 r--s 00000000 08:02 14027594                   /usr/share/fonts/type1/gsfonts/n019004l.pfb
7fcf562e5000-7fcf565e6000 rw-p 00000000 00:00 0 
7fcf565e6000-7fcf565fc000 r-xp 00000000 08:02 13128803                   /usr/lib/jvm/java-8-oracle/jre/lib/amd64/libnet.so
7fcf565fc000-7fcf567fc000 ---p 00016000 08:02 13128803                   /usr/lib/jvm/java-8-oracle/jre/lib/amd64/libnet.so
7fcf567fc000-7fcf567fd000 rw-p 00016000 08:02 13128803                   /usr/lib/jvm/java-8-oracle/jre/lib/amd64/libnet.so
7fcf567fd000-7fcf567fe000 ---p 00000000 00:00 0 
7fcf567fe000-7fcf56ffe000 rw-p 00000000 00:00 0                          [stack:3296]
7fcf56ffe000-7fcf56fff000 ---p 00000000 00:00 0 
7fcf56fff000-7fcf577ff000 rw-p 00000000 00:00 0                          [stack:3295]
7fcf577ff000-7fcf57800000 ---p 00000000 00:00 0 
7fcf57800000-7fcf58000000 rw-p 00000000 00:00 0                          [stack:3292]
7fcf58000000-7fcf58021000 rw-p 00000000 00:00 0 
7fcf58021000-7fcf5c000000 ---p 00000000 00:00 0 
7fcf5c003000-7fcf5c014000 r-xp 00000000 08:02 13128826                   /usr/lib/jvm/java-8-oracle/jre/lib/amd64/libnio.so
7fcf5c014000-7fcf5c213000 ---p 00011000 08:02 13128826                   /usr/lib/jvm/java-8-oracle/jre/lib/amd64/libnio.so
7fcf5c213000-7fcf5c214000 rw-p 00010000 08:02 13128826                   /usr/lib/jvm/java-8-oracle/jre/lib/amd64/libnio.so
7fcf5c214000-7fcf5c21f000 r-xp 00000000 08:02 13370412                   /usr/lib/x86_64-linux-gnu/gio/modules/libdconfsettings.so
7fcf5c21f000-7fcf5c41f000 ---p 0000b000 08:02 13370412                   /usr/lib/x86_64-linux-gnu/gio/modules/libdconfsettings.so
7fcf5c41f000-7fcf5c420000 r--p 0000b000 08:02 13370412                   /usr/lib/x86_64-linux-gnu/gio/modules/libdconfsettings.so
7fcf5c420000-7fcf5c421000 rw-p 0000c000 08:02 13370412                   /usr/lib/x86_64-linux-gnu/gio/modules/libdconfsettings.so
7fcf5c421000-7fcf5c428000 r-xp 00000000 08:02 12985149                   /usr/lib/x86_64-linux-gnu/libogg.so.0.8.2
7fcf5c428000-7fcf5c628000 ---p 00007000 08:02 12985149                   /usr/lib/x86_64-linux-gnu/libogg.so.0.8.2
7fcf5c628000-7fcf5c629000 r--p 00007000 08:02 12985149                   /usr/lib/x86_64-linux-gnu/libogg.so.0.8.2
7fcf5c629000-7fcf5c62a000 rw-p 00008000 08:02 12985149                   /usr/lib/x86_64-linux-gnu/libogg.so.0.8.2
7fcf5c62a000-7fcf5c655000 r-xp 00000000 08:02 12985451                   /usr/lib/x86_64-linux-gnu/libvorbis.so.0.4.7
7fcf5c655000-7fcf5c854000 ---p 0002b000 08:02 12985451                   /usr/lib/x86_64-linux-gnu/libvorbis.so.0.4.7
7fcf5c854000-7fcf5c855000 r--p 0002a000 08:02 12985451                   /usr/lib/x86_64-linux-gnu/libvorbis.so.0.4.7
7fcf5c855000-7fcf5c856000 rw-p 0002b000 08:02 12985451                   /usr/lib/x86_64-linux-gnu/libvorbis.so.0.4.7
7fcf5c856000-7fcf5c85f000 r-xp 00000000 08:02 12985044                   /usr/lib/x86_64-linux-gnu/libltdl.so.7.3.0
7fcf5c85f000-7fcf5ca5e000 ---p 00009000 08:02 12985044                   /usr/lib/x86_64-linux-gnu/libltdl.so.7.3.0
7fcf5ca5e000-7fcf5ca5f000 r--p 00008000 08:02 12985044                   /usr/lib/x86_64-linux-gnu/libltdl.so.7.3.0
7fcf5ca5f000-7fcf5ca60000 rw-p 00009000 08:02 12985044                   /usr/lib/x86_64-linux-gnu/libltdl.so.7.3.0
7fcf5ca60000-7fcf5ca74000 r-xp 00000000 08:02 12977183                   /usr/lib/x86_64-linux-gnu/libtdb.so.1.3.5
7fcf5ca74000-7fcf5cc73000 ---p 00014000 08:02 12977183                   /usr/lib/x86_64-linux-gnu/libtdb.so.1.3.5
7fcf5cc73000-7fcf5cc74000 r--p 00013000 08:02 12977183                   /usr/lib/x86_64-linux-gnu/libtdb.so.1.3.5
7fcf5cc74000-7fcf5cc75000 rw-p 00014000 08:02 12977183                   /usr/lib/x86_64-linux-gnu/libtdb.so.1.3.5
7fcf5cc75000-7fcf5cc7c000 r-xp 00000000 08:02 12985455                   /usr/lib/x86_64-linux-gnu/libvorbisfile.so.3.3.6
7fcf5cc7c000-7fcf5ce7c000 ---p 00007000 08:02 12985455                   /usr/lib/x86_64-linux-gnu/libvorbisfile.so.3.3.6
7fcf5ce7c000-7fcf5ce7d000 r--p 00007000 08:02 12985455                   /usr/lib/x86_64-linux-gnu/libvorbisfile.so.3.3.6
7fcf5ce7d000-7fcf5ce7e000 rw-p 00008000 08:02 12985455                   /usr/lib/x86_64-linux-gnu/libvorbisfile.so.3.3.6
7fcf5ce7e000-7fcf5ce8e000 r-xp 00000000 08:02 12984519                   /usr/lib/x86_64-linux-gnu/libcanberra.so.0.2.5
7fcf5ce8e000-7fcf5d08e000 ---p 00010000 08:02 12984519                   /usr/lib/x86_64-linux-gnu/libcanberra.so.0.2.5
7fcf5d08e000-7fcf5d08f000 r--p 00010000 08:02 12984519                   /usr/lib/x86_64-linux-gnu/libcanberra.so.0.2.5
7fcf5d08f000-7fcf5d090000 rw-p 00011000 08:02 12984519                   /usr/lib/x86_64-linux-gnu/libcanberra.so.0.2.5
7fcf5d090000-7fcf5d094000 r-xp 00000000 08:02 12984515                   /usr/lib/x86_64-linux-gnu/libcanberra-gtk.so.0.1.9
7fcf5d094000-7fcf5d293000 ---p 00004000 08:02 12984515                   /usr/lib/x86_64-linux-gnu/libcanberra-gtk.so.0.1.9
7fcf5d293000-7fcf5d294000 r--p 00003000 08:02 12984515                   /usr/lib/x86_64-linux-gnu/libcanberra-gtk.so.0.1.9
7fcf5d294000-7fcf5d295000 rw-p 00004000 08:02 12984515                   /usr/lib/x86_64-linux-gnu/libcanberra-gtk.so.0.1.9
7fcf5d295000-7fcf5d29a000 r-xp 00000000 08:02 13369824                   /usr/lib/x86_64-linux-gnu/gtk-2.0/modules/libcanberra-gtk-module.so
7fcf5d29a000-7fcf5d499000 ---p 00005000 08:02 13369824                   /usr/lib/x86_64-linux-gnu/gtk-2.0/modules/libcanberra-gtk-module.so
7fcf5d499000-7fcf5d49a000 r--p 00004000 08:02 13369824                   /usr/lib/x86_64-linux-gnu/gtk-2.0/modules/libcanberra-gtk-module.so
7fcf5d49a000-7fcf5d49b000 rw-p 00005000 08:02 13369824                   /usr/lib/x86_64-linux-gnu/gtk-2.0/modules/libcanberra-gtk-module.so
7fcf5d49b000-7fcf5d4ca000 r-xp 00000000 08:02 13369805                   /usr/lib/x86_64-linux-gnu/gtk-2.0/2.10.0/engines/libmurrine.so
7fcf5d4ca000-7fcf5d6ca000 ---p 0002f000 08:02 13369805                   /usr/lib/x86_64-linux-gnu/gtk-2.0/2.10.0/engines/libmurrine.so
7fcf5d6ca000-7fcf5d6cb000 r--p 0002f000 08:02 13369805                   /usr/lib/x86_64-linux-gnu/gtk-2.0/2.10.0/engines/libmurrine.so
7fcf5d6cb000-7fcf5d6cc000 rw-p 00030000 08:02 13369805                   /usr/lib/x86_64-linux-gnu/gtk-2.0/2.10.0/engines/libmurrine.so
7fcf5d6cc000-7fcf5d6dc000 r-xp 00000000 08:02 12985420                   /usr/lib/x86_64-linux-gnu/libunity-gtk2-parser.so.0.0.0
7fcf5d6dc000-7fcf5d8dc000 ---p 00010000 08:02 12985420                   /usr/lib/x86_64-linux-gnu/libunity-gtk2-parser.so.0.0.0
7fcf5d8dc000-7fcf5d8dd000 r--p 00010000 08:02 12985420                   /usr/lib/x86_64-linux-gnu/libunity-gtk2-parser.so.0.0.0
7fcf5d8dd000-7fcf5d8de000 rw-p 00011000 08:02 12985420                   /usr/lib/x86_64-linux-gnu/libunity-gtk2-parser.so.0.0.0
7fcf5d8de000-7fcf5d8e3000 r-xp 00000000 08:02 13369828                   /usr/lib/x86_64-linux-gnu/gtk-2.0/modules/libunity-gtk-module.so
7fcf5d8e3000-7fcf5dae2000 ---p 00005000 08:02 13369828                   /usr/lib/x86_64-linux-gnu/gtk-2.0/modules/libunity-gtk-module.so
7fcf5dae2000-7fcf5dae3000 r--p 00004000 08:02 13369828                   /usr/lib/x86_64-linux-gnu/gtk-2.0/modules/libunity-gtk-module.so
7fcf5dae3000-7fcf5dae4000 rw-p 00005000 08:02 13369828                   /usr/lib/x86_64-linux-gnu/gtk-2.0/modules/libunity-gtk-module.so
7fcf5dae4000-7fcf5daf5000 r-xp 00000000 08:02 13369707                   /usr/lib/x86_64-linux-gnu/gtk-2.0/modules/liboverlay-scrollbar.so
7fcf5daf5000-7fcf5dcf5000 ---p 00011000 08:02 13369707                   /usr/lib/x86_64-linux-gnu/gtk-2.0/modules/liboverlay-scrollbar.so
7fcf5dcf5000-7fcf5dcf6000 r--p 00011000 08:02 13369707                   /usr/lib/x86_64-linux-gnu/gtk-2.0/modules/liboverlay-scrollbar.so
7fcf5dcf6000-7fcf5dcf7000 rw-p 00012000 08:02 13369707                   /usr/lib/x86_64-linux-gnu/gtk-2.0/modules/liboverlay-scrollbar.so
7fcf5dcf7000-7fcf5dcf8000 r-xp 00000000 08:02 12976333                   /usr/lib/x86_64-linux-gnu/libgthread-2.0.so.0.4600.2
7fcf5dcf8000-7fcf5def7000 ---p 00001000 08:02 12976333                   /usr/lib/x86_64-linux-gnu/libgthread-2.0.so.0.4600.2
7fcf5def7000-7fcf5def8000 r--p 00000000 08:02 12976333                   /usr/lib/x86_64-linux-gnu/libgthread-2.0.so.0.4600.2
7fcf5def8000-7fcf5def9000 rw-p 00001000 08:02 12976333                   /usr/lib/x86_64-linux-gnu/libgthread-2.0.so.0.4600.2
7fcf5def9000-7fcf5deff000 r-xp 00000000 08:02 12976312                   /usr/lib/x86_64-linux-gnu/libdatrie.so.1.3.2
7fcf5deff000-7fcf5e0fe000 ---p 00006000 08:02 12976312                   /usr/lib/x86_64-linux-gnu/libdatrie.so.1.3.2
7fcf5e0fe000-7fcf5e0ff000 r--p 00005000 08:02 12976312                   /usr/lib/x86_64-linux-gnu/libdatrie.so.1.3.2
7fcf5e0ff000-7fcf5e100000 rw-p 00006000 08:02 12976312                   /usr/lib/x86_64-linux-gnu/libdatrie.so.1.3.2
7fcf5e100000-7fcf5e119000 r-xp 00000000 08:02 12976261                   /usr/lib/x86_64-linux-gnu/libgraphite2.so.3.0.1
7fcf5e119000-7fcf5e318000 ---p 00019000 08:02 12976261                   /usr/lib/x86_64-linux-gnu/libgraphite2.so.3.0.1
7fcf5e318000-7fcf5e31a000 r--p 00018000 08:02 12976261                   /usr/lib/x86_64-linux-gnu/libgraphite2.so.3.0.1
7fcf5e31a000-7fcf5e31b000 rw-p 0001a000 08:02 12976261                   /usr/lib/x86_64-linux-gnu/libgraphite2.so.3.0.1
7fcf5e31b000-7fcf5e341000 r-xp 00000000 08:02 7077994                    /lib/x86_64-linux-gnu/libexpat.so.1.6.0
7fcf5e341000-7fcf5e541000 ---p 00026000 08:02 7077994                    /lib/x86_64-linux-gnu/libexpat.so.1.6.0
7fcf5e541000-7fcf5e543000 r--p 00026000 08:02 7077994                    /lib/x86_64-linux-gnu/libexpat.so.1.6.0
7fcf5e543000-7fcf5e544000 rw-p 00028000 08:02 7077994                    /lib/x86_64-linux-gnu/libexpat.so.1.6.0
7fcf5e544000-7fcf5e5b0000 r-xp 00000000 08:02 7077971                    /lib/x86_64-linux-gnu/libpcre.so.3.13.1
7fcf5e5b0000-7fcf5e7af000 ---p 0006c000 08:02 7077971                    /lib/x86_64-linux-gnu/libpcre.so.3.13.1
7fcf5e7af000-7fcf5e7b0000 r--p 0006b000 08:02 7077971                    /lib/x86_64-linux-gnu/libpcre.so.3.13.1
7fcf5e7b0000-7fcf5e7b1000 rw-p 0006c000 08:02 7077971                    /lib/x86_64-linux-gnu/libpcre.so.3.13.1
7fcf5e7b1000-7fcf5e7b8000 r-xp 00000000 08:02 12983803                   /usr/lib/x86_64-linux-gnu/libffi.so.6.0.4
7fcf5e7b8000-7fcf5e9b7000 ---p 00007000 08:02 12983803                   /usr/lib/x86_64-linux-gnu/libffi.so.6.0.4
7fcf5e9b7000-7fcf5e9b8000 r--p 00006000 08:02 12983803                   /usr/lib/x86_64-linux-gnu/libffi.so.6.0.4
7fcf5e9b8000-7fcf5e9b9000 rw-p 00007000 08:02 12983803                   /usr/lib/x86_64-linux-gnu/libffi.so.6.0.4
7fcf5e9b9000-7fcf5e9c1000 r-xp 00000000 08:02 12978425                   /usr/lib/x86_64-linux-gnu/libthai.so.0.2.2
7fcf5e9c1000-7fcf5ebc0000 ---p 00008000 08:02 12978425                   /usr/lib/x86_64-linux-gnu/libthai.so.0.2.2
7fcf5ebc0000-7fcf5ebc1000 r--p 00007000 08:02 12978425                   /usr/lib/x86_64-linux-gnu/libthai.so.0.2.2
7fcf5ebc1000-7fcf5ebc2000 rw-p 00008000 08:02 12978425                   /usr/lib/x86_64-linux-gnu/libthai.so.0.2.2
7fcf5ebc2000-7fcf5ec1e000 r-xp 00000000 08:02 12985111                   /usr/lib/x86_64-linux-gnu/libharfbuzz.so.0.10000.1
7fcf5ec1e000-7fcf5ee1e000 ---p 0005c000 08:02 12985111                   /usr/lib/x86_64-linux-gnu/libharfbuzz.so.0.10000.1
7fcf5ee1e000-7fcf5ee1f000 r--p 0005c000 08:02 12985111                   /usr/lib/x86_64-linux-gnu/libharfbuzz.so.0.10000.1
7fcf5ee1f000-7fcf5ee20000 rw-p 0005d000 08:02 12985111                   /usr/lib/x86_64-linux-gnu/libharfbuzz.so.0.10000.1
7fcf5ee20000-7fcf5ee37000 r-xp 00000000 08:02 7083818                    /lib/x86_64-linux-gnu/libresolv-2.21.so
7fcf5ee37000-7fcf5f037000 ---p 00017000 08:02 7083818                    /lib/x86_64-linux-gnu/libresolv-2.21.so
7fcf5f037000-7fcf5f038000 r--p 00017000 08:02 7083818                    /lib/x86_64-linux-gnu/libresolv-2.21.so
7fcf5f038000-7fcf5f039000 rw-p 00018000 08:02 7083818                    /lib/x86_64-linux-gnu/libresolv-2.21.so
7fcf5f039000-7fcf5f03b000 rw-p 00000000 00:00 0 
7fcf5f03b000-7fcf5f05c000 r-xp 00000000 08:02 7077973                    /lib/x86_64-linux-gnu/libselinux.so.1
7fcf5f05c000-7fcf5f25b000 ---p 00021000 08:02 7077973                    /lib/x86_64-linux-gnu/libselinux.so.1
7fcf5f25b000-7fcf5f25c000 r--p 00020000 08:02 7077973                    /lib/x86_64-linux-gnu/libselinux.so.1
7fcf5f25c000-7fcf5f25d000 rw-p 00021000 08:02 7077973                    /lib/x86_64-linux-gnu/libselinux.so.1
7fcf5f25d000-7fcf5f25f000 rw-p 00000000 00:00 0 
7fcf5f25f000-7fcf5f278000 r-xp 00000000 08:02 7078746                    /lib/x86_64-linux-gnu/libz.so.1.2.8
7fcf5f278000-7fcf5f477000 ---p 00019000 08:02 7078746                    /lib/x86_64-linux-gnu/libz.so.1.2.8
7fcf5f477000-7fcf5f478000 r--p 00018000 08:02 7078746                    /lib/x86_64-linux-gnu/libz.so.1.2.8
7fcf5f478000-7fcf5f479000 rw-p 00019000 08:02 7078746                    /lib/x86_64-linux-gnu/libz.so.1.2.8
7fcf5f479000-7fcf5f481000 r-xp 00000000 08:02 12985541                   /usr/lib/x86_64-linux-gnu/libxcb-render.so.0.0.0
7fcf5f481000-7fcf5f681000 ---p 00008000 08:02 12985541                   /usr/lib/x86_64-linux-gnu/libxcb-render.so.0.0.0
7fcf5f681000-7fcf5f682000 r--p 00008000 08:02 12985541                   /usr/lib/x86_64-linux-gnu/libxcb-render.so.0.0.0
7fcf5f682000-7fcf5f683000 rw-p 00009000 08:02 12985541                   /usr/lib/x86_64-linux-gnu/libxcb-render.so.0.0.0
7fcf5f683000-7fcf5f685000 r-xp 00000000 08:02 12985463                   /usr/lib/x86_64-linux-gnu/libxcb-shm.so.0.0.0
7fcf5f685000-7fcf5f885000 ---p 00002000 08:02 12985463                   /usr/lib/x86_64-linux-gnu/libxcb-shm.so.0.0.0
7fcf5f885000-7fcf5f886000 r--p 00002000 08:02 12985463                   /usr/lib/x86_64-linux-gnu/libxcb-shm.so.0.0.0
7fcf5f886000-7fcf5f887000 rw-p 00003000 08:02 12985463                   /usr/lib/x86_64-linux-gnu/libxcb-shm.so.0.0.0
7fcf5f887000-7fcf5f8ac000 r-xp 00000000 08:02 7078978                    /lib/x86_64-linux-gnu/libpng12.so.0.51.0
7fcf5f8ac000-7fcf5faab000 ---p 00025000 08:02 7078978                    /lib/x86_64-linux-gnu/libpng12.so.0.51.0
7fcf5faab000-7fcf5faac000 r--p 00024000 08:02 7078978                    /lib/x86_64-linux-gnu/libpng12.so.0.51.0
7fcf5faac000-7fcf5faad000 rw-p 00025000 08:02 7078978                    /lib/x86_64-linux-gnu/libpng12.so.0.51.0
7fcf5faad000-7fcf5fb52000 r-xp 00000000 08:02 12985190                   /usr/lib/x86_64-linux-gnu/libpixman-1.so.0.32.6
7fcf5fb52000-7fcf5fd51000 ---p 000a5000 08:02 12985190                   /usr/lib/x86_64-linux-gnu/libpixman-1.so.0.32.6
7fcf5fd51000-7fcf5fd59000 r--p 000a4000 08:02 12985190                   /usr/lib/x86_64-linux-gnu/libpixman-1.so.0.32.6
7fcf5fd59000-7fcf5fd5a000 rw-p 000ac000 08:02 12985190                   /usr/lib/x86_64-linux-gnu/libpixman-1.so.0.32.6
7fcf5fd5a000-7fcf5fdfa000 r-xp 00000000 08:02 12976473                   /usr/lib/x86_64-linux-gnu/libfreetype.so.6.11.1
7fcf5fdfa000-7fcf5fff9000 ---p 000a0000 08:02 12976473                   /usr/lib/x86_64-linux-gnu/libfreetype.so.6.11.1
7fcf5fff9000-7fcf5ffff000 r--p 0009f000 08:02 12976473                   /usr/lib/x86_64-linux-gnu/libfreetype.so.6.11.1
7fcf5ffff000-7fcf60000000 rw-p 000a5000 08:02 12976473                   /usr/lib/x86_64-linux-gnu/libfreetype.so.6.11.1
7fcf60000000-7fcf60021000 rw-p 00000000 00:00 0 
7fcf60021000-7fcf64000000 ---p 00000000 00:00 0 
7fcf64004000-7fcf64005000 rw-p 00000000 00:00 0 
7fcf64005000-7fcf6400e000 r--s 00000000 08:02 14026915                   /usr/share/fonts/X11/Type1/c0648bt_.pfb
7fcf6400e000-7fcf6402a000 r--s 00000000 08:02 14027648                   /usr/share/fonts/type1/gsfonts/p052024l.pfb
7fcf6402a000-7fcf6403c000 r--s 00000000 08:02 14027603                   /usr/share/fonts/type1/gsfonts/n019043l.pfb
7fcf6403c000-7fcf6404d000 r--s 00000000 08:02 14027597                   /usr/share/fonts/type1/gsfonts/n019023l.pfb
7fcf6404d000-7fcf6405e000 r--s 00000000 08:02 14027600                   /usr/share/fonts/type1/gsfonts/n019024l.pfb
7fcf6405e000-7fcf64069000 r--s 00000000 08:02 4980827                    /var/cache/fontconfig/945677eb7aeaf62f1d50efc3fb3ec7d8-le64.cache-4
7fcf64069000-7fcf6406b000 r--s 00000000 08:02 4992738                    /var/cache/fontconfig/99e8ed0e538f840c565b6ed5dad60d56-le64.cache-4
7fcf6406b000-7fcf64074000 r--s 00000000 08:02 4992737                    /var/cache/fontconfig/a6d8cf8e4ec09cdbc8633c31745a07dd-le64.cache-4
7fcf64074000-7fcf6407a000 r--s 00000000 08:02 4984589                    /var/cache/fontconfig/2cd17615ca594fa2959ae173292e504c-le64.cache-4
7fcf6407a000-7fcf6407b000 r--s 00000000 08:02 4980809                    /var/cache/fontconfig/0d8c3b2ac0904cb8a57a757ad11a4a08-le64.cache-4
7fcf6407b000-7fcf64082000 r--s 00000000 08:02 4980831                    /var/cache/fontconfig/a755afe4a08bf5b97852ceb7400b47bc-le64.cache-4
7fcf64082000-7fcf64083000 r--s 00000000 08:02 4980830                    /var/cache/fontconfig/a6354e3ac43af67bd8d7b8e43c34e49f-le64.cache-4
7fcf64083000-7fcf64099000 r--s 00000000 08:02 4980807                    /var/cache/fontconfig/04aabc0a78ac019cf9454389977116d2-le64.cache-4
7fcf64099000-7fcf6409a000 r--s 00000000 08:02 4980811                    /var/cache/fontconfig/1ac9eb803944fde146138c791f5cc56a-le64.cache-4
7fcf6409a000-7fcf6409e000 r--s 00000000 08:02 4980815                    /var/cache/fontconfig/385c0604a188198f04d133e54aba7fe7-le64.cache-4
7fcf6409e000-7fcf6409f000 r--s 00000000 08:02 4980842                    /var/cache/fontconfig/dc05db6664285cc2f12bf69c139ae4c3-le64.cache-4
7fcf6409f000-7fcf640a1000 r--s 00000000 08:02 4980824                    /var/cache/fontconfig/767a8244fc0220cfb567a839d0392e0b-le64.cache-4
7fcf640a1000-7fcf640a2000 r--s 00000000 08:02 4995291                    /var/cache/fontconfig/4794a0821666d79190d59a36cb4f44b5-le64.cache-4
7fcf640a2000-7fcf640a7000 r--s 00000000 08:02 4980826                    /var/cache/fontconfig/8801497958630a81b71ace7c5f9b32a8-le64.cache-4
7fcf640a7000-7fcf640e2000 r--s 00000000 08:02 4989899                    /var/cache/fontconfig/365b55f210c0a22e9a19e35191240f32-le64.cache-4
7fcf640e2000-7fcf640e3000 r--s 00000000 08:02 4980834                    /var/cache/fontconfig/bab58bb527bb656aaa9f116d68a48d89-le64.cache-4
7fcf640e3000-7fcf640ea000 r--s 00000000 08:02 4980813                    /var/cache/fontconfig/3047814df9a2f067bd2d96a2b9c36e5a-le64.cache-4
7fcf640ea000-7fcf640eb000 r--s 00000000 08:02 4980820                    /var/cache/fontconfig/56cf4f4769d0f4abc89a4895d7bd3ae1-le64.cache-4
7fcf640eb000-7fcf640ec000 r--s 00000000 08:02 4980833                    /var/cache/fontconfig/b9d506c9ac06c20b433354fa67a72993-le64.cache-4
7fcf640ec000-7fcf640f2000 r--s 00000000 08:02 4980832                    /var/cache/fontconfig/b47c4e1ecd0709278f4910c18777a504-le64.cache-4
7fcf640f2000-7fcf640fb000 r--s 00000000 08:02 4992736                    /var/cache/fontconfig/52f7bdb7ce746bfd7eaa1985bd9cfa93-le64.cache-4
7fcf640fb000-7fcf640fe000 r--s 00000000 08:02 4992735                    /var/cache/fontconfig/e49e89034d371f0f9de17aab02136486-le64.cache-4
7fcf640fe000-7fcf64100000 r--s 00000000 08:02 4992733                    /var/cache/fontconfig/4b14b093aebc79c320de5e86ae1d3314-le64.cache-4
7fcf64100000-7fcf64113000 r--s 00000000 08:02 4980839                    /var/cache/fontconfig/d52a8644073d54c13679302ca1180695-le64.cache-4
7fcf64113000-7fcf64114000 r--s 00000000 08:02 4980819                    /var/cache/fontconfig/551ecf3b0e8b0bca0f25c0944f561853-le64.cache-4
7fcf64114000-7fcf6411f000 r--s 00000000 08:02 4995239                    /var/cache/fontconfig/d589a48862398ed80a3d6066f4f56f4c-le64.cache-4
7fcf6411f000-7fcf6412c000 r--s 00000000 08:02 7642040                    /home/jojolepro/.cache/fontconfig/e13b20fdb08344e0e664864cc2ede53d-le64.cache-4
7fcf6412c000-7fcf6412e000 r-xp 00000000 08:02 12984373                   /usr/lib/x86_64-linux-gnu/libXdamage.so.1.1.0
7fcf6412e000-7fcf6432d000 ---p 00002000 08:02 12984373                   /usr/lib/x86_64-linux-gnu/libXdamage.so.1.1.0
7fcf6432d000-7fcf6432e000 r--p 00001000 08:02 12984373                   /usr/lib/x86_64-linux-gnu/libXdamage.so.1.1.0
7fcf6432e000-7fcf6432f000 rw-p 00002000 08:02 12984373                   /usr/lib/x86_64-linux-gnu/libXdamage.so.1.1.0
7fcf6432f000-7fcf64331000 r-xp 00000000 08:02 12984369                   /usr/lib/x86_64-linux-gnu/libXcomposite.so.1.0.0
7fcf64331000-7fcf64530000 ---p 00002000 08:02 12984369                   /usr/lib/x86_64-linux-gnu/libXcomposite.so.1.0.0
7fcf64530000-7fcf64531000 r--p 00001000 08:02 12984369                   /usr/lib/x86_64-linux-gnu/libXcomposite.so.1.0.0
7fcf64531000-7fcf64532000 rw-p 00002000 08:02 12984369                   /usr/lib/x86_64-linux-gnu/libXcomposite.so.1.0.0
7fcf64532000-7fcf6453c000 r-xp 00000000 08:02 12976650                   /usr/lib/x86_64-linux-gnu/libXrandr.so.2.2.0
7fcf6453c000-7fcf6473b000 ---p 0000a000 08:02 12976650                   /usr/lib/x86_64-linux-gnu/libXrandr.so.2.2.0
7fcf6473b000-7fcf6473c000 r--p 00009000 08:02 12976650                   /usr/lib/x86_64-linux-gnu/libXrandr.so.2.2.0
7fcf6473c000-7fcf6473d000 rw-p 0000a000 08:02 12976650                   /usr/lib/x86_64-linux-gnu/libXrandr.so.2.2.0
7fcf6473d000-7fcf6473f000 r-xp 00000000 08:02 12984387                   /usr/lib/x86_64-linux-gnu/libXinerama.so.1.0.0
7fcf6473f000-7fcf6493e000 ---p 00002000 08:02 12984387                   /usr/lib/x86_64-linux-gnu/libXinerama.so.1.0.0
7fcf6493e000-7fcf6493f000 r--p 00001000 08:02 12984387                   /usr/lib/x86_64-linux-gnu/libXinerama.so.1.0.0
7fcf6493f000-7fcf64940000 rw-p 00002000 08:02 12984387                   /usr/lib/x86_64-linux-gnu/libXinerama.so.1.0.0
7fcf64940000-7fcf6497c000 r-xp 00000000 08:02 12984697                   /usr/lib/x86_64-linux-gnu/libfontconfig.so.1.8.0
7fcf6497c000-7fcf64b7b000 ---p 0003c000 08:02 12984697                   /usr/lib/x86_64-linux-gnu/libfontconfig.so.1.8.0
7fcf64b7b000-7fcf64b7d000 r--p 0003b000 08:02 12984697                   /usr/lib/x86_64-linux-gnu/libfontconfig.so.1.8.0
7fcf64b7d000-7fcf64b7e000 rw-p 0003d000 08:02 12984697                   /usr/lib/x86_64-linux-gnu/libfontconfig.so.1.8.0
7fcf64b7e000-7fcf64c8b000 r-xp 00000000 08:02 7078655                    /lib/x86_64-linux-gnu/libglib-2.0.so.0.4600.2
7fcf64c8b000-7fcf64e8a000 ---p 0010d000 08:02 7078655                    /lib/x86_64-linux-gnu/libglib-2.0.so.0.4600.2
7fcf64e8a000-7fcf64e8b000 r--p 0010c000 08:02 7078655                    /lib/x86_64-linux-gnu/libglib-2.0.so.0.4600.2
7fcf64e8b000-7fcf64e8c000 rw-p 0010d000 08:02 7078655                    /lib/x86_64-linux-gnu/libglib-2.0.so.0.4600.2
7fcf64e8c000-7fcf64e8d000 rw-p 00000000 00:00 0 
7fcf64e8d000-7fcf64edf000 r-xp 00000000 08:02 12978466                   /usr/lib/x86_64-linux-gnu/libgobject-2.0.so.0.4600.2
7fcf64edf000-7fcf650de000 ---p 00052000 08:02 12978466                   /usr/lib/x86_64-linux-gnu/libgobject-2.0.so.0.4600.2
7fcf650de000-7fcf650df000 r--p 00051000 08:02 12978466                   /usr/lib/x86_64-linux-gnu/libgobject-2.0.so.0.4600.2
7fcf650df000-7fcf650e0000 rw-p 00052000 08:02 12978466                   /usr/lib/x86_64-linux-gnu/libgobject-2.0.so.0.4600.2
7fcf650e0000-7fcf6512b000 r-xp 00000000 08:02 12985165                   /usr/lib/x86_64-linux-gnu/libpango-1.0.so.0.3600.8
7fcf6512b000-7fcf6532b000 ---p 0004b000 08:02 12985165                   /usr/lib/x86_64-linux-gnu/libpango-1.0.so.0.3600.8
7fcf6532b000-7fcf6532d000 r--p 0004b000 08:02 12985165                   /usr/lib/x86_64-linux-gnu/libpango-1.0.so.0.3600.8
7fcf6532d000-7fcf6532e000 rw-p 0004d000 08:02 12985165                   /usr/lib/x86_64-linux-gnu/libpango-1.0.so.0.3600.8
7fcf6532e000-7fcf65342000 r-xp 00000000 08:02 12985169                   /usr/lib/x86_64-linux-gnu/libpangoft2-1.0.so.0.3600.8
7fcf65342000-7fcf65542000 ---p 00014000 08:02 12985169                   /usr/lib/x86_64-linux-gnu/libpangoft2-1.0.so.0.3600.8
7fcf65542000-7fcf65543000 r--p 00014000 08:02 12985169                   /usr/lib/x86_64-linux-gnu/libpangoft2-1.0.so.0.3600.8
7fcf65543000-7fcf65544000 rw-p 00015000 08:02 12985169                   /usr/lib/x86_64-linux-gnu/libpangoft2-1.0.so.0.3600.8
7fcf65544000-7fcf656be000 r-xp 00000000 08:02 12976334                   /usr/lib/x86_64-linux-gnu/libgio-2.0.so.0.4600.2
7fcf656be000-7fcf658bd000 ---p 0017a000 08:02 12976334                   /usr/lib/x86_64-linux-gnu/libgio-2.0.so.0.4600.2
7fcf658bd000-7fcf658c1000 r--p 00179000 08:02 12976334                   /usr/lib/x86_64-linux-gnu/libgio-2.0.so.0.4600.2
7fcf658c1000-7fcf658c3000 rw-p 0017d000 08:02 12976334                   /usr/lib/x86_64-linux-gnu/libgio-2.0.so.0.4600.2
7fcf658c3000-7fcf658c5000 rw-p 00000000 00:00 0 
7fcf658c5000-7fcf658e6000 r-xp 00000000 08:02 12976701                   /usr/lib/x86_64-linux-gnu/libgdk_pixbuf-2.0.so.0.3200.1
7fcf658e6000-7fcf65ae5000 ---p 00021000 08:02 12976701                   /usr/lib/x86_64-linux-gnu/libgdk_pixbuf-2.0.so.0.3200.1
7fcf65ae5000-7fcf65ae6000 r--p 00020000 08:02 12976701                   /usr/lib/x86_64-linux-gnu/libgdk_pixbuf-2.0.so.0.3200.1
7fcf65ae6000-7fcf65ae7000 rw-p 00021000 08:02 12976701                   /usr/lib/x86_64-linux-gnu/libgdk_pixbuf-2.0.so.0.3200.1
7fcf65ae7000-7fcf65bf5000 r-xp 00000000 08:02 12984273                   /usr/lib/x86_64-linux-gnu/libcairo.so.2.11400.2
7fcf65bf5000-7fcf65df4000 ---p 0010e000 08:02 12984273                   /usr/lib/x86_64-linux-gnu/libcairo.so.2.11400.2
7fcf65df4000-7fcf65df7000 r--p 0010d000 08:02 12984273                   /usr/lib/x86_64-linux-gnu/libcairo.so.2.11400.2
7fcf65df7000-7fcf65df8000 rw-p 00110000 08:02 12984273                   /usr/lib/x86_64-linux-gnu/libcairo.so.2.11400.2
7fcf65df8000-7fcf65dfa000 rw-p 00000000 00:00 0 
7fcf65dfa000-7fcf65e1c000 r-xp 00000000 08:02 12977092                   /usr/lib/x86_64-linux-gnu/libatk-1.0.so.0.21609.1
7fcf65e1c000-7fcf6601b000 ---p 00022000 08:02 12977092                   /usr/lib/x86_64-linux-gnu/libatk-1.0.so.0.21609.1
7fcf6601b000-7fcf6601e000 r--p 00021000 08:02 12977092                   /usr/lib/x86_64-linux-gnu/libatk-1.0.so.0.21609.1
7fcf6601e000-7fcf6601f000 rw-p 00024000 08:02 12977092                   /usr/lib/x86_64-linux-gnu/libatk-1.0.so.0.21609.1
7fcf6601f000-7fcf6602b000 r-xp 00000000 08:02 12985167                   /usr/lib/x86_64-linux-gnu/libpangocairo-1.0.so.0.3600.8
7fcf6602b000-7fcf6622a000 ---p 0000c000 08:02 12985167                   /usr/lib/x86_64-linux-gnu/libpangocairo-1.0.so.0.3600.8
7fcf6622a000-7fcf6622b000 r--p 0000b000 08:02 12985167                   /usr/lib/x86_64-linux-gnu/libpangocairo-1.0.so.0.3600.8
7fcf6622b000-7fcf6622c000 rw-p 0000c000 08:02 12985167                   /usr/lib/x86_64-linux-gnu/libpangocairo-1.0.so.0.3600.8
7fcf6622c000-7fcf6622f000 r-xp 00000000 08:02 12978467                   /usr/lib/x86_64-linux-gnu/libgmodule-2.0.so.0.4600.2
7fcf6622f000-7fcf6642e000 ---p 00003000 08:02 12978467                   /usr/lib/x86_64-linux-gnu/libgmodule-2.0.so.0.4600.2
7fcf6642e000-7fcf6642f000 r--p 00002000 08:02 12978467                   /usr/lib/x86_64-linux-gnu/libgmodule-2.0.so.0.4600.2
7fcf6642f000-7fcf66430000 rw-p 00003000 08:02 12978467                   /usr/lib/x86_64-linux-gnu/libgmodule-2.0.so.0.4600.2
7fcf66430000-7fcf664e0000 r-xp 00000000 08:02 12977097                   /usr/lib/x86_64-linux-gnu/libgdk-x11-2.0.so.0.2400.28
7fcf664e0000-7fcf666df000 ---p 000b0000 08:02 12977097                   /usr/lib/x86_64-linux-gnu/libgdk-x11-2.0.so.0.2400.28
7fcf666df000-7fcf666e3000 r--p 000af000 08:02 12977097                   /usr/lib/x86_64-linux-gnu/libgdk-x11-2.0.so.0.2400.28
7fcf666e3000-7fcf666e5000 rw-p 000b3000 08:02 12977097                   /usr/lib/x86_64-linux-gnu/libgdk-x11-2.0.so.0.2400.28
7fcf666e5000-7fcf66b23000 r-xp 00000000 08:02 12978857                   /usr/lib/x86_64-linux-gnu/libgtk-x11-2.0.so.0.2400.28
7fcf66b23000-7fcf66d23000 ---p 0043e000 08:02 12978857                   /usr/lib/x86_64-linux-gnu/libgtk-x11-2.0.so.0.2400.28
7fcf66d23000-7fcf66d2a000 r--p 0043e000 08:02 12978857                   /usr/lib/x86_64-linux-gnu/libgtk-x11-2.0.so.0.2400.28
7fcf66d2a000-7fcf66d2e000 rw-p 00445000 08:02 12978857                   /usr/lib/x86_64-linux-gnu/libgtk-x11-2.0.so.0.2400.28
7fcf66d2e000-7fcf66d31000 rw-p 00000000 00:00 0 
7fcf66d31000-7fcf66d34000 ---p 00000000 00:00 0 
7fcf66d34000-7fcf66e32000 rw-p 00000000 00:00 0                          [stack:3290]
7fcf66e32000-7fcf66e35000 ---p 00000000 00:00 0 
7fcf66e35000-7fcf66f33000 rw-p 00000000 00:00 0                          [stack:3288]
7fcf66f33000-7fcf66f36000 ---p 00000000 00:00 0 
7fcf66f36000-7fcf67034000 rw-p 00000000 00:00 0                          [stack:3284]
7fcf67034000-7fcf67039000 r-xp 00000000 08:02 12984379                   /usr/lib/x86_64-linux-gnu/libXfixes.so.3.1.0
7fcf67039000-7fcf67238000 ---p 00005000 08:02 12984379                   /usr/lib/x86_64-linux-gnu/libXfixes.so.3.1.0
7fcf67238000-7fcf67239000 r--p 00004000 08:02 12984379                   /usr/lib/x86_64-linux-gnu/libXfixes.so.3.1.0
7fcf67239000-7fcf6723a000 rw-p 00005000 08:02 12984379                   /usr/lib/x86_64-linux-gnu/libXfixes.so.3.1.0
7fcf6723a000-7fcf67243000 r-xp 00000000 08:02 12984371                   /usr/lib/x86_64-linux-gnu/libXcursor.so.1.0.2
7fcf67243000-7fcf67442000 ---p 00009000 08:02 12984371                   /usr/lib/x86_64-linux-gnu/libXcursor.so.1.0.2
7fcf67442000-7fcf67443000 r--p 00008000 08:02 12984371                   /usr/lib/x86_64-linux-gnu/libXcursor.so.1.0.2
7fcf67443000-7fcf67444000 rw-p 00009000 08:02 12984371                   /usr/lib/x86_64-linux-gnu/libXcursor.so.1.0.2
7fcf67444000-7fcf67447000 ---p 00000000 00:00 0 
7fcf67447000-7fcf67545000 rw-p 00000000 00:00 0                          [stack:3279]
7fcf67545000-7fcf6755b000 r-xp 00000000 08:02 7078694                    /lib/x86_64-linux-gnu/libgcc_s.so.1
7fcf6755b000-7fcf6775a000 ---p 00016000 08:02 7078694                    /lib/x86_64-linux-gnu/libgcc_s.so.1
7fcf6775a000-7fcf6775b000 r--p 00015000 08:02 7078694                    /lib/x86_64-linux-gnu/libgcc_s.so.1
7fcf6775b000-7fcf6775c000 rw-p 00016000 08:02 7078694                    /lib/x86_64-linux-gnu/libgcc_s.so.1
7fcf6775c000-7fcf677c1000 r-xp 00000000 08:02 13128820                   /usr/lib/jvm/java-8-oracle/jre/lib/amd64/libfontmanager.so
7fcf677c1000-7fcf679c0000 ---p 00065000 08:02 13128820                   /usr/lib/jvm/java-8-oracle/jre/lib/amd64/libfontmanager.so
7fcf679c0000-7fcf679c5000 rw-p 00064000 08:02 13128820                   /usr/lib/jvm/java-8-oracle/jre/lib/amd64/libfontmanager.so
7fcf679c5000-7fcf679d5000 rw-p 00000000 00:00 0 
7fcf679d5000-7fcf679da000 r-xp 00000000 08:02 12980089                   /usr/lib/x86_64-linux-gnu/libXdmcp.so.6.0.0
7fcf679da000-7fcf67bd9000 ---p 00005000 08:02 12980089                   /usr/lib/x86_64-linux-gnu/libXdmcp.so.6.0.0
7fcf67bd9000-7fcf67bda000 r--p 00004000 08:02 12980089                   /usr/lib/x86_64-linux-gnu/libXdmcp.so.6.0.0
7fcf67bda000-7fcf67bdb000 rw-p 00005000 08:02 12980089                   /usr/lib/x86_64-linux-gnu/libXdmcp.so.6.0.0
7fcf67bdb000-7fcf67bdd000 r-xp 00000000 08:02 12984364                   /usr/lib/x86_64-linux-gnu/libXau.so.6.0.0
7fcf67bdd000-7fcf67ddd000 ---p 00002000 08:02 12984364                   /usr/lib/x86_64-linux-gnu/libXau.so.6.0.0
7fcf67ddd000-7fcf67dde000 r--p 00002000 08:02 12984364                   /usr/lib/x86_64-linux-gnu/libXau.so.6.0.0
7fcf67dde000-7fcf67ddf000 rw-p 00003000 08:02 12984364                   /usr/lib/x86_64-linux-gnu/libXau.so.6.0.0
7fcf67ddf000-7fcf67dff000 r-xp 00000000 08:02 12980091                   /usr/lib/x86_64-linux-gnu/libxcb.so.1.1.0
7fcf67dff000-7fcf67ffe000 ---p 00020000 08:02 12980091                   /usr/lib/x86_64-linux-gnu/libxcb.so.1.1.0
7fcf67ffe000-7fcf67fff000 r--p 0001f000 08:02 12980091                   /usr/lib/x86_64-linux-gnu/libxcb.so.1.1.0
7fcf67fff000-7fcf68000000 rw-p 00020000 08:02 12980091                   /usr/lib/x86_64-linux-gnu/libxcb.so.1.1.0
7fcf68000000-7fcf68021000 rw-p 00000000 00:00 0 
7fcf68021000-7fcf6c000000 ---p 00000000 00:00 0 
7fcf6c000000-7fcf6c00a000 r--s 00000000 08:02 4980816                    /var/cache/fontconfig/3f7329c5293ffd510edef78f73874cfd-le64.cache-4
7fcf6c00a000-7fcf6c00b000 r--s 00000000 08:02 4980808                    /var/cache/fontconfig/0c9eb80ebd1c36541ebe2852d3bb0c49-le64.cache-4
7fcf6c00b000-7fcf6c00f000 r--s 00000000 08:02 4991479                    /var/cache/fontconfig/7ef2298fde41cc6eeb7af42e48b7d293-le64.cache-4
7fcf6c00f000-7fcf6c010000 r--s 00000000 08:02 7616101                    /home/jojolepro/.cache/fontconfig/30bee44a9c394da145c9a9d2873bc646-le64.cache-4
7fcf6c010000-7fcf6c028000 r--s 00000000 08:02 14027627                   /usr/share/fonts/type1/gsfonts/n022003l.pfb
7fcf6c028000-7fcf6c030000 r--p 00000000 08:02 7603992                    /home/jojolepro/.config/dconf/user
7fcf6c030000-7fcf6c031000 r--s 00000000 00:2e 34                         /run/user/1000/dconf/user
7fcf6c031000-7fcf6c077000 r--p 00000000 08:02 13371045                   /usr/share/glib-2.0/schemas/gschemas.compiled
7fcf6c077000-7fcf6c07a000 r--s 00237000 08:02 8265407                    /home/jojolepro/Prog/B2L/dist/lib/assets.jar
7fcf6c07a000-7fcf6c089000 r-xp 00000000 08:02 12984385                   /usr/lib/x86_64-linux-gnu/libXi.so.6.1.0
7fcf6c089000-7fcf6c288000 ---p 0000f000 08:02 12984385                   /usr/lib/x86_64-linux-gnu/libXi.so.6.1.0
7fcf6c288000-7fcf6c289000 r--p 0000e000 08:02 12984385                   /usr/lib/x86_64-linux-gnu/libXi.so.6.1.0
7fcf6c289000-7fcf6c28a000 rw-p 0000f000 08:02 12984385                   /usr/lib/x86_64-linux-gnu/libXi.so.6.1.0
7fcf6c28a000-7fcf6c28f000 r-xp 00000000 08:02 12984405                   /usr/lib/x86_64-linux-gnu/libXtst.so.6.1.0
7fcf6c28f000-7fcf6c48e000 ---p 00005000 08:02 12984405                   /usr/lib/x86_64-linux-gnu/libXtst.so.6.1.0
7fcf6c48e000-7fcf6c48f000 r--p 00004000 08:02 12984405                   /usr/lib/x86_64-linux-gnu/libXtst.so.6.1.0
7fcf6c48f000-7fcf6c490000 rw-p 00005000 08:02 12984405                   /usr/lib/x86_64-linux-gnu/libXtst.so.6.1.0
7fcf6c490000-7fcf6c499000 r-xp 00000000 08:02 12985549                   /usr/lib/x86_64-linux-gnu/libXrender.so.1.3.0
7fcf6c499000-7fcf6c698000 ---p 00009000 08:02 12985549                   /usr/lib/x86_64-linux-gnu/libXrender.so.1.3.0
7fcf6c698000-7fcf6c699000 r--p 00008000 08:02 12985549                   /usr/lib/x86_64-linux-gnu/libXrender.so.1.3.0
7fcf6c699000-7fcf6c69a000 rw-p 00009000 08:02 12985549                   /usr/lib/x86_64-linux-gnu/libXrender.so.1.3.0
7fcf6c69a000-7fcf6c7cf000 r-xp 00000000 08:02 12981501                   /usr/lib/x86_64-linux-gnu/libX11.so.6.3.0
7fcf6c7cf000-7fcf6c9cf000 ---p 00135000 08:02 12981501                   /usr/lib/x86_64-linux-gnu/libX11.so.6.3.0
7fcf6c9cf000-7fcf6c9d0000 r--p 00135000 08:02 12981501                   /usr/lib/x86_64-linux-gnu/libX11.so.6.3.0
7fcf6c9d0000-7fcf6c9d4000 rw-p 00136000 08:02 12981501                   /usr/lib/x86_64-linux-gnu/libX11.so.6.3.0
7fcf6c9d4000-7fcf6c9e5000 r-xp 00000000 08:02 12984377                   /usr/lib/x86_64-linux-gnu/libXext.so.6.4.0
7fcf6c9e5000-7fcf6cbe4000 ---p 00011000 08:02 12984377                   /usr/lib/x86_64-linux-gnu/libXext.so.6.4.0
7fcf6cbe4000-7fcf6cbe5000 r--p 00010000 08:02 12984377                   /usr/lib/x86_64-linux-gnu/libXext.so.6.4.0
7fcf6cbe5000-7fcf6cbe6000 rw-p 00011000 08:02 12984377                   /usr/lib/x86_64-linux-gnu/libXext.so.6.4.0
7fcf6cbe6000-7fcf6cc02000 r--s 00393000 08:02 13128873                   /usr/lib/jvm/java-8-oracle/jre/lib/ext/cldrdata.jar
7fcf6cc02000-7fcf6cc0c000 r--s 00116000 08:02 13128870                   /usr/lib/jvm/java-8-oracle/jre/lib/ext/localedata.jar
7fcf6cc0c000-7fcf6cc60000 r-xp 00000000 08:02 13128828                   /usr/lib/jvm/java-8-oracle/jre/lib/amd64/libawt_xawt.so
7fcf6cc60000-7fcf6ce60000 ---p 00054000 08:02 13128828                   /usr/lib/jvm/java-8-oracle/jre/lib/amd64/libawt_xawt.so
7fcf6ce60000-7fcf6ce64000 rw-p 00054000 08:02 13128828                   /usr/lib/jvm/java-8-oracle/jre/lib/amd64/libawt_xawt.so
7fcf6ce64000-7fcf6ce65000 rw-p 00000000 00:00 0 
7fcf6ce65000-7fcf6cf07000 r-xp 00000000 08:02 13128854                   /usr/lib/jvm/java-8-oracle/jre/lib/amd64/libawt.so
7fcf6cf07000-7fcf6d107000 ---p 000a2000 08:02 13128854                   /usr/lib/jvm/java-8-oracle/jre/lib/amd64/libawt.so
7fcf6d107000-7fcf6d113000 rw-p 000a2000 08:02 13128854                   /usr/lib/jvm/java-8-oracle/jre/lib/amd64/libawt.so
7fcf6d113000-7fcf6d137000 rw-p 00000000 00:00 0 
7fcf6d137000-7fcf6d14a000 r--s 00149000 08:02 8265406                    /home/jojolepro/Prog/B2L/dist/lib/jme3-core-3.1.0-alpha1.jar
7fcf6d14a000-7fcf6d221000 r--s 013fb000 08:02 8265101                    /home/jojolepro/Prog/B2L/dist/lib/android.jar
7fcf6d221000-7fcf6d222000 ---p 00000000 00:00 0 
7fcf6d222000-7fcf6d322000 rw-p 00000000 00:00 0                          [stack:3271]
7fcf6d322000-7fcf6d325000 ---p 00000000 00:00 0 
7fcf6d325000-7fcf6d423000 rw-p 00000000 00:00 0                          [stack:3268]
7fcf6d423000-7fcf6d426000 ---p 00000000 00:00 0 
7fcf6d426000-7fcf6d524000 rw-p 00000000 00:00 0                          [stack:3267]
7fcf6d524000-7fcf6d527000 ---p 00000000 00:00 0 
7fcf6d527000-7fcf6d625000 rw-p 00000000 00:00 0                          [stack:3266]
7fcf6d625000-7fcf6d628000 ---p 00000000 00:00 0 
7fcf6d628000-7fcf6d726000 rw-p 00000000 00:00 0                          [stack:3265]
7fcf6d726000-7fcf6d729000 ---p 00000000 00:00 0 
7fcf6d729000-7fcf6d827000 rw-p 00000000 00:00 0                          [stack:3264]
7fcf6d827000-7fcf6d82a000 ---p 00000000 00:00 0 
7fcf6d82a000-7fcf6d928000 rw-p 00000000 00:00 0                          [stack:3263]
7fcf6d928000-7fcf6e00a000 r--p 00000000 08:02 12983415                   /usr/lib/locale/locale-archive
7fcf6e00a000-7fcf6e00d000 ---p 00000000 00:00 0 
7fcf6e00d000-7fcf6e10b000 rw-p 00000000 00:00 0                          [stack:3245]
7fcf6e10b000-7fcf6e10e000 ---p 00000000 00:00 0 
7fcf6e10e000-7fcf6e20c000 rw-p 00000000 00:00 0                          [stack:3244]
7fcf6e20c000-7fcf6e20d000 ---p 00000000 00:00 0 
7fcf6e20d000-7fcf6fe28000 rw-p 00000000 00:00 0                          [stack:3241]
7fcf6fe28000-7fcf70000000 r--s 03d1d000 08:02 13128747                   /usr/lib/jvm/java-8-oracle/jre/lib/rt.jar
7fcf70000000-7fcf70021000 rw-p 00000000 00:00 0 
7fcf70021000-7fcf74000000 ---p 00000000 00:00 0 
7fcf74000000-7fcf74003000 r--s 00024000 08:02 8265405                    /home/jojolepro/Prog/B2L/dist/lib/j-ogg-all-1.0.0.jar
7fcf74003000-7fcf74004000 r--s 00002000 08:02 8265404                    /home/jojolepro/Prog/B2L/dist/lib/jme3-jogg-3.1.0-alpha1.jar
7fcf74004000-7fcf74006000 r--s 00007000 08:02 8265403                    /home/jojolepro/Prog/B2L/dist/lib/jglfont-core-1.4.jar
7fcf74006000-7fcf74009000 r--s 00006000 08:02 8265402                    /home/jojolepro/Prog/B2L/dist/lib/jsr305-2.0.2.jar
7fcf74009000-7fcf7400c000 r--s 00012000 08:02 8265401                    /home/jojolepro/Prog/B2L/dist/lib/eventbus-1.4.jar
7fcf7400c000-7fcf7400f000 r--s 0001b000 08:02 8265400                    /home/jojolepro/Prog/B2L/dist/lib/xpp3-1.1.4c.jar
7fcf7400f000-7fcf74012000 r--s 00010000 08:02 8265399                    /home/jojolepro/Prog/B2L/dist/lib/nifty-style-black-1.4.1.jar
7fcf74012000-7fcf74019000 r--s 0003a000 08:02 8265398                    /home/jojolepro/Prog/B2L/dist/lib/nifty-default-controls-1.4.1.jar
7fcf74019000-7fcf74026000 r--s 00097000 08:02 8265397                    /home/jojolepro/Prog/B2L/dist/lib/nifty-1.4.1.jar
7fcf74026000-7fcf74028000 r--s 00008000 08:02 8265396                    /home/jojolepro/Prog/B2L/dist/lib/jme3-niftygui-3.1.0-alpha1.jar
7fcf74028000-7fcf74029000 r--s 004dd000 08:02 8265390                    /home/jojolepro/Prog/B2L/dist/lib/jme3-bullet-native-android-3.1.0-alpha1.jar
7fcf74029000-7fcf7402d000 r--s 00024000 08:02 8265389                    /home/jojolepro/Prog/B2L/dist/lib/jme3-networking-3.1.0-alpha1.jar
7fcf7402d000-7fcf74031000 r--s 00031000 08:02 8265385                    /home/jojolepro/Prog/B2L/dist/lib/jme3-plugins-3.1.0-alpha1.jar
7fcf74031000-7fcf74032000 r--s 006a1000 08:02 8265373                    /home/jojolepro/Prog/B2L/dist/lib/jme3-bullet-native-3.1.0-alpha1.jar
7fcf74032000-7fcf74034000 r--s 00006000 08:02 8265370                    /home/jojolepro/Prog/B2L/dist/lib/jme3-ios-3.1.0-alpha1.jar
7fcf74034000-7fcf75000000 rw-p 00000000 00:00 0 
7fcf75000000-7fcf752e0000 rwxp 00000000 00:00 0 
7fcf752e0000-7fcf84000000 ---p 00000000 00:00 0 
7fcf84000000-7fcf8484d000 rw-p 00000000 00:00 0 
7fcf8484d000-7fcf88000000 ---p 00000000 00:00 0 
7fcf88000000-7fcf88002000 r--s 0000e000 08:02 8265368                    /home/jojolepro/Prog/B2L/dist/lib/denseC64-0.27.jar
7fcf88002000-7fcf88003000 r--s 00002000 08:02 8265336                    /home/jojolepro/Prog/B2L/dist/lib/simple-0.27.jar
7fcf88003000-7fcf88008000 r--s 00041000 08:02 8265335                    /home/jojolepro/Prog/B2L/dist/lib/dense64-0.27.jar
7fcf88008000-7fcf8800a000 r--s 0000f000 08:02 8265333                    /home/jojolepro/Prog/B2L/dist/lib/core-0.27.jar
7fcf8800a000-7fcf88012000 r--s 0006a000 08:02 8265316                    /home/jojolepro/Prog/B2L/dist/lib/jme3-blender-3.1.0-alpha1.jar
7fcf88012000-7fcf88013000 r--s 00002000 08:02 8265269                    /home/jojolepro/Prog/B2L/dist/lib/jinput-platform-2.0.5-natives-osx.jar
7fcf88013000-7fcf88014000 r--s 00025000 08:02 8265265                    /home/jojolepro/Prog/B2L/dist/lib/jinput-platform-2.0.5-natives-windows.jar
7fcf88014000-7fcf88015000 r--s 00002000 08:02 8265264                    /home/jojolepro/Prog/B2L/dist/lib/jinput-platform-2.0.5-natives-linux.jar
7fcf88015000-7fcf88016000 r--s 00001000 08:02 8265234                    /home/jojolepro/Prog/B2L/dist/lib/jutils-1.0.0.jar
7fcf88016000-7fcf8801a000 r--s 0002f000 08:02 8265232                    /home/jojolepro/Prog/B2L/dist/lib/jinput-2.0.5.jar
7fcf8801a000-7fcf8801b000 r--s 00068000 08:02 8265230                    /home/jojolepro/Prog/B2L/dist/lib/lwjgl-platform-2.9.3-natives-osx.jar
7fcf8801b000-7fcf8801c000 r--s 0008d000 08:02 8265227                    /home/jojolepro/Prog/B2L/dist/lib/lwjgl-platform-2.9.3-natives-linux.jar
7fcf8801c000-7fcf8801d000 r--s 00095000 08:02 8265226                    /home/jojolepro/Prog/B2L/dist/lib/lwjgl-platform-2.9.3-natives-windows.jar
7fcf8801d000-7fcf8802c000 r--s 000f2000 08:02 8265225                    /home/jojolepro/Prog/B2L/dist/lib/lwjgl-2.9.3.jar
7fcf8802c000-7fcf8802e000 r--s 0000c000 08:02 8265224                    /home/jojolepro/Prog/B2L/dist/lib/jme3-lwjgl-3.1.0-alpha1.jar
7fcf8802e000-7fcf88031000 r--s 00025000 08:02 8265223                    /home/jojolepro/Prog/B2L/dist/lib/jme3-bullet-3.1.0-alpha1.jar
7fcf88031000-7fcf88035000 r--s 00029000 08:02 8263627                    /home/jojolepro/Prog/B2L/dist/lib/jme3-android-3.1.0-alpha1.jar
7fcf88035000-7fcf88038000 r--s 0003a000 08:02 8263626                    /home/jojolepro/Prog/B2L/dist/lib/jme3-desktop-3.1.0-alpha1.jar
7fcf88038000-7fcf88039000 r--s 00043000 08:02 8263624                    /home/jojolepro/Prog/B2L/dist/lib/vecmath-1.3.1.jar
7fcf88039000-7fcf8803a000 r--s 0000b000 08:02 8263621                    /home/jojolepro/Prog/B2L/dist/lib/stack-alloc.jar
7fcf8803a000-7fcf88043000 r--s 0007b000 08:02 8263620                    /home/jojolepro/Prog/B2L/dist/lib/jbullet.jar
7fcf88043000-7fcf88046000 r--s 00027000 08:02 8263619                    /home/jojolepro/Prog/B2L/dist/lib/jme3-jbullet-3.1.0-alpha1.jar
7fcf88046000-7fcf88047000 r--s 00201000 08:02 8263618                    /home/jojolepro/Prog/B2L/dist/lib/jme3-android-native-3.1.0-alpha1.jar
7fcf88047000-7fcf8804b000 r--s 00017000 08:02 8263617                    /home/jojolepro/Prog/B2L/dist/lib/JojoleproUtilsV0.2.3A.jar
7fcf8804b000-7fcf8804e000 r--s 00026000 08:02 8263616                    /home/jojolepro/Prog/B2L/dist/lib/jme3-terrain-3.1.0-alpha1.jar
7fcf8804e000-7fcf88051000 r--s 00080000 08:02 8263615                    /home/jojolepro/Prog/B2L/dist/lib/jme3-effects-3.1.0-alpha1.jar
7fcf88051000-7fcf88052000 r--s 0002b000 08:02 8263614                    /home/jojolepro/Prog/B2L/dist/lib/joal-2.3.1-natives-windows-i586.jar
7fcf88052000-7fcf88053000 r--s 0002d000 08:02 8263613                    /home/jojolepro/Prog/B2L/dist/lib/joal-2.3.1-natives-windows-amd64.jar
7fcf88053000-7fcf88054000 r--s 00001000 08:02 8263612                    /home/jojolepro/Prog/B2L/dist/lib/joal-2.3.1-natives-solaris-i586.jar
7fcf88054000-7fcf88055000 r--s 00002000 08:02 8263611                    /home/jojolepro/Prog/B2L/dist/lib/joal-2.3.1-natives-solaris-amd64.jar
7fcf88055000-7fcf88056000 r--s 0006f000 08:02 8263610                    /home/jojolepro/Prog/B2L/dist/lib/joal-2.3.1-natives-macosx-universal.jar
7fcf88056000-7fcf88057000 r--s 00030000 08:02 8263609                    /home/jojolepro/Prog/B2L/dist/lib/joal-2.3.1-natives-linux-i586.jar
7fcf88057000-7fcf88058000 r--s 00024000 08:02 8263608                    /home/jojolepro/Prog/B2L/dist/lib/joal-2.3.1-natives-linux-armv6hf.jar
7fcf88058000-7fcf88059000 r--s 00024000 08:02 8263607                    /home/jojolepro/Prog/B2L/dist/lib/joal-2.3.1-natives-linux-armv6.jar
7fcf88059000-7fcf8805a000 r--s 0002e000 08:02 8263606                    /home/jojolepro/Prog/B2L/dist/lib/joal-2.3.1-natives-linux-amd64.jar
7fcf8805a000-7fcf8805b000 r--s 00002000 08:02 8263605                    /home/jojolepro/Prog/B2L/dist/lib/joal-2.3.1-natives-android-armv6.jar
7fcf8805b000-7fcf8805c000 r--s 00002000 08:02 8263604                    /home/jojolepro/Prog/B2L/dist/lib/joal-2.3.1-natives-android-aarch64.jar
7fcf8805c000-7fcf8805d000 r--s 0000f000 08:02 8263603                    /home/jojolepro/Prog/B2L/dist/lib/joal-2.3.1.jar
7fcf8805d000-7fcf8805e000 r--s 00031000 08:02 8263602                    /home/jojolepro/Prog/B2L/dist/lib/jogl-all-2.3.1-natives-windows-i586.jar
7fcf8805e000-7fcf88060000 r--s 00038000 08:02 8263601                    /home/jojolepro/Prog/B2L/dist/lib/jogl-all-2.3.1-natives-windows-amd64.jar
7fcf88060000-7fcf88061000 r--s 00025000 08:02 8263600                    /home/jojolepro/Prog/B2L/dist/lib/jogl-all-2.3.1-natives-solaris-i586.jar
7fcf88061000-7fcf88062000 r--s 00033000 08:02 8263599                    /home/jojolepro/Prog/B2L/dist/lib/jogl-all-2.3.1-natives-solaris-amd64.jar
7fcf88062000-7fcf88127000 rw-p 00000000 00:00 0 
7fcf88127000-7fcf88128000 ---p 00000000 00:00 0 
7fcf88128000-7fcf88228000 rw-p 00000000 00:00 0                          [stack:3240]
7fcf88228000-7fcf88229000 ---p 00000000 00:00 0 
7fcf88229000-7fcf88329000 rw-p 00000000 00:00 0                          [stack:3239]
7fcf88329000-7fcf8832a000 ---p 00000000 00:00 0 
7fcf8832a000-7fcf8842a000 rw-p 00000000 00:00 0                          [stack:3238]
7fcf8842a000-7fcf8842b000 ---p 00000000 00:00 0 
7fcf8842b000-7fcf8852b000 rw-p 00000000 00:00 0                          [stack:3237]
7fcf8852b000-7fcf8852c000 ---p 00000000 00:00 0 
7fcf8852c000-7fcf8862c000 rw-p 00000000 00:00 0                          [stack:3236]
7fcf8862c000-7fcf8862d000 ---p 00000000 00:00 0 
7fcf8862d000-7fcf8872d000 rw-p 00000000 00:00 0                          [stack:3235]
7fcf8872d000-7fcf8872e000 ---p 00000000 00:00 0 
7fcf8872e000-7fcf8882e000 rw-p 00000000 00:00 0                          [stack:3234]
7fcf8882e000-7fcf8882f000 ---p 00000000 00:00 0 
7fcf8882f000-7fcf88983000 rw-p 00000000 00:00 0                          [stack:3233]
7fcf88983000-7fcf88e62000 ---p 00000000 00:00 0 
7fcf88e62000-7fcf88eb6000 rw-p 00000000 00:00 0 
7fcf88eb6000-7fcf89394000 ---p 00000000 00:00 0 
7fcf89394000-7fcf893bf000 rw-p 00000000 00:00 0 
7fcf893bf000-7fcf8962e000 ---p 00000000 00:00 0 
7fcf8962e000-7fcf8963b000 rw-p 00000000 00:00 0 
7fcf8963b000-7fcf899ef000 ---p 00000000 00:00 0 
7fcf899ef000-7fcf89a09000 r-xp 00000000 08:02 13128824                   /usr/lib/jvm/java-8-oracle/jre/lib/amd64/libzip.so
7fcf89a09000-7fcf89c09000 ---p 0001a000 08:02 13128824                   /usr/lib/jvm/java-8-oracle/jre/lib/amd64/libzip.so
7fcf89c09000-7fcf89c0a000 rw-p 0001a000 08:02 13128824                   /usr/lib/jvm/java-8-oracle/jre/lib/amd64/libzip.so
7fcf89c0a000-7fcf89c16000 r-xp 00000000 08:02 7079006                    /lib/x86_64-linux-gnu/libnss_files-2.21.so
7fcf89c16000-7fcf89e15000 ---p 0000c000 08:02 7079006                    /lib/x86_64-linux-gnu/libnss_files-2.21.so
7fcf89e15000-7fcf89e16000 r--p 0000b000 08:02 7079006                    /lib/x86_64-linux-gnu/libnss_files-2.21.so
7fcf89e16000-7fcf89e17000 rw-p 0000c000 08:02 7079006                    /lib/x86_64-linux-gnu/libnss_files-2.21.so
7fcf89e17000-7fcf89e22000 r-xp 00000000 08:02 7083812                    /lib/x86_64-linux-gnu/libnss_nis-2.21.so
7fcf89e22000-7fcf8a021000 ---p 0000b000 08:02 7083812                    /lib/x86_64-linux-gnu/libnss_nis-2.21.so
7fcf8a021000-7fcf8a022000 r--p 0000a000 08:02 7083812                    /lib/x86_64-linux-gnu/libnss_nis-2.21.so
7fcf8a022000-7fcf8a023000 rw-p 0000b000 08:02 7083812                    /lib/x86_64-linux-gnu/libnss_nis-2.21.so
7fcf8a023000-7fcf8a03a000 r-xp 00000000 08:02 7083806                    /lib/x86_64-linux-gnu/libnsl-2.21.so
7fcf8a03a000-7fcf8a239000 ---p 00017000 08:02 7083806                    /lib/x86_64-linux-gnu/libnsl-2.21.so
7fcf8a239000-7fcf8a23a000 r--p 00016000 08:02 7083806                    /lib/x86_64-linux-gnu/libnsl-2.21.so
7fcf8a23a000-7fcf8a23b000 rw-p 00017000 08:02 7083806                    /lib/x86_64-linux-gnu/libnsl-2.21.so
7fcf8a23b000-7fcf8a23d000 rw-p 00000000 00:00 0 
7fcf8a23d000-7fcf8a245000 r-xp 00000000 08:02 7079040                    /lib/x86_64-linux-gnu/libnss_compat-2.21.so
7fcf8a245000-7fcf8a444000 ---p 00008000 08:02 7079040                    /lib/x86_64-linux-gnu/libnss_compat-2.21.so
7fcf8a444000-7fcf8a445000 r--p 00007000 08:02 7079040                    /lib/x86_64-linux-gnu/libnss_compat-2.21.so
7fcf8a445000-7fcf8a446000 rw-p 00008000 08:02 7079040                    /lib/x86_64-linux-gnu/libnss_compat-2.21.so
7fcf8a446000-7fcf8a470000 r-xp 00000000 08:02 13128848                   /usr/lib/jvm/java-8-oracle/jre/lib/amd64/libjava.so
7fcf8a470000-7fcf8a670000 ---p 0002a000 08:02 13128848                   /usr/lib/jvm/java-8-oracle/jre/lib/amd64/libjava.so
7fcf8a670000-7fcf8a672000 rw-p 0002a000 08:02 13128848                   /usr/lib/jvm/java-8-oracle/jre/lib/amd64/libjava.so
7fcf8a672000-7fcf8a67f000 r-xp 00000000 08:02 13128804                   /usr/lib/jvm/java-8-oracle/jre/lib/amd64/libverify.so
7fcf8a67f000-7fcf8a87f000 ---p 0000d000 08:02 13128804                   /usr/lib/jvm/java-8-oracle/jre/lib/amd64/libverify.so
7fcf8a87f000-7fcf8a881000 rw-p 0000d000 08:02 13128804                   /usr/lib/jvm/java-8-oracle/jre/lib/amd64/libverify.so
7fcf8a881000-7fcf8a888000 r-xp 00000000 08:02 7078784                    /lib/x86_64-linux-gnu/librt-2.21.so
7fcf8a888000-7fcf8aa87000 ---p 00007000 08:02 7078784                    /lib/x86_64-linux-gnu/librt-2.21.so
7fcf8aa87000-7fcf8aa88000 r--p 00006000 08:02 7078784                    /lib/x86_64-linux-gnu/librt-2.21.so
7fcf8aa88000-7fcf8aa89000 rw-p 00007000 08:02 7078784                    /lib/x86_64-linux-gnu/librt-2.21.so
7fcf8aa89000-7fcf8ab90000 r-xp 00000000 08:02 7083814                    /lib/x86_64-linux-gnu/libm-2.21.so
7fcf8ab90000-7fcf8ad8f000 ---p 00107000 08:02 7083814                    /lib/x86_64-linux-gnu/libm-2.21.so
7fcf8ad8f000-7fcf8ad90000 r--p 00106000 08:02 7083814                    /lib/x86_64-linux-gnu/libm-2.21.so
7fcf8ad90000-7fcf8ad91000 rw-p 00107000 08:02 7083814                    /lib/x86_64-linux-gnu/libm-2.21.so
7fcf8ad91000-7fcf8ba50000 r-xp 00000000 08:02 13128858                   /usr/lib/jvm/java-8-oracle/jre/lib/amd64/server/libjvm.so
7fcf8ba50000-7fcf8bc4f000 ---p 00cbf000 08:02 13128858                   /usr/lib/jvm/java-8-oracle/jre/lib/amd64/server/libjvm.so
7fcf8bc4f000-7fcf8bd28000 rw-p 00cbe000 08:02 13128858                   /usr/lib/jvm/java-8-oracle/jre/lib/amd64/server/libjvm.so
7fcf8bd28000-7fcf8bd71000 rw-p 00000000 00:00 0 
7fcf8bd71000-7fcf8bf31000 r-xp 00000000 08:02 7083815                    /lib/x86_64-linux-gnu/libc-2.21.so
7fcf8bf31000-7fcf8c131000 ---p 001c0000 08:02 7083815                    /lib/x86_64-linux-gnu/libc-2.21.so
7fcf8c131000-7fcf8c135000 r--p 001c0000 08:02 7083815                    /lib/x86_64-linux-gnu/libc-2.21.so
7fcf8c135000-7fcf8c137000 rw-p 001c4000 08:02 7083815                    /lib/x86_64-linux-gnu/libc-2.21.so
7fcf8c137000-7fcf8c13b000 rw-p 00000000 00:00 0 
7fcf8c13b000-7fcf8c13e000 r-xp 00000000 08:02 7083811                    /lib/x86_64-linux-gnu/libdl-2.21.so
7fcf8c13e000-7fcf8c33d000 ---p 00003000 08:02 7083811                    /lib/x86_64-linux-gnu/libdl-2.21.so
7fcf8c33d000-7fcf8c33e000 r--p 00002000 08:02 7083811                    /lib/x86_64-linux-gnu/libdl-2.21.so
7fcf8c33e000-7fcf8c33f000 rw-p 00003000 08:02 7083811                    /lib/x86_64-linux-gnu/libdl-2.21.so
7fcf8c33f000-7fcf8c354000 r-xp 00000000 08:02 13128856                   /usr/lib/jvm/java-8-oracle/jre/lib/amd64/jli/libjli.so
7fcf8c354000-7fcf8c554000 ---p 00015000 08:02 13128856                   /usr/lib/jvm/java-8-oracle/jre/lib/amd64/jli/libjli.so
7fcf8c554000-7fcf8c555000 rw-p 00015000 08:02 13128856                   /usr/lib/jvm/java-8-oracle/jre/lib/amd64/jli/libjli.so
7fcf8c555000-7fcf8c56d000 r-xp 00000000 08:02 7079001                    /lib/x86_64-linux-gnu/libpthread-2.21.so
7fcf8c56d000-7fcf8c76d000 ---p 00018000 08:02 7079001                    /lib/x86_64-linux-gnu/libpthread-2.21.so
7fcf8c76d000-7fcf8c76e000 r--p 00018000 08:02 7079001                    /lib/x86_64-linux-gnu/libpthread-2.21.so
7fcf8c76e000-7fcf8c76f000 rw-p 00019000 08:02 7079001                    /lib/x86_64-linux-gnu/libpthread-2.21.so
7fcf8c76f000-7fcf8c773000 rw-p 00000000 00:00 0 
7fcf8c773000-7fcf8c797000 r-xp 00000000 08:02 7083809                    /lib/x86_64-linux-gnu/ld-2.21.so
7fcf8c797000-7fcf8c799000 r--s 0006c000 08:02 8263598                    /home/jojolepro/Prog/B2L/dist/lib/jogl-all-2.3.1-natives-macosx-universal.jar
7fcf8c799000-7fcf8c79a000 r--s 00032000 08:02 8263597                    /home/jojolepro/Prog/B2L/dist/lib/jogl-all-2.3.1-natives-linux-i586.jar
7fcf8c79a000-7fcf8c79b000 r--s 00026000 08:02 8263596                    /home/jojolepro/Prog/B2L/dist/lib/jogl-all-2.3.1-natives-linux-armv6hf.jar
7fcf8c79b000-7fcf8c79c000 r--s 00025000 08:02 8263595                    /home/jojolepro/Prog/B2L/dist/lib/jogl-all-2.3.1-natives-linux-armv6.jar
7fcf8c79c000-7fcf8c79d000 r--s 00034000 08:02 8263594                    /home/jojolepro/Prog/B2L/dist/lib/jogl-all-2.3.1-natives-linux-amd64.jar
7fcf8c79d000-7fcf8c7c0000 r--s 002fc000 08:02 8263591                    /home/jojolepro/Prog/B2L/dist/lib/jogl-all-2.3.1.jar
7fcf8c7c0000-7fcf8c869000 rw-p 00000000 00:00 0 
7fcf8c869000-7fcf8c86c000 ---p 00000000 00:00 0 
7fcf8c86c000-7fcf8c96e000 rw-p 00000000 00:00 0                          [stack:3232]
7fcf8c96e000-7fcf8c96f000 r--s 0000e000 08:02 8263593                    /home/jojolepro/Prog/B2L/dist/lib/jogl-all-2.3.1-natives-android-armv6.jar
7fcf8c96f000-7fcf8c970000 r--s 0000f000 08:02 8263592                    /home/jojolepro/Prog/B2L/dist/lib/jogl-all-2.3.1-natives-android-aarch64.jar
7fcf8c970000-7fcf8c971000 r--s 00001000 08:02 8263590                    /home/jojolepro/Prog/B2L/dist/lib/gluegen-rt-2.3.1-natives-windows-i586.jar
7fcf8c971000-7fcf8c972000 r--s 00001000 08:02 8263589                    /home/jojolepro/Prog/B2L/dist/lib/gluegen-rt-2.3.1-natives-windows-amd64.jar
7fcf8c972000-7fcf8c973000 r--s 00000000 08:02 8263588                    /home/jojolepro/Prog/B2L/dist/lib/gluegen-rt-2.3.1-natives-solaris-i586.jar
7fcf8c973000-7fcf8c974000 r--s 00001000 08:02 8263587                    /home/jojolepro/Prog/B2L/dist/lib/gluegen-rt-2.3.1-natives-solaris-amd64.jar
7fcf8c974000-7fcf8c975000 r--s 00001000 08:02 8263586                    /home/jojolepro/Prog/B2L/dist/lib/gluegen-rt-2.3.1-natives-macosx-universal.jar
7fcf8c975000-7fcf8c977000 r--s 00000000 08:02 8263585                    /home/jojolepro/Prog/B2L/dist/lib/gluegen-rt-2.3.1-natives-linux-i586.jar
7fcf8c977000-7fcf8c978000 r--s 00000000 08:02 8263584                    /home/jojolepro/Prog/B2L/dist/lib/gluegen-rt-2.3.1-natives-linux-armv6hf.jar
7fcf8c978000-7fcf8c979000 r--s 00000000 08:02 8263583                    /home/jojolepro/Prog/B2L/dist/lib/gluegen-rt-2.3.1-natives-linux-armv6.jar
7fcf8c979000-7fcf8c97b000 r--s 00000000 08:02 8263582                    /home/jojolepro/Prog/B2L/dist/lib/gluegen-rt-2.3.1-natives-linux-amd64.jar
7fcf8c97b000-7fcf8c97c000 r--s 00001000 08:02 8263581                    /home/jojolepro/Prog/B2L/dist/lib/gluegen-rt-2.3.1-natives-android-armv6.jar
7fcf8c97c000-7fcf8c97d000 r--s 00000000 08:02 8263580                    /home/jojolepro/Prog/B2L/dist/lib/gluegen-rt-2.3.1-natives-android-aarch64.jar
7fcf8c97d000-7fcf8c983000 r--s 0004a000 08:02 8263578                    /home/jojolepro/Prog/B2L/dist/lib/gluegen-rt-2.3.1.jar
7fcf8c983000-7fcf8c984000 r--s 00000000 08:02 8258876                    /home/jojolepro/Prog/B2L/dist/lib/joal-main-2.3.1.jar
7fcf8c984000-7fcf8c985000 r--s 00000000 08:02 8258874                    /home/jojolepro/Prog/B2L/dist/lib/jogl-all-main-2.3.1.jar
7fcf8c985000-7fcf8c986000 r--s 00000000 08:02 8258873                    /home/jojolepro/Prog/B2L/dist/lib/gluegen-rt-main-2.3.1.jar
7fcf8c986000-7fcf8c988000 r--s 00013000 08:02 8258872                    /home/jojolepro/Prog/B2L/dist/lib/jme3-jogl-3.1.0-alpha1.jar
7fcf8c988000-7fcf8c98a000 r--s 0002d000 08:02 8265408                    /home/jojolepro/Prog/B2L/dist/MyGame.jar
7fcf8c98a000-7fcf8c992000 rw-s 00000000 08:02 2359429                    /tmp/hsperfdata_jojolepro/3231
7fcf8c992000-7fcf8c993000 rw-p 00000000 00:00 0 
7fcf8c993000-7fcf8c994000 r--p 00000000 00:00 0 
7fcf8c994000-7fcf8c996000 rw-p 00000000 00:00 0 
7fcf8c996000-7fcf8c997000 r--p 00023000 08:02 7083809                    /lib/x86_64-linux-gnu/ld-2.21.so
7fcf8c997000-7fcf8c998000 rw-p 00024000 08:02 7083809                    /lib/x86_64-linux-gnu/ld-2.21.so
7fcf8c998000-7fcf8c999000 rw-p 00000000 00:00 0 
7fffbd90f000-7fffbd930000 rw-p 00000000 00:00 0                          [stack]
7fffbd9e5000-7fffbd9e7000 r--p 00000000 00:00 0                          [vvar]
7fffbd9e7000-7fffbd9e9000 r-xp 00000000 00:00 0                          [vdso]
ffffffffff600000-ffffffffff601000 r-xp 00000000 00:00 0                  [vsyscall]

VM Arguments:
java_command: ./dist/MyGame.jar
java_class_path (initial): ./dist/MyGame.jar
Launcher Type: SUN_STANDARD

Environment Variables:
JAVA_HOME=/usr/lib/jvm/java-8-oracle
PATH=/usr/local/sbin:/usr/local/bin:/usr/sbin:/usr/bin:/sbin:/bin:/usr/games:/usr/local/games:/usr/lib/jvm/java-8-oracle/bin:/usr/lib/jvm/java-8-oracle/db/bin:/usr/lib/jvm/java-8-oracle/jre/bin
SHELL=/bin/bash
DISPLAY=:0

Signal Handlers:
SIGSEGV: [libjvm.so+0xabb070], sa_mask[0]=11111111011111111101111111111110, sa_flags=SA_RESTART|SA_SIGINFO
SIGBUS: [libjvm.so+0xabb070], sa_mask[0]=11111111011111111101111111111110, sa_flags=SA_RESTART|SA_SIGINFO
SIGFPE: [libjvm.so+0x918480], sa_mask[0]=11111111011111111101111111111110, sa_flags=SA_RESTART|SA_SIGINFO
SIGPIPE: SIG_IGN, sa_mask[0]=00000000000010000000000000000000, sa_flags=SA_RESTART
SIGXFSZ: [libjvm.so+0x918480], sa_mask[0]=11111111011111111101111111111110, sa_flags=SA_RESTART|SA_SIGINFO
SIGILL: [libjvm.so+0x918480], sa_mask[0]=11111111011111111101111111111110, sa_flags=SA_RESTART|SA_SIGINFO
SIGUSR1: SIG_DFL, sa_mask[0]=00000000000000000000000000000000, sa_flags=none
SIGUSR2: [libjvm.so+0x919ab0], sa_mask[0]=00000000000000000000000000000000, sa_flags=SA_RESTART|SA_SIGINFO
SIGHUP: [libjvm.so+0x91aeb0], sa_mask[0]=11111111011111111101111111111110, sa_flags=SA_RESTART|SA_SIGINFO
SIGINT: [libjvm.so+0x91aeb0], sa_mask[0]=11111111011111111101111111111110, sa_flags=SA_RESTART|SA_SIGINFO
SIGTERM: [libjvm.so+0x91aeb0], sa_mask[0]=11111111011111111101111111111110, sa_flags=SA_RESTART|SA_SIGINFO
SIGQUIT: [libjvm.so+0x91aeb0], sa_mask[0]=11111111011111111101111111111110, sa_flags=SA_RESTART|SA_SIGINFO


---------------  S Y S T E M  ---------------

OS:DISTRIB_ID=Ubuntu
DISTRIB_RELEASE=15.10
DISTRIB_CODENAME=wily
DISTRIB_DESCRIPTION="Ubuntu 15.10"

uname:Linux 4.2.0-34-generic #39-Ubuntu SMP Thu Mar 10 22:13:01 UTC 2016 x86_64
libc:glibc 2.21 NPTL 2.21 
rlimit: STACK 8192k, CORE 0k, NPROC 63183, NOFILE 65536, AS infinity
load average:0.42 0.25 0.22

/proc/meminfo:
MemTotal:       16343220 kB
MemFree:        12689364 kB
MemAvailable:   13728980 kB
Buffers:           89540 kB
Cached:          1032344 kB
SwapCached:            0 kB
Active:          2735816 kB
Inactive:         651460 kB
Active(anon):    2266628 kB
Inactive(anon):    75400 kB
Active(file):     469188 kB
Inactive(file):   576060 kB
Unevictable:          32 kB
Mlocked:              32 kB
SwapTotal:      16687100 kB
SwapFree:       16687100 kB
Dirty:             56624 kB
Writeback:             0 kB
AnonPages:       2271836 kB
Mapped:           299240 kB
Shmem:             76528 kB
Slab:              94096 kB
SReclaimable:      54752 kB
SUnreclaim:        39344 kB
KernelStack:       10016 kB
PageTables:        33872 kB
NFS_Unstable:          0 kB
Bounce:                0 kB
WritebackTmp:          0 kB
CommitLimit:    24858708 kB
Committed_AS:    6876200 kB
VmallocTotal:   34359738367 kB
VmallocUsed:      636768 kB
VmallocChunk:   34358423548 kB
HardwareCorrupted:     0 kB
AnonHugePages:   1384448 kB
CmaTotal:              0 kB
CmaFree:               0 kB
HugePages_Total:       0
HugePages_Free:        0
HugePages_Rsvd:        0
HugePages_Surp:        0
Hugepagesize:       2048 kB
DirectMap4k:      187136 kB
DirectMap2M:     4966400 kB
DirectMap1G:    12582912 kB


CPU:total 8 (4 cores per cpu, 2 threads per core) family 6 model 60 stepping 3, cmov, cx8, fxsr, mmx, sse, sse2, sse3, ssse3, sse4.1, sse4.2, popcnt, avx, avx2, aes, clmul, erms, lzcnt, ht, tsc, tscinvbit, bmi1, bmi2

/proc/cpuinfo:
processor	: 0
vendor_id	: GenuineIntel
cpu family	: 6
model		: 60
model name	: Intel(R) Core(TM) i7-4700HQ CPU @ 2.40GHz
stepping	: 3
microcode	: 0x1a
cpu MHz		: 3199.968
cache size	: 6144 KB
physical id	: 0
siblings	: 8
core id		: 0
cpu cores	: 4
apicid		: 0
initial apicid	: 0
fpu		: yes
fpu_exception	: yes
cpuid level	: 13
wp		: yes
flags		: fpu vme de pse tsc msr pae mce cx8 apic sep mtrr pge mca cmov pat pse36 clflush dts acpi mmx fxsr sse sse2 ss ht tm pbe syscall nx pdpe1gb rdtscp lm constant_tsc arch_perfmon pebs bts rep_good nopl xtopology nonstop_tsc aperfmperf eagerfpu pni pclmulqdq dtes64 monitor ds_cpl vmx est tm2 ssse3 fma cx16 xtpr pdcm pcid sse4_1 sse4_2 x2apic movbe popcnt tsc_deadline_timer aes xsave avx f16c rdrand lahf_lm abm ida arat epb pln pts dtherm tpr_shadow vnmi flexpriority ept vpid fsgsbase tsc_adjust bmi1 avx2 smep bmi2 erms invpcid xsaveopt
bugs		:
bogomips	: 4789.27
clflush size	: 64
cache_alignment	: 64
address sizes	: 39 bits physical, 48 bits virtual
power management:

processor	: 1
vendor_id	: GenuineIntel
cpu family	: 6
model		: 60
model name	: Intel(R) Core(TM) i7-4700HQ CPU @ 2.40GHz
stepping	: 3
microcode	: 0x1a
cpu MHz		: 3199.968
cache size	: 6144 KB
physical id	: 0
siblings	: 8
core id		: 0
cpu cores	: 4
apicid		: 1
initial apicid	: 1
fpu		: yes
fpu_exception	: yes
cpuid level	: 13
wp		: yes
flags		: fpu vme de pse tsc msr pae mce cx8 apic sep mtrr pge mca cmov pat pse36 clflush dts acpi mmx fxsr sse sse2 ss ht tm pbe syscall nx pdpe1gb rdtscp lm constant_tsc arch_perfmon pebs bts rep_good nopl xtopology nonstop_tsc aperfmperf eagerfpu pni pclmulqdq dtes64 monitor ds_cpl vmx est tm2 ssse3 fma cx16 xtpr pdcm pcid sse4_1 sse4_2 x2apic movbe popcnt tsc_deadline_timer aes xsave avx f16c rdrand lahf_lm abm ida arat epb pln pts dtherm tpr_shadow vnmi flexpriority ept vpid fsgsbase tsc_adjust bmi1 avx2 smep bmi2 erms invpcid xsaveopt
bugs		:
bogomips	: 4789.27
clflush size	: 64
cache_alignment	: 64
address sizes	: 39 bits physical, 48 bits virtual
power management:

processor	: 2
vendor_id	: GenuineIntel
cpu family	: 6
model		: 60
model name	: Intel(R) Core(TM) i7-4700HQ CPU @ 2.40GHz
stepping	: 3
microcode	: 0x1a
cpu MHz		: 3199.968
cache size	: 6144 KB
physical id	: 0
siblings	: 8
core id		: 1
cpu cores	: 4
apicid		: 2
initial apicid	: 2
fpu		: yes
fpu_exception	: yes
cpuid level	: 13
wp		: yes
flags		: fpu vme de pse tsc msr pae mce cx8 apic sep mtrr pge mca cmov pat pse36 clflush dts acpi mmx fxsr sse sse2 ss ht tm pbe syscall nx pdpe1gb rdtscp lm constant_tsc arch_perfmon pebs bts rep_good nopl xtopology nonstop_tsc aperfmperf eagerfpu pni pclmulqdq dtes64 monitor ds_cpl vmx est tm2 ssse3 fma cx16 xtpr pdcm pcid sse4_1 sse4_2 x2apic movbe popcnt tsc_deadline_timer aes xsave avx f16c rdrand lahf_lm abm ida arat epb pln pts dtherm tpr_shadow vnmi flexpriority ept vpid fsgsbase tsc_adjust bmi1 avx2 smep bmi2 erms invpcid xsaveopt
bugs		:
bogomips	: 4789.27
clflush size	: 64
cache_alignment	: 64
address sizes	: 39 bits physical, 48 bits virtual
power management:

processor	: 3
vendor_id	: GenuineIntel
cpu family	: 6
model		: 60
model name	: Intel(R) Core(TM) i7-4700HQ CPU @ 2.40GHz
stepping	: 3
microcode	: 0x1a
cpu MHz		: 3199.968
cache size	: 6144 KB
physical id	: 0
siblings	: 8
core id		: 1
cpu cores	: 4
apicid		: 3
initial apicid	: 3
fpu		: yes
fpu_exception	: yes
cpuid level	: 13
wp		: yes
flags		: fpu vme de pse tsc msr pae mce cx8 apic sep mtrr pge mca cmov pat pse36 clflush dts acpi mmx fxsr sse sse2 ss ht tm pbe syscall nx pdpe1gb rdtscp lm constant_tsc arch_perfmon pebs bts rep_good nopl xtopology nonstop_tsc aperfmperf eagerfpu pni pclmulqdq dtes64 monitor ds_cpl vmx est tm2 ssse3 fma cx16 xtpr pdcm pcid sse4_1 sse4_2 x2apic movbe popcnt tsc_deadline_timer aes xsave avx f16c rdrand lahf_lm abm ida arat epb pln pts dtherm tpr_shadow vnmi flexpriority ept vpid fsgsbase tsc_adjust bmi1 avx2 smep bmi2 erms invpcid xsaveopt
bugs		:
bogomips	: 4789.27
clflush size	: 64
cache_alignment	: 64
address sizes	: 39 bits physical, 48 bits virtual
power management:

processor	: 4
vendor_id	: GenuineIntel
cpu family	: 6
model		: 60
model name	: Intel(R) Core(TM) i7-4700HQ CPU @ 2.40GHz
stepping	: 3
microcode	: 0x1a
cpu MHz		: 3199.968
cache size	: 6144 KB
physical id	: 0
siblings	: 8
core id		: 2
cpu cores	: 4
apicid		: 4
initial apicid	: 4
fpu		: yes
fpu_exception	: yes
cpuid level	: 13
wp		: yes
flags		: fpu vme de pse tsc msr pae mce cx8 apic sep mtrr pge mca cmov pat pse36 clflush dts acpi mmx fxsr sse sse2 ss ht tm pbe syscall nx pdpe1gb rdtscp lm constant_tsc arch_perfmon pebs bts rep_good nopl xtopology nonstop_tsc aperfmperf eagerfpu pni pclmulqdq dtes64 monitor ds_cpl vmx est tm2 ssse3 fma cx16 xtpr pdcm pcid sse4_1 sse4_2 x2apic movbe popcnt tsc_deadline_timer aes xsave avx f16c rdrand lahf_lm abm ida arat epb pln pts dtherm tpr_shadow vnmi flexpriority ept vpid fsgsbase tsc_adjust bmi1 avx2 smep bmi2 erms invpcid xsaveopt
bugs		:
bogomips	: 4789.27
clflush size	: 64
cache_alignment	: 64
address sizes	: 39 bits physical, 48 bits virtual
power management:

processor	: 5
vendor_id	: GenuineIntel
cpu family	: 6
model		: 60
model name	: Intel(R) Core(TM) i7-4700HQ CPU @ 2.40GHz
stepping	: 3
microcode	: 0x1a
cpu MHz		: 3199.968
cache size	: 6144 KB
physical id	: 0
siblings	: 8
core id		: 2
cpu cores	: 4
apicid		: 5
initial apicid	: 5
fpu		: yes
fpu_exception	: yes
cpuid level	: 13
wp		: yes
flags		: fpu vme de pse tsc msr pae mce cx8 apic sep mtrr pge mca cmov pat pse36 clflush dts acpi mmx fxsr sse sse2 ss ht tm pbe syscall nx pdpe1gb rdtscp lm constant_tsc arch_perfmon pebs bts rep_good nopl xtopology nonstop_tsc aperfmperf eagerfpu pni pclmulqdq dtes64 monitor ds_cpl vmx est tm2 ssse3 fma cx16 xtpr pdcm pcid sse4_1 sse4_2 x2apic movbe popcnt tsc_deadline_timer aes xsave avx f16c rdrand lahf_lm abm ida arat epb pln pts dtherm tpr_shadow vnmi flexpriority ept vpid fsgsbase tsc_adjust bmi1 avx2 smep bmi2 erms invpcid xsaveopt
bugs		:
bogomips	: 4789.27
clflush size	: 64
cache_alignment	: 64
address sizes	: 39 bits physical, 48 bits virtual
power management:

processor	: 6
vendor_id	: GenuineIntel
cpu family	: 6
model		: 60
model name	: Intel(R) Core(TM) i7-4700HQ CPU @ 2.40GHz
stepping	: 3
microcode	: 0x1a
cpu MHz		: 3199.968
cache size	: 6144 KB
physical id	: 0
siblings	: 8
core id		: 3
cpu cores	: 4
apicid		: 6
initial apicid	: 6
fpu		: yes
fpu_exception	: yes
cpuid level	: 13
wp		: yes
flags		: fpu vme de pse tsc msr pae mce cx8 apic sep mtrr pge mca cmov pat pse36 clflush dts acpi mmx fxsr sse sse2 ss ht tm pbe syscall nx pdpe1gb rdtscp lm constant_tsc arch_perfmon pebs bts rep_good nopl xtopology nonstop_tsc aperfmperf eagerfpu pni pclmulqdq dtes64 monitor ds_cpl vmx est tm2 ssse3 fma cx16 xtpr pdcm pcid sse4_1 sse4_2 x2apic movbe popcnt tsc_deadline_timer aes xsave avx f16c rdrand lahf_lm abm ida arat epb pln pts dtherm tpr_shadow vnmi flexpriority ept vpid fsgsbase tsc_adjust bmi1 avx2 smep bmi2 erms invpcid xsaveopt
bugs		:
bogomips	: 4789.27
clflush size	: 64
cache_alignment	: 64
address sizes	: 39 bits physical, 48 bits virtual
power management:

processor	: 7
vendor_id	: GenuineIntel
cpu family	: 6
model		: 60
model name	: Intel(R) Core(TM) i7-4700HQ CPU @ 2.40GHz
stepping	: 3
microcode	: 0x1a
cpu MHz		: 3199.968
cache size	: 6144 KB
physical id	: 0
siblings	: 8
core id		: 3
cpu cores	: 4
apicid		: 7
initial apicid	: 7
fpu		: yes
fpu_exception	: yes
cpuid level	: 13
wp		: yes
flags		: fpu vme de pse tsc msr pae mce cx8 apic sep mtrr pge mca cmov pat pse36 clflush dts acpi mmx fxsr sse sse2 ss ht tm pbe syscall nx pdpe1gb rdtscp lm constant_tsc arch_perfmon pebs bts rep_good nopl xtopology nonstop_tsc aperfmperf eagerfpu pni pclmulqdq dtes64 monitor ds_cpl vmx est tm2 ssse3 fma cx16 xtpr pdcm pcid sse4_1 sse4_2 x2apic movbe popcnt tsc_deadline_timer aes xsave avx f16c rdrand lahf_lm abm ida arat epb pln pts dtherm tpr_shadow vnmi flexpriority ept vpid fsgsbase tsc_adjust bmi1 avx2 smep bmi2 erms invpcid xsaveopt
bugs		:
bogomips	: 4789.27
clflush size	: 64
cache_alignment	: 64
address sizes	: 39 bits physical, 48 bits virtual
power management:



Memory: 4k page, physical 16343220k(12689364k free), swap 16687100k(16687100k free)

vm_info: Java HotSpot(TM) 64-Bit Server VM (25.74-b02) for linux-amd64 JRE (1.8.0_74-b02), built on Jan 29 2016 19:20:56 by "java_re" with gcc 4.3.0 20080428 (Red Hat 4.3.0-8)

time: Thu Mar 17 13:33:13 2016
elapsed time: 0 seconds (0d 0h 0m 0s)

